CONTAINER      NAME                                                                                                    CPU %     MEM USAGE / LIMIT     NET I/O           BLOCK I/O         PIDS
d0d7d1243640   dev-peer0.org2.example.com-basic_1.0-5888a1b6a788a537cf2b46cb928c59bbb52e5df079b509a9f561584935c51671   4.00%     11.38MiB / 2GiB       5.41MB / 2.82MB   0B / 0B           9
8edfc6e3bab9   dev-peer0.org1.example.com-basic_1.0-5888a1b6a788a537cf2b46cb928c59bbb52e5df079b509a9f561584935c51671   2.15%     8.559MiB / 2GiB       1.99MB / 1.38MB   8.19kB / 0B       7
38a91a5e521b   dev-peer3.org1.example.com-basic_1.0-5888a1b6a788a537cf2b46cb928c59bbb52e5df079b509a9f561584935c51671   2.96%     8.047MiB / 2GiB       1.36MB / 635kB    0B / 0B           8
1dcb238ff873   dev-peer1.org1.example.com-basic_1.0-5888a1b6a788a537cf2b46cb928c59bbb52e5df079b509a9f561584935c51671   2.19%     7.988MiB / 2GiB       1.21MB / 562kB    0B / 0B           7
1a00a97eefae   dev-peer2.org1.example.com-basic_1.0-5888a1b6a788a537cf2b46cb928c59bbb52e5df079b509a9f561584935c51671   2.10%     8.371MiB / 2GiB       1.34MB / 615kB    0B / 0B           8
e368eeac52a9   peer3.org1.example.com                                                                                  34.50%    126MiB / 11.57GiB     61.7MB / 47.7MB   1.68MB / 44.7MB   13
5a3b44a74e0d   peer2.org1.example.com                                                                                  23.82%    141.7MiB / 11.57GiB   59.2MB / 48.9MB   61.4kB / 17.6MB   12
f52bcfec683a   peer1.org1.example.com                                                                                  28.29%    119.1MiB / 11.57GiB   58.3MB / 47.9MB   168kB / 17.9MB    12
2298505756fe   cli                                                                                                     0.00%     12.11MiB / 11.57GiB   109kB / 17.5kB    14.5MB / 336kB    1
fb36a2f9286f   peer0.org2.example.com                                                                                  18.69%    100.7MiB / 11.57GiB   28.9MB / 18.7MB   12.8MB / 14.1MB   13
4e91c5796a73   peer0.org1.example.com                                                                                  14.84%    130.4MiB / 11.57GiB   60.6MB / 60.5MB   16.5MB / 14.5MB   12
4dcc78dc2550   couchdb0                                                                                                16.80%    74.53MiB / 11.57GiB   1.34MB / 1.34MB   15.8MB / 10.6MB   42
c3d37a692212   couchdb1                                                                                                24.24%    75.55MiB / 11.57GiB   1.94MB / 2.01MB   12.6MB / 10.4MB   42
acbdacfc7222   orderer.example.com                                                                                     14.12%    63.36MiB / 11.57GiB   11.8MB / 52.2MB   19.6MB / 22.7MB   14
ff0305c4c2b6   ca_orderer                                                                                              0.00%     7.02MiB / 11.57GiB    23.2kB / 27.2kB   598kB / 659kB     8
271d8fb0e207   ca_org2                                                                                                 0.00%     7.133MiB / 11.57GiB   27.5kB / 35.5kB   573kB / 737kB     8
1a78b71dfe73   ca_org1                                                                                                 0.00%     7.715MiB / 11.57GiB   46.7kB / 77.7kB   23.2MB / 1.13MB   7
CONTAINER      NAME                                                                                                    CPU %     MEM USAGE / LIMIT     NET I/O           BLOCK I/O         PIDS
d0d7d1243640   dev-peer0.org2.example.com-basic_1.0-5888a1b6a788a537cf2b46cb928c59bbb52e5df079b509a9f561584935c51671   7.21%     13.63MiB / 2GiB       6.59MB / 3.15MB   0B / 0B           9
8edfc6e3bab9   dev-peer0.org1.example.com-basic_1.0-5888a1b6a788a537cf2b46cb928c59bbb52e5df079b509a9f561584935c51671   3.92%     8.508MiB / 2GiB       2.33MB / 1.52MB   8.19kB / 0B       8
38a91a5e521b   dev-peer3.org1.example.com-basic_1.0-5888a1b6a788a537cf2b46cb928c59bbb52e5df079b509a9f561584935c51671   1.68%     8.059MiB / 2GiB       1.63MB / 745kB    0B / 0B           8
1dcb238ff873   dev-peer1.org1.example.com-basic_1.0-5888a1b6a788a537cf2b46cb928c59bbb52e5df079b509a9f561584935c51671   2.09%     8.094MiB / 2GiB       1.53MB / 688kB    0B / 0B           7
1a00a97eefae   dev-peer2.org1.example.com-basic_1.0-5888a1b6a788a537cf2b46cb928c59bbb52e5df079b509a9f561584935c51671   2.17%     8.191MiB / 2GiB       1.64MB / 742kB    0B / 0B           8
e368eeac52a9   peer3.org1.example.com                                                                                  25.63%    134MiB / 11.57GiB     73MB / 57.9MB     1.68MB / 47.7MB   13
5a3b44a74e0d   peer2.org1.example.com                                                                                  30.47%    135.4MiB / 11.57GiB   70.6MB / 58.9MB   61.4kB / 21MB     12
f52bcfec683a   peer1.org1.example.com                                                                                  27.39%    115.6MiB / 11.57GiB   69.7MB / 58.6MB   168kB / 21.3MB    12
2298505756fe   cli                                                                                                     0.00%     12.11MiB / 11.57GiB   109kB / 17.5kB    14.5MB / 336kB    1
fb36a2f9286f   peer0.org2.example.com                                                                                  23.06%    113MiB / 11.57GiB     30.9MB / 21MB     12.8MB / 14.2MB   14
4e91c5796a73   peer0.org1.example.com                                                                                  15.25%    134.6MiB / 11.57GiB   71.3MB / 68.9MB   16.5MB / 14.9MB   12
4dcc78dc2550   couchdb0                                                                                                17.62%    74.97MiB / 11.57GiB   1.42MB / 1.42MB   15.8MB / 11MB     42
c3d37a692212   couchdb1                                                                                                32.25%    83.58MiB / 11.57GiB   2.17MB / 2.24MB   12.6MB / 10.5MB   42
acbdacfc7222   orderer.example.com                                                                                     12.08%    69.12MiB / 11.57GiB   14.7MB / 61.9MB   19.6MB / 28.7MB   14
ff0305c4c2b6   ca_orderer                                                                                              0.00%     7.02MiB / 11.57GiB    23.2kB / 27.2kB   598kB / 659kB     8
271d8fb0e207   ca_org2                                                                                                 0.00%     7.133MiB / 11.57GiB   27.5kB / 35.5kB   573kB / 737kB     8
1a78b71dfe73   ca_org1                                                                                                 0.00%     7.715MiB / 11.57GiB   46.7kB / 77.7kB   23.2MB / 1.13MB   7
CONTAINER      NAME                                                                                                    CPU %     MEM USAGE / LIMIT     NET I/O           BLOCK I/O         PIDS
d0d7d1243640   dev-peer0.org2.example.com-basic_1.0-5888a1b6a788a537cf2b46cb928c59bbb52e5df079b509a9f561584935c51671   6.46%     12.23MiB / 2GiB       7.77MB / 3.54MB   0B / 0B           9
8edfc6e3bab9   dev-peer0.org1.example.com-basic_1.0-5888a1b6a788a537cf2b46cb928c59bbb52e5df079b509a9f561584935c51671   2.36%     8.383MiB / 2GiB       2.7MB / 1.66MB    8.19kB / 0B       8
38a91a5e521b   dev-peer3.org1.example.com-basic_1.0-5888a1b6a788a537cf2b46cb928c59bbb52e5df079b509a9f561584935c51671   2.59%     8.109MiB / 2GiB       1.94MB / 875kB    0B / 0B           8
1dcb238ff873   dev-peer1.org1.example.com-basic_1.0-5888a1b6a788a537cf2b46cb928c59bbb52e5df079b509a9f561584935c51671   1.87%     8.031MiB / 2GiB       1.78MB / 790kB    0B / 0B           7
1a00a97eefae   dev-peer2.org1.example.com-basic_1.0-5888a1b6a788a537cf2b46cb928c59bbb52e5df079b509a9f561584935c51671   2.24%     8.23MiB / 2GiB        1.95MB / 865kB    0B / 0B           8
e368eeac52a9   peer3.org1.example.com                                                                                  28.83%    137.5MiB / 11.57GiB   87.3MB / 71MB     1.68MB / 51.3MB   13
5a3b44a74e0d   peer2.org1.example.com                                                                                  31.53%    148.7MiB / 11.57GiB   86.5MB / 75.3MB   61.4kB / 23.9MB   13
f52bcfec683a   peer1.org1.example.com                                                                                  28.38%    131.7MiB / 11.57GiB   85.5MB / 72.8MB   168kB / 24.4MB    15
2298505756fe   cli                                                                                                     0.00%     12.11MiB / 11.57GiB   109kB / 17.5kB    14.5MB / 336kB    1
fb36a2f9286f   peer0.org2.example.com                                                                                  20.91%    122.3MiB / 11.57GiB   32.9MB / 23.7MB   12.8MB / 14.4MB   14
4e91c5796a73   peer0.org1.example.com                                                                                  14.20%    137MiB / 11.57GiB     85.7MB / 78.1MB   16.5MB / 15.3MB   12
4dcc78dc2550   couchdb0                                                                                                20.75%    75.34MiB / 11.57GiB   1.51MB / 1.52MB   15.8MB / 11.3MB   42
c3d37a692212   couchdb1                                                                                                24.37%    89.34MiB / 11.57GiB   2.42MB / 2.54MB   12.6MB / 10.6MB   42
acbdacfc7222   orderer.example.com                                                                                     12.95%    84.91MiB / 11.57GiB   18.3MB / 72.7MB   19.6MB / 36.2MB   14
ff0305c4c2b6   ca_orderer                                                                                              0.00%     7.02MiB / 11.57GiB    23.2kB / 27.2kB   598kB / 659kB     8
271d8fb0e207   ca_org2                                                                                                 0.00%     7.133MiB / 11.57GiB   27.5kB / 35.5kB   573kB / 737kB     8
1a78b71dfe73   ca_org1                                                                                                 0.00%     7.715MiB / 11.57GiB   46.7kB / 77.7kB   23.2MB / 1.13MB   7
CONTAINER      NAME                                                                                                    CPU %     MEM USAGE / LIMIT     NET I/O           BLOCK I/O         PIDS
d0d7d1243640   dev-peer0.org2.example.com-basic_1.0-5888a1b6a788a537cf2b46cb928c59bbb52e5df079b509a9f561584935c51671   7.83%     13.82MiB / 2GiB       8.81MB / 3.89MB   0B / 0B           9
8edfc6e3bab9   dev-peer0.org1.example.com-basic_1.0-5888a1b6a788a537cf2b46cb928c59bbb52e5df079b509a9f561584935c51671   3.02%     8.172MiB / 2GiB       3.03MB / 1.8MB    8.19kB / 0B       8
38a91a5e521b   dev-peer3.org1.example.com-basic_1.0-5888a1b6a788a537cf2b46cb928c59bbb52e5df079b509a9f561584935c51671   2.31%     8.516MiB / 2GiB       2.26MB / 1.01MB   0B / 0B           8
1dcb238ff873   dev-peer1.org1.example.com-basic_1.0-5888a1b6a788a537cf2b46cb928c59bbb52e5df079b509a9f561584935c51671   2.58%     8.059MiB / 2GiB       2.17MB / 957kB    0B / 0B           7
1a00a97eefae   dev-peer2.org1.example.com-basic_1.0-5888a1b6a788a537cf2b46cb928c59bbb52e5df079b509a9f561584935c51671   2.44%     8.07MiB / 2GiB        2.26MB / 992kB    0B / 0B           8
e368eeac52a9   peer3.org1.example.com                                                                                  31.98%    135MiB / 11.57GiB     99.6MB / 82.7MB   1.68MB / 54.9MB   13
5a3b44a74e0d   peer2.org1.example.com                                                                                  28.15%    141.5MiB / 11.57GiB   99.3MB / 88.7MB   61.4kB / 27.3MB   13
f52bcfec683a   peer1.org1.example.com                                                                                  25.50%    124.4MiB / 11.57GiB   96.1MB / 83.4MB   168kB / 28.3MB    15
2298505756fe   cli                                                                                                     0.00%     12.11MiB / 11.57GiB   109kB / 17.5kB    14.5MB / 336kB    1
fb36a2f9286f   peer0.org2.example.com                                                                                  24.55%    122MiB / 11.57GiB     34.7MB / 26MB     12.8MB / 14.6MB   14
4e91c5796a73   peer0.org1.example.com                                                                                  13.86%    143.5MiB / 11.57GiB   98.1MB / 85.5MB   16.5MB / 15.8MB   12
4dcc78dc2550   couchdb0                                                                                                22.15%    75.34MiB / 11.57GiB   1.59MB / 1.62MB   15.8MB / 11.7MB   42
c3d37a692212   couchdb1                                                                                                32.74%    87.9MiB / 11.57GiB    2.63MB / 2.78MB   12.6MB / 10.7MB   42
acbdacfc7222   orderer.example.com                                                                                     10.54%    61.58MiB / 11.57GiB   21.2MB / 81.1MB   19.6MB / 42.2MB   14
ff0305c4c2b6   ca_orderer                                                                                              0.42%     7.02MiB / 11.57GiB    23.2kB / 27.2kB   598kB / 659kB     8
271d8fb0e207   ca_org2                                                                                                 0.00%     7.133MiB / 11.57GiB   27.5kB / 35.5kB   573kB / 737kB     8
1a78b71dfe73   ca_org1                                                                                                 0.16%     7.715MiB / 11.57GiB   46.7kB / 77.7kB   23.2MB / 1.13MB   7
CONTAINER      NAME                                                                                                    CPU %     MEM USAGE / LIMIT     NET I/O           BLOCK I/O         PIDS
d0d7d1243640   dev-peer0.org2.example.com-basic_1.0-5888a1b6a788a537cf2b46cb928c59bbb52e5df079b509a9f561584935c51671   8.06%     15.48MiB / 2GiB       9.92MB / 4.29MB   0B / 0B           9
8edfc6e3bab9   dev-peer0.org1.example.com-basic_1.0-5888a1b6a788a537cf2b46cb928c59bbb52e5df079b509a9f561584935c51671   3.14%     8.41MiB / 2GiB        3.32MB / 1.92MB   8.19kB / 0B       8
38a91a5e521b   dev-peer3.org1.example.com-basic_1.0-5888a1b6a788a537cf2b46cb928c59bbb52e5df079b509a9f561584935c51671   2.24%     8.176MiB / 2GiB       2.54MB / 1.13MB   0B / 0B           8
1dcb238ff873   dev-peer1.org1.example.com-basic_1.0-5888a1b6a788a537cf2b46cb928c59bbb52e5df079b509a9f561584935c51671   3.15%     8.086MiB / 2GiB       2.5MB / 1.09MB    0B / 0B           7
1a00a97eefae   dev-peer2.org1.example.com-basic_1.0-5888a1b6a788a537cf2b46cb928c59bbb52e5df079b509a9f561584935c51671   2.39%     8.273MiB / 2GiB       2.52MB / 1.1MB    0B / 0B           8
e368eeac52a9   peer3.org1.example.com                                                                                  21.45%    136.7MiB / 11.57GiB   113MB / 96.1MB    1.68MB / 58.7MB   13
5a3b44a74e0d   peer2.org1.example.com                                                                                  22.28%    152.2MiB / 11.57GiB   113MB / 103MB     61.4kB / 31MB     13
f52bcfec683a   peer1.org1.example.com                                                                                  28.12%    134.3MiB / 11.57GiB   108MB / 94.1MB    168kB / 32.2MB    15
2298505756fe   cli                                                                                                     0.00%     12.11MiB / 11.57GiB   109kB / 17.5kB    14.5MB / 336kB    1
fb36a2f9286f   peer0.org2.example.com                                                                                  21.90%    135.4MiB / 11.57GiB   36.5MB / 28.3MB   12.8MB / 14.8MB   14
4e91c5796a73   peer0.org1.example.com                                                                                  15.18%    137MiB / 11.57GiB     110MB / 93.4MB    16.5MB / 16.5MB   12
4dcc78dc2550   couchdb0                                                                                                23.19%    75.57MiB / 11.57GiB   1.68MB / 1.71MB   15.8MB / 12.2MB   42
c3d37a692212   couchdb1                                                                                                34.63%    86.96MiB / 11.57GiB   2.85MB / 3.05MB   12.6MB / 10.9MB   42
acbdacfc7222   orderer.example.com                                                                                     10.15%    67.3MiB / 11.57GiB    24.3MB / 90MB     19.6MB / 48.5MB   14
ff0305c4c2b6   ca_orderer                                                                                              0.00%     7.02MiB / 11.57GiB    23.2kB / 27.2kB   598kB / 659kB     8
271d8fb0e207   ca_org2                                                                                                 0.00%     7.133MiB / 11.57GiB   27.5kB / 35.5kB   573kB / 737kB     8
1a78b71dfe73   ca_org1                                                                                                 0.00%     7.715MiB / 11.57GiB   46.7kB / 77.7kB   23.2MB / 1.13MB   7
CONTAINER      NAME                                                                                                    CPU %     MEM USAGE / LIMIT     NET I/O           BLOCK I/O         PIDS
d0d7d1243640   dev-peer0.org2.example.com-basic_1.0-5888a1b6a788a537cf2b46cb928c59bbb52e5df079b509a9f561584935c51671   8.35%     11.19MiB / 2GiB       10.9MB / 4.62MB   0B / 0B           9
8edfc6e3bab9   dev-peer0.org1.example.com-basic_1.0-5888a1b6a788a537cf2b46cb928c59bbb52e5df079b509a9f561584935c51671   2.33%     8.359MiB / 2GiB       3.57MB / 2.02MB   8.19kB / 0B       8
38a91a5e521b   dev-peer3.org1.example.com-basic_1.0-5888a1b6a788a537cf2b46cb928c59bbb52e5df079b509a9f561584935c51671   2.31%     8.129MiB / 2GiB       2.8MB / 1.23MB    0B / 0B           8
1dcb238ff873   dev-peer1.org1.example.com-basic_1.0-5888a1b6a788a537cf2b46cb928c59bbb52e5df079b509a9f561584935c51671   2.59%     8.082MiB / 2GiB       2.74MB / 1.19MB   0B / 0B           7
1a00a97eefae   dev-peer2.org1.example.com-basic_1.0-5888a1b6a788a537cf2b46cb928c59bbb52e5df079b509a9f561584935c51671   2.03%     8.414MiB / 2GiB       2.81MB / 1.23MB   0B / 0B           8
e368eeac52a9   peer3.org1.example.com                                                                                  24.79%    148.2MiB / 11.57GiB   127MB / 110MB     1.68MB / 61.9MB   14
5a3b44a74e0d   peer2.org1.example.com                                                                                  29.39%    154.9MiB / 11.57GiB   127MB / 118MB     61.4kB / 34.8MB   13
f52bcfec683a   peer1.org1.example.com                                                                                  27.06%    137.1MiB / 11.57GiB   119MB / 104MB     168kB / 36.4MB    15
2298505756fe   cli                                                                                                     0.00%     12.11MiB / 11.57GiB   109kB / 17.5kB    14.5MB / 336kB    1
fb36a2f9286f   peer0.org2.example.com                                                                                  23.94%    136.5MiB / 11.57GiB   38.3MB / 30.7MB   12.8MB / 15MB     14
4e91c5796a73   peer0.org1.example.com                                                                                  10.20%    148.2MiB / 11.57GiB   123MB / 101MB     16.5MB / 17.2MB   12
4dcc78dc2550   couchdb0                                                                                                18.09%    78.45MiB / 11.57GiB   1.75MB / 1.79MB   15.8MB / 12.8MB   42
c3d37a692212   couchdb1                                                                                                41.70%    86.62MiB / 11.57GiB   3.04MB / 3.29MB   12.6MB / 11.1MB   42
acbdacfc7222   orderer.example.com                                                                                     12.83%    74.23MiB / 11.57GiB   27.4MB / 98.8MB   19.6MB / 55.2MB   14
ff0305c4c2b6   ca_orderer                                                                                              0.00%     7.02MiB / 11.57GiB    23.2kB / 27.2kB   598kB / 659kB     8
271d8fb0e207   ca_org2                                                                                                 0.00%     7.133MiB / 11.57GiB   27.5kB / 35.5kB   573kB / 737kB     8
1a78b71dfe73   ca_org1                                                                                                 0.00%     7.715MiB / 11.57GiB   46.7kB / 77.7kB   23.2MB / 1.13MB   7
CONTAINER      NAME                                                                                                    CPU %     MEM USAGE / LIMIT     NET I/O           BLOCK I/O         PIDS
d0d7d1243640   dev-peer0.org2.example.com-basic_1.0-5888a1b6a788a537cf2b46cb928c59bbb52e5df079b509a9f561584935c51671   7.24%     11.59MiB / 2GiB       11.9MB / 4.99MB   0B / 0B           9
8edfc6e3bab9   dev-peer0.org1.example.com-basic_1.0-5888a1b6a788a537cf2b46cb928c59bbb52e5df079b509a9f561584935c51671   2.55%     8.379MiB / 2GiB       3.87MB / 2.15MB   8.19kB / 0B       8
38a91a5e521b   dev-peer3.org1.example.com-basic_1.0-5888a1b6a788a537cf2b46cb928c59bbb52e5df079b509a9f561584935c51671   2.67%     8.211MiB / 2GiB       3.06MB / 1.35MB   0B / 0B           8
1dcb238ff873   dev-peer1.org1.example.com-basic_1.0-5888a1b6a788a537cf2b46cb928c59bbb52e5df079b509a9f561584935c51671   1.80%     8.188MiB / 2GiB       3.04MB / 1.31MB   0B / 0B           8
1a00a97eefae   dev-peer2.org1.example.com-basic_1.0-5888a1b6a788a537cf2b46cb928c59bbb52e5df079b509a9f561584935c51671   3.00%     8.203MiB / 2GiB       3.1MB / 1.35MB    0B / 0B           8
e368eeac52a9   peer3.org1.example.com                                                                                  38.90%    141.2MiB / 11.57GiB   141MB / 125MB     1.68MB / 65.9MB   14
5a3b44a74e0d   peer2.org1.example.com                                                                                  27.38%    142.6MiB / 11.57GiB   141MB / 133MB     61.4kB / 38.3MB   13
f52bcfec683a   peer1.org1.example.com                                                                                  31.01%    139MiB / 11.57GiB     129MB / 114MB     168kB / 40.5MB    15
2298505756fe   cli                                                                                                     0.00%     12.11MiB / 11.57GiB   109kB / 17.5kB    14.5MB / 336kB    1
fb36a2f9286f   peer0.org2.example.com                                                                                  20.20%    136.1MiB / 11.57GiB   40MB / 32.9MB     12.8MB / 15.2MB   14
4e91c5796a73   peer0.org1.example.com                                                                                  14.05%    140.2MiB / 11.57GiB   137MB / 109MB     16.5MB / 17.6MB   12
4dcc78dc2550   couchdb0                                                                                                24.77%    79.3MiB / 11.57GiB    1.82MB / 1.88MB   15.8MB / 13.9MB   42
c3d37a692212   couchdb1                                                                                                29.28%    86.9MiB / 11.57GiB    3.26MB / 3.54MB   12.6MB / 11.3MB   42
acbdacfc7222   orderer.example.com                                                                                     9.30%     84.62MiB / 11.57GiB   30.4MB / 108MB    19.6MB / 61.3MB   14
ff0305c4c2b6   ca_orderer                                                                                              0.00%     7.02MiB / 11.57GiB    23.2kB / 27.2kB   598kB / 659kB     8
271d8fb0e207   ca_org2                                                                                                 0.00%     7.133MiB / 11.57GiB   27.5kB / 35.5kB   573kB / 737kB     8
1a78b71dfe73   ca_org1                                                                                                 0.00%     7.715MiB / 11.57GiB   46.7kB / 77.7kB   23.2MB / 1.13MB   7
CONTAINER      NAME                                                                                                    CPU %     MEM USAGE / LIMIT     NET I/O           BLOCK I/O         PIDS
d0d7d1243640   dev-peer0.org2.example.com-basic_1.0-5888a1b6a788a537cf2b46cb928c59bbb52e5df079b509a9f561584935c51671   7.35%     12.59MiB / 2GiB       13MB / 5.33MB     0B / 0B           9
8edfc6e3bab9   dev-peer0.org1.example.com-basic_1.0-5888a1b6a788a537cf2b46cb928c59bbb52e5df079b509a9f561584935c51671   1.91%     8.359MiB / 2GiB       4.15MB / 2.27MB   8.19kB / 0B       8
38a91a5e521b   dev-peer3.org1.example.com-basic_1.0-5888a1b6a788a537cf2b46cb928c59bbb52e5df079b509a9f561584935c51671   1.77%     8.07MiB / 2GiB        3.32MB / 1.46MB   0B / 0B           8
1dcb238ff873   dev-peer1.org1.example.com-basic_1.0-5888a1b6a788a537cf2b46cb928c59bbb52e5df079b509a9f561584935c51671   2.58%     8.211MiB / 2GiB       3.34MB / 1.44MB   0B / 0B           8
1a00a97eefae   dev-peer2.org1.example.com-basic_1.0-5888a1b6a788a537cf2b46cb928c59bbb52e5df079b509a9f561584935c51671   3.17%     8.355MiB / 2GiB       3.43MB / 1.49MB   0B / 0B           8
e368eeac52a9   peer3.org1.example.com                                                                                  26.65%    160.7MiB / 11.57GiB   153MB / 139MB     1.68MB / 69.9MB   14
5a3b44a74e0d   peer2.org1.example.com                                                                                  31.93%    153.2MiB / 11.57GiB   153MB / 145MB     61.4kB / 42MB     14
f52bcfec683a   peer1.org1.example.com                                                                                  25.62%    135MiB / 11.57GiB     139MB / 122MB     168kB / 43.6MB    15
2298505756fe   cli                                                                                                     0.00%     12.11MiB / 11.57GiB   109kB / 17.5kB    14.5MB / 336kB    1
fb36a2f9286f   peer0.org2.example.com                                                                                  19.82%    134.6MiB / 11.57GiB   41.7MB / 35.1MB   12.8MB / 15.4MB   14
4e91c5796a73   peer0.org1.example.com                                                                                  17.17%    151.4MiB / 11.57GiB   149MB / 115MB     16.5MB / 18.1MB   12
4dcc78dc2550   couchdb0                                                                                                53.14%    84.28MiB / 11.57GiB   1.9MB / 1.97MB    15.8MB / 15.3MB   42
c3d37a692212   couchdb1                                                                                                24.71%    87.32MiB / 11.57GiB   3.47MB / 3.78MB   12.6MB / 11.4MB   42
acbdacfc7222   orderer.example.com                                                                                     8.60%     88.73MiB / 11.57GiB   33.2MB / 115MB    19.6MB / 67.1MB   14
ff0305c4c2b6   ca_orderer                                                                                              0.00%     7.02MiB / 11.57GiB    23.2kB / 27.2kB   598kB / 659kB     8
271d8fb0e207   ca_org2                                                                                                 0.00%     7.133MiB / 11.57GiB   27.5kB / 35.5kB   573kB / 737kB     8
1a78b71dfe73   ca_org1                                                                                                 0.00%     7.715MiB / 11.57GiB   46.7kB / 77.7kB   23.2MB / 1.13MB   7
CONTAINER      NAME                                                                                                    CPU %     MEM USAGE / LIMIT     NET I/O           BLOCK I/O         PIDS
d0d7d1243640   dev-peer0.org2.example.com-basic_1.0-5888a1b6a788a537cf2b46cb928c59bbb52e5df079b509a9f561584935c51671   1.24%     10.52MiB / 2GiB       13.6MB / 5.61MB   0B / 0B           9
8edfc6e3bab9   dev-peer0.org1.example.com-basic_1.0-5888a1b6a788a537cf2b46cb928c59bbb52e5df079b509a9f561584935c51671   0.37%     8.285MiB / 2GiB       4.38MB / 2.36MB   8.19kB / 0B       8
38a91a5e521b   dev-peer3.org1.example.com-basic_1.0-5888a1b6a788a537cf2b46cb928c59bbb52e5df079b509a9f561584935c51671   0.54%     8.625MiB / 2GiB       3.48MB / 1.53MB   0B / 0B           8
1dcb238ff873   dev-peer1.org1.example.com-basic_1.0-5888a1b6a788a537cf2b46cb928c59bbb52e5df079b509a9f561584935c51671   0.29%     8.102MiB / 2GiB       3.49MB / 1.5MB    0B / 0B           8
1a00a97eefae   dev-peer2.org1.example.com-basic_1.0-5888a1b6a788a537cf2b46cb928c59bbb52e5df079b509a9f561584935c51671   0.23%     8.141MiB / 2GiB       3.6MB / 1.56MB    0B / 0B           8
e368eeac52a9   peer3.org1.example.com                                                                                  43.64%    171.2MiB / 11.57GiB   169MB / 154MB     1.68MB / 74.7MB   14
5a3b44a74e0d   peer2.org1.example.com                                                                                  46.58%    156.1MiB / 11.57GiB   169MB / 162MB     61.4kB / 46.4MB   14
f52bcfec683a   peer1.org1.example.com                                                                                  47.72%    136.9MiB / 11.57GiB   151MB / 133MB     168kB / 48.3MB    15
2298505756fe   cli                                                                                                     0.00%     12.11MiB / 11.57GiB   109kB / 17.5kB    14.5MB / 336kB    1
fb36a2f9286f   peer0.org2.example.com                                                                                  13.97%    134.7MiB / 11.57GiB   43.4MB / 36.8MB   12.8MB / 16.2MB   14
4e91c5796a73   peer0.org1.example.com                                                                                  19.71%    147.2MiB / 11.57GiB   164MB / 124MB     16.5MB / 19MB     12
4dcc78dc2550   couchdb0                                                                                                68.64%    85.68MiB / 11.57GiB   1.98MB / 2.06MB   15.8MB / 17.2MB   42
c3d37a692212   couchdb1                                                                                                42.73%    86.82MiB / 11.57GiB   3.63MB / 4MB      12.6MB / 12MB     42
acbdacfc7222   orderer.example.com                                                                                     6.12%     97.58MiB / 11.57GiB   35.8MB / 126MB    19.6MB / 72.5MB   15
ff0305c4c2b6   ca_orderer                                                                                              0.00%     7.02MiB / 11.57GiB    23.2kB / 27.2kB   598kB / 659kB     8
271d8fb0e207   ca_org2                                                                                                 0.00%     7.133MiB / 11.57GiB   27.5kB / 35.5kB   573kB / 737kB     8
1a78b71dfe73   ca_org1                                                                                                 0.00%     7.715MiB / 11.57GiB   46.7kB / 77.7kB   23.2MB / 1.13MB   7
CONTAINER      NAME                                                                                                    CPU %     MEM USAGE / LIMIT     NET I/O           BLOCK I/O         PIDS
d0d7d1243640   dev-peer0.org2.example.com-basic_1.0-5888a1b6a788a537cf2b46cb928c59bbb52e5df079b509a9f561584935c51671   0.00%     10.52MiB / 2GiB       13.6MB / 5.61MB   0B / 0B           9
8edfc6e3bab9   dev-peer0.org1.example.com-basic_1.0-5888a1b6a788a537cf2b46cb928c59bbb52e5df079b509a9f561584935c51671   0.00%     8.285MiB / 2GiB       4.38MB / 2.36MB   8.19kB / 0B       8
38a91a5e521b   dev-peer3.org1.example.com-basic_1.0-5888a1b6a788a537cf2b46cb928c59bbb52e5df079b509a9f561584935c51671   0.00%     8.625MiB / 2GiB       3.48MB / 1.53MB   0B / 0B           8
1dcb238ff873   dev-peer1.org1.example.com-basic_1.0-5888a1b6a788a537cf2b46cb928c59bbb52e5df079b509a9f561584935c51671   0.00%     8.102MiB / 2GiB       3.49MB / 1.5MB    0B / 0B           8
1a00a97eefae   dev-peer2.org1.example.com-basic_1.0-5888a1b6a788a537cf2b46cb928c59bbb52e5df079b509a9f561584935c51671   0.00%     8.141MiB / 2GiB       3.6MB / 1.56MB    0B / 0B           8
e368eeac52a9   peer3.org1.example.com                                                                                  1.22%     155.8MiB / 11.57GiB   174MB / 157MB     1.68MB / 78.3MB   14
5a3b44a74e0d   peer2.org1.example.com                                                                                  1.18%     151.7MiB / 11.57GiB   174MB / 168MB     61.4kB / 51.6MB   14
f52bcfec683a   peer1.org1.example.com                                                                                  1.17%     150MiB / 11.57GiB     156MB / 135MB     168kB / 51.6MB    15
2298505756fe   cli                                                                                                     0.00%     12.11MiB / 11.57GiB   109kB / 17.5kB    14.5MB / 336kB    1
fb36a2f9286f   peer0.org2.example.com                                                                                  25.88%    131.7MiB / 11.57GiB   46.2MB / 37MB     12.8MB / 19.6MB   14
4e91c5796a73   peer0.org1.example.com                                                                                  27.91%    144.7MiB / 11.57GiB   170MB / 133MB     16.5MB / 22.7MB   12
4dcc78dc2550   couchdb0                                                                                                88.21%    86.48MiB / 11.57GiB   2.17MB / 2.23MB   15.8MB / 21.3MB   42
c3d37a692212   couchdb1                                                                                                166.63%   105.7MiB / 11.57GiB   3.8MB / 4.17MB    12.6MB / 17.9MB   42
acbdacfc7222   orderer.example.com                                                                                     1.57%     97.68MiB / 11.57GiB   35.8MB / 133MB    19.6MB / 72.5MB   15
ff0305c4c2b6   ca_orderer                                                                                              0.00%     7.02MiB / 11.57GiB    23.2kB / 27.2kB   598kB / 659kB     8
271d8fb0e207   ca_org2                                                                                                 0.00%     7.133MiB / 11.57GiB   27.5kB / 35.5kB   573kB / 737kB     8
1a78b71dfe73   ca_org1                                                                                                 0.00%     7.715MiB / 11.57GiB   46.7kB / 77.7kB   23.2MB / 1.13MB   7
