CONTAINER      NAME                                                                                                    CPU %     MEM USAGE / LIMIT     NET I/O           BLOCK I/O         PIDS
24bb6ee4d692   dev-peer0.org1.example.com-basic_1.0-5888a1b6a788a537cf2b46cb928c59bbb52e5df079b509a9f561584935c51671   16.85%    11.33MiB / 2GiB       27.7MB / 18.7MB   0B / 0B           8
17fd564de689   dev-peer1.org1.example.com-basic_1.0-5888a1b6a788a537cf2b46cb928c59bbb52e5df079b509a9f561584935c51671   26.78%    9.266MiB / 2GiB       237MB / 199MB     0B / 0B           10
bfbf1d127563   dev-peer0.org2.example.com-basic_1.0-5888a1b6a788a537cf2b46cb928c59bbb52e5df079b509a9f561584935c51671   0.00%     6.328MiB / 2GiB       660kB / 787kB     0B / 0B           7
d83f850aa6d0   dev-peer3.org1.example.com-basic_1.0-5888a1b6a788a537cf2b46cb928c59bbb52e5df079b509a9f561584935c51671   24.43%    11.47MiB / 2GiB       235MB / 197MB     0B / 0B           10
db2b896e9fa8   dev-peer2.org1.example.com-basic_1.0-5888a1b6a788a537cf2b46cb928c59bbb52e5df079b509a9f561584935c51671   38.40%    9.953MiB / 2GiB       237MB / 199MB     0B / 0B           9
79b3959af5a9   peer3.org1.example.com                                                                                  10.46%    106MiB / 11.57GiB     212MB / 621MB     28.7kB / 3.58MB   11
173957f1efd7   peer2.org1.example.com                                                                                  15.50%    112.9MiB / 11.57GiB   210MB / 625MB     0B / 3.57MB       12
6b52a2feedf3   peer1.org1.example.com                                                                                  10.26%    106MiB / 11.57GiB     211MB / 625MB     0B / 3.57MB       11
b9227a1b2c76   cli                                                                                                     0.00%     1.09MiB / 11.57GiB    109kB / 17.4kB    389kB / 336kB     1
6ca81a83e58f   peer0.org2.example.com                                                                                  0.99%     101.5MiB / 11.57GiB   6.4MB / 3.44MB    0B / 3.43MB       10
6e86fd93aec3   peer0.org1.example.com                                                                                  28.65%    141MiB / 11.57GiB     457MB / 81.8MB    0B / 3.43MB       11
a837ede80b9a   couchdb1                                                                                                1.13%     58.27MiB / 11.57GiB   565kB / 565kB     0B / 1.55MB       42
81e37aa368a6   orderer.example.com                                                                                     0.07%     24.09MiB / 11.57GiB   528kB / 1.55MB    0B / 618kB        10
11d434a1ec2f   couchdb0                                                                                                149.05%   133.6MiB / 11.57GiB   20.8MB / 429MB    0B / 1.55MB       42
0c2259c3986b   ca_org2                                                                                                 0.00%     7.137MiB / 11.57GiB   27.4kB / 35.5kB   0B / 737kB        7
3c078f73c206   ca_orderer                                                                                              0.00%     7.188MiB / 11.57GiB   22.7kB / 27.2kB   0B / 659kB        7
57600c10fef7   ca_org1                                                                                                 0.00%     7.203MiB / 11.57GiB   46.1kB / 77.6kB   0B / 1.13MB       8
CONTAINER      NAME                                                                                                    CPU %     MEM USAGE / LIMIT     NET I/O           BLOCK I/O         PIDS
24bb6ee4d692   dev-peer0.org1.example.com-basic_1.0-5888a1b6a788a537cf2b46cb928c59bbb52e5df079b509a9f561584935c51671   4.23%     13.72MiB / 2GiB       30.1MB / 20.5MB   0B / 0B           8
17fd564de689   dev-peer1.org1.example.com-basic_1.0-5888a1b6a788a537cf2b46cb928c59bbb52e5df079b509a9f561584935c51671   18.34%    9.316MiB / 2GiB       243MB / 204MB     0B / 0B           10
bfbf1d127563   dev-peer0.org2.example.com-basic_1.0-5888a1b6a788a537cf2b46cb928c59bbb52e5df079b509a9f561584935c51671   0.00%     6.328MiB / 2GiB       660kB / 787kB     0B / 0B           7
d83f850aa6d0   dev-peer3.org1.example.com-basic_1.0-5888a1b6a788a537cf2b46cb928c59bbb52e5df079b509a9f561584935c51671   32.12%    10.6MiB / 2GiB        241MB / 203MB     0B / 0B           10
db2b896e9fa8   dev-peer2.org1.example.com-basic_1.0-5888a1b6a788a537cf2b46cb928c59bbb52e5df079b509a9f561584935c51671   24.04%    9.234MiB / 2GiB       242MB / 204MB     0B / 0B           9
79b3959af5a9   peer3.org1.example.com                                                                                  14.56%    109.6MiB / 11.57GiB   217MB / 638MB     28.7kB / 3.58MB   11
173957f1efd7   peer2.org1.example.com                                                                                  9.60%     121.3MiB / 11.57GiB   215MB / 640MB     0B / 3.57MB       12
6b52a2feedf3   peer1.org1.example.com                                                                                  8.31%     106.5MiB / 11.57GiB   216MB / 641MB     0B / 3.57MB       11
b9227a1b2c76   cli                                                                                                     0.00%     1.09MiB / 11.57GiB    109kB / 17.4kB    389kB / 336kB     1
6ca81a83e58f   peer0.org2.example.com                                                                                  0.75%     101.5MiB / 11.57GiB   6.42MB / 3.46MB   0B / 3.43MB       10
6e86fd93aec3   peer0.org1.example.com                                                                                  16.46%    145.3MiB / 11.57GiB   470MB / 88MB      0B / 3.43MB       11
a837ede80b9a   couchdb1                                                                                                0.76%     58.27MiB / 11.57GiB   565kB / 565kB     0B / 1.55MB       42
81e37aa368a6   orderer.example.com                                                                                     0.06%     24.09MiB / 11.57GiB   528kB / 1.55MB    0B / 618kB        10
11d434a1ec2f   couchdb0                                                                                                196.04%   134.1MiB / 11.57GiB   21.1MB / 440MB    0B / 1.55MB       42
0c2259c3986b   ca_org2                                                                                                 0.00%     7.137MiB / 11.57GiB   27.4kB / 35.5kB   0B / 737kB        7
3c078f73c206   ca_orderer                                                                                              0.00%     7.188MiB / 11.57GiB   22.7kB / 27.2kB   0B / 659kB        7
57600c10fef7   ca_org1                                                                                                 0.00%     7.203MiB / 11.57GiB   46.1kB / 77.6kB   0B / 1.13MB       8
CONTAINER      NAME                                                                                                    CPU %     MEM USAGE / LIMIT     NET I/O           BLOCK I/O         PIDS
24bb6ee4d692   dev-peer0.org1.example.com-basic_1.0-5888a1b6a788a537cf2b46cb928c59bbb52e5df079b509a9f561584935c51671   12.37%    13.17MiB / 2GiB       35MB / 24.8MB     0B / 0B           8
17fd564de689   dev-peer1.org1.example.com-basic_1.0-5888a1b6a788a537cf2b46cb928c59bbb52e5df079b509a9f561584935c51671   35.95%    9.84MiB / 2GiB        250MB / 210MB     0B / 0B           10
bfbf1d127563   dev-peer0.org2.example.com-basic_1.0-5888a1b6a788a537cf2b46cb928c59bbb52e5df079b509a9f561584935c51671   0.00%     5.902MiB / 2GiB       660kB / 787kB     0B / 0B           7
d83f850aa6d0   dev-peer3.org1.example.com-basic_1.0-5888a1b6a788a537cf2b46cb928c59bbb52e5df079b509a9f561584935c51671   23.09%    10.17MiB / 2GiB       247MB / 208MB     0B / 0B           10
db2b896e9fa8   dev-peer2.org1.example.com-basic_1.0-5888a1b6a788a537cf2b46cb928c59bbb52e5df079b509a9f561584935c51671   37.12%    9.785MiB / 2GiB       249MB / 209MB     0B / 0B           9
79b3959af5a9   peer3.org1.example.com                                                                                  11.03%    113.1MiB / 11.57GiB   222MB / 653MB     28.7kB / 3.58MB   11
173957f1efd7   peer2.org1.example.com                                                                                  15.48%    123.4MiB / 11.57GiB   221MB / 657MB     0B / 3.57MB       12
6b52a2feedf3   peer1.org1.example.com                                                                                  15.43%    97.66MiB / 11.57GiB   221MB / 658MB     0B / 3.57MB       11
b9227a1b2c76   cli                                                                                                     0.00%     1.09MiB / 11.57GiB    109kB / 17.4kB    389kB / 336kB     1
6ca81a83e58f   peer0.org2.example.com                                                                                  1.33%     101.5MiB / 11.57GiB   6.45MB / 3.49MB   0B / 3.43MB       10
6e86fd93aec3   peer0.org1.example.com                                                                                  25.01%    166.6MiB / 11.57GiB   485MB / 102MB     0B / 3.43MB       11
a837ede80b9a   couchdb1                                                                                                0.87%     58.28MiB / 11.57GiB   565kB / 565kB     0B / 1.55MB       42
81e37aa368a6   orderer.example.com                                                                                     0.08%     24.09MiB / 11.57GiB   528kB / 1.55MB    0B / 618kB        10
11d434a1ec2f   couchdb0                                                                                                148.66%   134MiB / 11.57GiB     21.4MB / 451MB    0B / 1.55MB       42
0c2259c3986b   ca_org2                                                                                                 0.00%     7.137MiB / 11.57GiB   27.4kB / 35.5kB   0B / 737kB        7
3c078f73c206   ca_orderer                                                                                              0.00%     7.188MiB / 11.57GiB   22.7kB / 27.2kB   0B / 659kB        7
57600c10fef7   ca_org1                                                                                                 0.00%     7.203MiB / 11.57GiB   46.1kB / 77.6kB   0B / 1.13MB       8
CONTAINER      NAME                                                                                                    CPU %     MEM USAGE / LIMIT     NET I/O           BLOCK I/O         PIDS
24bb6ee4d692   dev-peer0.org1.example.com-basic_1.0-5888a1b6a788a537cf2b46cb928c59bbb52e5df079b509a9f561584935c51671   12.54%    13.14MiB / 2GiB       37.9MB / 27.3MB   0B / 0B           8
17fd564de689   dev-peer1.org1.example.com-basic_1.0-5888a1b6a788a537cf2b46cb928c59bbb52e5df079b509a9f561584935c51671   36.48%    9.691MiB / 2GiB       256MB / 215MB     0B / 0B           10
bfbf1d127563   dev-peer0.org2.example.com-basic_1.0-5888a1b6a788a537cf2b46cb928c59bbb52e5df079b509a9f561584935c51671   0.00%     5.902MiB / 2GiB       660kB / 787kB     0B / 0B           7
d83f850aa6d0   dev-peer3.org1.example.com-basic_1.0-5888a1b6a788a537cf2b46cb928c59bbb52e5df079b509a9f561584935c51671   28.77%    9.66MiB / 2GiB        254MB / 214MB     0B / 0B           10
db2b896e9fa8   dev-peer2.org1.example.com-basic_1.0-5888a1b6a788a537cf2b46cb928c59bbb52e5df079b509a9f561584935c51671   24.94%    9.75MiB / 2GiB        256MB / 215MB     0B / 0B           9
79b3959af5a9   peer3.org1.example.com                                                                                  12.46%    114.3MiB / 11.57GiB   228MB / 672MB     28.7kB / 3.58MB   11
173957f1efd7   peer2.org1.example.com                                                                                  9.71%     124.9MiB / 11.57GiB   227MB / 674MB     0B / 3.57MB       12
6b52a2feedf3   peer1.org1.example.com                                                                                  14.72%    105.1MiB / 11.57GiB   227MB / 676MB     0B / 3.57MB       11
b9227a1b2c76   cli                                                                                                     0.00%     1.09MiB / 11.57GiB    109kB / 17.4kB    389kB / 336kB     1
6ca81a83e58f   peer0.org2.example.com                                                                                  0.64%     101.5MiB / 11.57GiB   6.47MB / 3.51MB   0B / 3.43MB       10
6e86fd93aec3   peer0.org1.example.com                                                                                  28.54%    167.1MiB / 11.57GiB   496MB / 110MB     0B / 3.43MB       11
a837ede80b9a   couchdb1                                                                                                1.98%     58.28MiB / 11.57GiB   565kB / 565kB     0B / 1.55MB       42
81e37aa368a6   orderer.example.com                                                                                     0.07%     24.09MiB / 11.57GiB   530kB / 1.55MB    0B / 618kB        10
11d434a1ec2f   couchdb0                                                                                                166.39%   134.1MiB / 11.57GiB   21.7MB / 459MB    0B / 1.55MB       42
0c2259c3986b   ca_org2                                                                                                 0.00%     7.137MiB / 11.57GiB   27.4kB / 35.5kB   0B / 737kB        7
3c078f73c206   ca_orderer                                                                                              0.00%     7.188MiB / 11.57GiB   22.7kB / 27.2kB   0B / 659kB        7
57600c10fef7   ca_org1                                                                                                 0.00%     7.203MiB / 11.57GiB   46.1kB / 77.6kB   0B / 1.13MB       8
CONTAINER      NAME                                                                                                    CPU %     MEM USAGE / LIMIT     NET I/O           BLOCK I/O         PIDS
24bb6ee4d692   dev-peer0.org1.example.com-basic_1.0-5888a1b6a788a537cf2b46cb928c59bbb52e5df079b509a9f561584935c51671   16.99%    15.29MiB / 2GiB       41.3MB / 29.8MB   0B / 0B           8
17fd564de689   dev-peer1.org1.example.com-basic_1.0-5888a1b6a788a537cf2b46cb928c59bbb52e5df079b509a9f561584935c51671   23.95%    8.812MiB / 2GiB       262MB / 220MB     0B / 0B           10
bfbf1d127563   dev-peer0.org2.example.com-basic_1.0-5888a1b6a788a537cf2b46cb928c59bbb52e5df079b509a9f561584935c51671   0.00%     5.902MiB / 2GiB       661kB / 787kB     0B / 0B           7
d83f850aa6d0   dev-peer3.org1.example.com-basic_1.0-5888a1b6a788a537cf2b46cb928c59bbb52e5df079b509a9f561584935c51671   32.26%    9.34MiB / 2GiB        261MB / 219MB     0B / 0B           10
db2b896e9fa8   dev-peer2.org1.example.com-basic_1.0-5888a1b6a788a537cf2b46cb928c59bbb52e5df079b509a9f561584935c51671   33.91%    9.379MiB / 2GiB       262MB / 220MB     0B / 0B           9
79b3959af5a9   peer3.org1.example.com                                                                                  14.92%    114.4MiB / 11.57GiB   234MB / 689MB     28.7kB / 3.58MB   11
173957f1efd7   peer2.org1.example.com                                                                                  13.38%    122MiB / 11.57GiB     232MB / 692MB     0B / 3.57MB       12
6b52a2feedf3   peer1.org1.example.com                                                                                  8.84%     105.1MiB / 11.57GiB   232MB / 692MB     0B / 3.57MB       11
b9227a1b2c76   cli                                                                                                     0.00%     1.09MiB / 11.57GiB    109kB / 17.4kB    389kB / 336kB     1
6ca81a83e58f   peer0.org2.example.com                                                                                  0.62%     101.5MiB / 11.57GiB   6.49MB / 3.53MB   0B / 3.43MB       10
6e86fd93aec3   peer0.org1.example.com                                                                                  36.04%    173.4MiB / 11.57GiB   512MB / 119MB     0B / 3.43MB       11
a837ede80b9a   couchdb1                                                                                                0.93%     58.28MiB / 11.57GiB   565kB / 565kB     0B / 1.55MB       42
81e37aa368a6   orderer.example.com                                                                                     0.07%     24.09MiB / 11.57GiB   530kB / 1.55MB    0B / 618kB        10
11d434a1ec2f   couchdb0                                                                                                165.07%   134.2MiB / 11.57GiB   22.2MB / 472MB    0B / 1.55MB       42
0c2259c3986b   ca_org2                                                                                                 0.00%     7.137MiB / 11.57GiB   27.4kB / 35.5kB   0B / 737kB        7
3c078f73c206   ca_orderer                                                                                              0.00%     7.188MiB / 11.57GiB   22.7kB / 27.2kB   0B / 659kB        7
57600c10fef7   ca_org1                                                                                                 0.00%     7.203MiB / 11.57GiB   46.1kB / 77.6kB   0B / 1.13MB       8
CONTAINER      NAME                                                                                                    CPU %     MEM USAGE / LIMIT     NET I/O           BLOCK I/O         PIDS
24bb6ee4d692   dev-peer0.org1.example.com-basic_1.0-5888a1b6a788a537cf2b46cb928c59bbb52e5df079b509a9f561584935c51671   14.42%    15.62MiB / 2GiB       44.9MB / 33.1MB   0B / 0B           8
17fd564de689   dev-peer1.org1.example.com-basic_1.0-5888a1b6a788a537cf2b46cb928c59bbb52e5df079b509a9f561584935c51671   26.69%    9.953MiB / 2GiB       268MB / 225MB     0B / 0B           10
bfbf1d127563   dev-peer0.org2.example.com-basic_1.0-5888a1b6a788a537cf2b46cb928c59bbb52e5df079b509a9f561584935c51671   0.00%     5.902MiB / 2GiB       661kB / 787kB     0B / 0B           7
d83f850aa6d0   dev-peer3.org1.example.com-basic_1.0-5888a1b6a788a537cf2b46cb928c59bbb52e5df079b509a9f561584935c51671   29.01%    9.441MiB / 2GiB       266MB / 224MB     0B / 0B           10
db2b896e9fa8   dev-peer2.org1.example.com-basic_1.0-5888a1b6a788a537cf2b46cb928c59bbb52e5df079b509a9f561584935c51671   16.66%    9.445MiB / 2GiB       268MB / 225MB     0B / 0B           9
79b3959af5a9   peer3.org1.example.com                                                                                  12.21%    116.4MiB / 11.57GiB   239MB / 704MB     28.7kB / 3.58MB   11
173957f1efd7   peer2.org1.example.com                                                                                  6.55%     122.8MiB / 11.57GiB   237MB / 706MB     0B / 3.57MB       12
6b52a2feedf3   peer1.org1.example.com                                                                                  10.49%    106.5MiB / 11.57GiB   238MB / 708MB     0B / 3.57MB       11
b9227a1b2c76   cli                                                                                                     0.00%     1.09MiB / 11.57GiB    109kB / 17.4kB    389kB / 336kB     1
6ca81a83e58f   peer0.org2.example.com                                                                                  1.05%     101.5MiB / 11.57GiB   6.51MB / 3.55MB   0B / 3.43MB       10
6e86fd93aec3   peer0.org1.example.com                                                                                  29.80%    187.2MiB / 11.57GiB   529MB / 129MB     0B / 3.43MB       12
a837ede80b9a   couchdb1                                                                                                1.06%     58.28MiB / 11.57GiB   565kB / 565kB     0B / 1.55MB       42
81e37aa368a6   orderer.example.com                                                                                     0.05%     24.09MiB / 11.57GiB   530kB / 1.55MB    0B / 618kB        10
11d434a1ec2f   couchdb0                                                                                                197.04%   134.5MiB / 11.57GiB   22.8MB / 486MB    0B / 1.55MB       42
0c2259c3986b   ca_org2                                                                                                 0.00%     7.137MiB / 11.57GiB   27.4kB / 35.5kB   0B / 737kB        7
3c078f73c206   ca_orderer                                                                                              0.00%     7.188MiB / 11.57GiB   22.7kB / 27.2kB   0B / 659kB        7
57600c10fef7   ca_org1                                                                                                 0.00%     7.203MiB / 11.57GiB   46.1kB / 77.6kB   0B / 1.13MB       8
CONTAINER      NAME                                                                                                    CPU %     MEM USAGE / LIMIT     NET I/O           BLOCK I/O         PIDS
24bb6ee4d692   dev-peer0.org1.example.com-basic_1.0-5888a1b6a788a537cf2b46cb928c59bbb52e5df079b509a9f561584935c51671   16.67%    16.93MiB / 2GiB       51.3MB / 38.2MB   0B / 0B           8
17fd564de689   dev-peer1.org1.example.com-basic_1.0-5888a1b6a788a537cf2b46cb928c59bbb52e5df079b509a9f561584935c51671   39.60%    9.867MiB / 2GiB       274MB / 231MB     0B / 0B           10
bfbf1d127563   dev-peer0.org2.example.com-basic_1.0-5888a1b6a788a537cf2b46cb928c59bbb52e5df079b509a9f561584935c51671   0.00%     5.902MiB / 2GiB       661kB / 787kB     0B / 0B           7
d83f850aa6d0   dev-peer3.org1.example.com-basic_1.0-5888a1b6a788a537cf2b46cb928c59bbb52e5df079b509a9f561584935c51671   15.38%    9.852MiB / 2GiB       272MB / 228MB     0B / 0B           10
db2b896e9fa8   dev-peer2.org1.example.com-basic_1.0-5888a1b6a788a537cf2b46cb928c59bbb52e5df079b509a9f561584935c51671   27.63%    10.61MiB / 2GiB       274MB / 230MB     0B / 0B           9
79b3959af5a9   peer3.org1.example.com                                                                                  7.10%     116.4MiB / 11.57GiB   244MB / 718MB     28.7kB / 3.58MB   11
173957f1efd7   peer2.org1.example.com                                                                                  12.57%    116.7MiB / 11.57GiB   242MB / 722MB     0B / 3.57MB       12
6b52a2feedf3   peer1.org1.example.com                                                                                  7.94%     107.1MiB / 11.57GiB   242MB / 719MB     0B / 3.57MB       11
b9227a1b2c76   cli                                                                                                     0.00%     1.09MiB / 11.57GiB    109kB / 17.4kB    389kB / 336kB     1
6ca81a83e58f   peer0.org2.example.com                                                                                  0.71%     101.5MiB / 11.57GiB   6.53MB / 3.57MB   0B / 3.43MB       10
6e86fd93aec3   peer0.org1.example.com                                                                                  43.16%    197.5MiB / 11.57GiB   546MB / 146MB     0B / 3.43MB       12
a837ede80b9a   couchdb1                                                                                                0.91%     58.28MiB / 11.57GiB   565kB / 565kB     0B / 1.55MB       42
81e37aa368a6   orderer.example.com                                                                                     0.04%     24.09MiB / 11.57GiB   532kB / 1.55MB    0B / 618kB        10
11d434a1ec2f   couchdb0                                                                                                174.58%   134.4MiB / 11.57GiB   23.2MB / 497MB    0B / 1.55MB       42
0c2259c3986b   ca_org2                                                                                                 0.00%     7.137MiB / 11.57GiB   27.4kB / 35.5kB   0B / 737kB        7
3c078f73c206   ca_orderer                                                                                              0.00%     7.188MiB / 11.57GiB   22.7kB / 27.2kB   0B / 659kB        7
57600c10fef7   ca_org1                                                                                                 0.00%     7.203MiB / 11.57GiB   46.1kB / 77.6kB   0B / 1.13MB       8
CONTAINER      NAME                                                                                                    CPU %     MEM USAGE / LIMIT     NET I/O           BLOCK I/O         PIDS
24bb6ee4d692   dev-peer0.org1.example.com-basic_1.0-5888a1b6a788a537cf2b46cb928c59bbb52e5df079b509a9f561584935c51671   14.82%    16.26MiB / 2GiB       55.2MB / 41.8MB   0B / 0B           8
17fd564de689   dev-peer1.org1.example.com-basic_1.0-5888a1b6a788a537cf2b46cb928c59bbb52e5df079b509a9f561584935c51671   20.81%    9.766MiB / 2GiB       280MB / 235MB     0B / 0B           10
bfbf1d127563   dev-peer0.org2.example.com-basic_1.0-5888a1b6a788a537cf2b46cb928c59bbb52e5df079b509a9f561584935c51671   0.00%     5.902MiB / 2GiB       661kB / 787kB     0B / 0B           7
d83f850aa6d0   dev-peer3.org1.example.com-basic_1.0-5888a1b6a788a537cf2b46cb928c59bbb52e5df079b509a9f561584935c51671   33.45%    9.859MiB / 2GiB       278MB / 234MB     0B / 0B           10
db2b896e9fa8   dev-peer2.org1.example.com-basic_1.0-5888a1b6a788a537cf2b46cb928c59bbb52e5df079b509a9f561584935c51671   30.82%    10.49MiB / 2GiB       279MB / 235MB     0B / 0B           9
79b3959af5a9   peer3.org1.example.com                                                                                  14.87%    98.99MiB / 11.57GiB   249MB / 735MB     28.7kB / 3.58MB   11
173957f1efd7   peer2.org1.example.com                                                                                  13.73%    113.7MiB / 11.57GiB   247MB / 737MB     0B / 3.57MB       12
6b52a2feedf3   peer1.org1.example.com                                                                                  8.93%     107MiB / 11.57GiB     248MB / 738MB     0B / 3.57MB       11
b9227a1b2c76   cli                                                                                                     0.00%     1.09MiB / 11.57GiB    109kB / 17.4kB    389kB / 336kB     1
6ca81a83e58f   peer0.org2.example.com                                                                                  1.07%     101.5MiB / 11.57GiB   6.56MB / 3.6MB    0B / 3.43MB       10
6e86fd93aec3   peer0.org1.example.com                                                                                  31.52%    197.5MiB / 11.57GiB   560MB / 157MB     0B / 3.43MB       12
a837ede80b9a   couchdb1                                                                                                4.65%     58.28MiB / 11.57GiB   565kB / 565kB     0B / 1.55MB       42
81e37aa368a6   orderer.example.com                                                                                     0.06%     24.09MiB / 11.57GiB   532kB / 1.55MB    0B / 618kB        10
11d434a1ec2f   couchdb0                                                                                                184.18%   134.3MiB / 11.57GiB   23.7MB / 508MB    0B / 1.55MB       42
0c2259c3986b   ca_org2                                                                                                 0.00%     7.137MiB / 11.57GiB   27.4kB / 35.5kB   0B / 737kB        7
3c078f73c206   ca_orderer                                                                                              0.00%     7.188MiB / 11.57GiB   22.7kB / 27.2kB   0B / 659kB        7
57600c10fef7   ca_org1                                                                                                 0.00%     7.203MiB / 11.57GiB   46.1kB / 77.6kB   0B / 1.13MB       8
CONTAINER      NAME                                                                                                    CPU %     MEM USAGE / LIMIT     NET I/O           BLOCK I/O         PIDS
24bb6ee4d692   dev-peer0.org1.example.com-basic_1.0-5888a1b6a788a537cf2b46cb928c59bbb52e5df079b509a9f561584935c51671   22.84%    16.68MiB / 2GiB       60.6MB / 46.2MB   0B / 0B           9
17fd564de689   dev-peer1.org1.example.com-basic_1.0-5888a1b6a788a537cf2b46cb928c59bbb52e5df079b509a9f561584935c51671   13.79%    8.996MiB / 2GiB       285MB / 240MB     0B / 0B           10
bfbf1d127563   dev-peer0.org2.example.com-basic_1.0-5888a1b6a788a537cf2b46cb928c59bbb52e5df079b509a9f561584935c51671   0.00%     5.902MiB / 2GiB       661kB / 787kB     0B / 0B           7
d83f850aa6d0   dev-peer3.org1.example.com-basic_1.0-5888a1b6a788a537cf2b46cb928c59bbb52e5df079b509a9f561584935c51671   34.71%    11.61MiB / 2GiB       284MB / 238MB     0B / 0B           10
db2b896e9fa8   dev-peer2.org1.example.com-basic_1.0-5888a1b6a788a537cf2b46cb928c59bbb52e5df079b509a9f561584935c51671   23.71%    9.723MiB / 2GiB       285MB / 239MB     0B / 0B           9
79b3959af5a9   peer3.org1.example.com                                                                                  14.52%    112.1MiB / 11.57GiB   254MB / 749MB     28.7kB / 3.58MB   11
173957f1efd7   peer2.org1.example.com                                                                                  11.46%    124.9MiB / 11.57GiB   252MB / 751MB     0B / 3.57MB       12
6b52a2feedf3   peer1.org1.example.com                                                                                  6.15%     107MiB / 11.57GiB     252MB / 752MB     0B / 3.57MB       11
b9227a1b2c76   cli                                                                                                     0.00%     1.09MiB / 11.57GiB    109kB / 17.4kB    389kB / 336kB     1
6ca81a83e58f   peer0.org2.example.com                                                                                  0.67%     101.5MiB / 11.57GiB   6.58MB / 3.62MB   0B / 3.43MB       10
6e86fd93aec3   peer0.org1.example.com                                                                                  39.60%    197.6MiB / 11.57GiB   578MB / 172MB     0B / 3.43MB       12
a837ede80b9a   couchdb1                                                                                                1.07%     58.28MiB / 11.57GiB   565kB / 565kB     0B / 1.55MB       42
81e37aa368a6   orderer.example.com                                                                                     0.04%     24.09MiB / 11.57GiB   533kB / 1.55MB    0B / 618kB        10
11d434a1ec2f   couchdb0                                                                                                184.63%   138.4MiB / 11.57GiB   24.3MB / 521MB    0B / 1.55MB       42
0c2259c3986b   ca_org2                                                                                                 0.00%     7.137MiB / 11.57GiB   27.4kB / 35.5kB   0B / 737kB        7
3c078f73c206   ca_orderer                                                                                              0.00%     7.188MiB / 11.57GiB   22.7kB / 27.2kB   0B / 659kB        7
57600c10fef7   ca_org1                                                                                                 0.00%     7.203MiB / 11.57GiB   46.1kB / 77.6kB   0B / 1.13MB       8
CONTAINER      NAME                                                                                                    CPU %     MEM USAGE / LIMIT     NET I/O           BLOCK I/O         PIDS
24bb6ee4d692   dev-peer0.org1.example.com-basic_1.0-5888a1b6a788a537cf2b46cb928c59bbb52e5df079b509a9f561584935c51671   23.51%    17.66MiB / 2GiB       65MB / 50.1MB     0B / 0B           9
17fd564de689   dev-peer1.org1.example.com-basic_1.0-5888a1b6a788a537cf2b46cb928c59bbb52e5df079b509a9f561584935c51671   20.24%    9.359MiB / 2GiB       290MB / 244MB     0B / 0B           10
bfbf1d127563   dev-peer0.org2.example.com-basic_1.0-5888a1b6a788a537cf2b46cb928c59bbb52e5df079b509a9f561584935c51671   0.00%     5.902MiB / 2GiB       661kB / 787kB     0B / 0B           7
d83f850aa6d0   dev-peer3.org1.example.com-basic_1.0-5888a1b6a788a537cf2b46cb928c59bbb52e5df079b509a9f561584935c51671   31.51%    11.52MiB / 2GiB       289MB / 243MB     0B / 0B           10
db2b896e9fa8   dev-peer2.org1.example.com-basic_1.0-5888a1b6a788a537cf2b46cb928c59bbb52e5df079b509a9f561584935c51671   19.85%    9.371MiB / 2GiB       290MB / 243MB     0B / 0B           9
79b3959af5a9   peer3.org1.example.com                                                                                  12.58%    112.6MiB / 11.57GiB   258MB / 763MB     28.7kB / 3.58MB   11
173957f1efd7   peer2.org1.example.com                                                                                  8.02%     124.9MiB / 11.57GiB   256MB / 765MB     0B / 3.57MB       12
6b52a2feedf3   peer1.org1.example.com                                                                                  8.76%     109.6MiB / 11.57GiB   257MB / 766MB     0B / 3.57MB       11
b9227a1b2c76   cli                                                                                                     0.00%     1.09MiB / 11.57GiB    109kB / 17.4kB    389kB / 336kB     1
6ca81a83e58f   peer0.org2.example.com                                                                                  0.60%     101.5MiB / 11.57GiB   6.6MB / 3.64MB    0B / 3.43MB       10
6e86fd93aec3   peer0.org1.example.com                                                                                  42.80%    187.5MiB / 11.57GiB   593MB / 184MB     0B / 3.43MB       12
a837ede80b9a   couchdb1                                                                                                4.11%     58.28MiB / 11.57GiB   565kB / 565kB     0B / 1.55MB       42
81e37aa368a6   orderer.example.com                                                                                     0.06%     24.09MiB / 11.57GiB   534kB / 1.55MB    0B / 618kB        10
11d434a1ec2f   couchdb0                                                                                                173.22%   138.2MiB / 11.57GiB   24.8MB / 532MB    0B / 1.55MB       42
0c2259c3986b   ca_org2                                                                                                 0.00%     7.137MiB / 11.57GiB   27.4kB / 35.5kB   0B / 737kB        7
3c078f73c206   ca_orderer                                                                                              0.00%     7.188MiB / 11.57GiB   22.7kB / 27.2kB   0B / 659kB        7
57600c10fef7   ca_org1                                                                                                 0.00%     7.203MiB / 11.57GiB   46.1kB / 77.6kB   0B / 1.13MB       8
CONTAINER      NAME                                                                                                    CPU %     MEM USAGE / LIMIT     NET I/O           BLOCK I/O         PIDS
24bb6ee4d692   dev-peer0.org1.example.com-basic_1.0-5888a1b6a788a537cf2b46cb928c59bbb52e5df079b509a9f561584935c51671   34.34%    18.92MiB / 2GiB       71.3MB / 55.1MB   0B / 0B           9
17fd564de689   dev-peer1.org1.example.com-basic_1.0-5888a1b6a788a537cf2b46cb928c59bbb52e5df079b509a9f561584935c51671   22.22%    9.277MiB / 2GiB       296MB / 248MB     0B / 0B           10
bfbf1d127563   dev-peer0.org2.example.com-basic_1.0-5888a1b6a788a537cf2b46cb928c59bbb52e5df079b509a9f561584935c51671   0.00%     5.902MiB / 2GiB       661kB / 787kB     0B / 0B           7
d83f850aa6d0   dev-peer3.org1.example.com-basic_1.0-5888a1b6a788a537cf2b46cb928c59bbb52e5df079b509a9f561584935c51671   24.94%    10.57MiB / 2GiB       294MB / 247MB     0B / 0B           10
db2b896e9fa8   dev-peer2.org1.example.com-basic_1.0-5888a1b6a788a537cf2b46cb928c59bbb52e5df079b509a9f561584935c51671   19.32%    9.195MiB / 2GiB       295MB / 248MB     0B / 0B           9
79b3959af5a9   peer3.org1.example.com                                                                                  9.33%     114.7MiB / 11.57GiB   263MB / 776MB     28.7kB / 3.58MB   11
173957f1efd7   peer2.org1.example.com                                                                                  7.34%     125MiB / 11.57GiB     261MB / 779MB     0B / 3.57MB       12
6b52a2feedf3   peer1.org1.example.com                                                                                  8.83%     109.6MiB / 11.57GiB   261MB / 780MB     0B / 3.57MB       11
b9227a1b2c76   cli                                                                                                     0.00%     1.09MiB / 11.57GiB    109kB / 17.4kB    389kB / 336kB     1
6ca81a83e58f   peer0.org2.example.com                                                                                  1.01%     101.5MiB / 11.57GiB   6.62MB / 3.66MB   0B / 3.43MB       10
6e86fd93aec3   peer0.org1.example.com                                                                                  66.89%    204.2MiB / 11.57GiB   612MB / 201MB     0B / 3.43MB       12
a837ede80b9a   couchdb1                                                                                                1.51%     58.28MiB / 11.57GiB   565kB / 565kB     0B / 1.55MB       42
81e37aa368a6   orderer.example.com                                                                                     0.05%     24.09MiB / 11.57GiB   534kB / 1.55MB    0B / 618kB        10
11d434a1ec2f   couchdb0                                                                                                144.88%   138.4MiB / 11.57GiB   25.3MB / 545MB    0B / 1.55MB       42
0c2259c3986b   ca_org2                                                                                                 0.00%     7.137MiB / 11.57GiB   27.4kB / 35.5kB   0B / 737kB        7
3c078f73c206   ca_orderer                                                                                              0.00%     7.188MiB / 11.57GiB   22.7kB / 27.2kB   0B / 659kB        7
57600c10fef7   ca_org1                                                                                                 0.00%     7.203MiB / 11.57GiB   46.1kB / 77.6kB   0B / 1.13MB       8
CONTAINER      NAME                                                                                                    CPU %     MEM USAGE / LIMIT     NET I/O           BLOCK I/O         PIDS
24bb6ee4d692   dev-peer0.org1.example.com-basic_1.0-5888a1b6a788a537cf2b46cb928c59bbb52e5df079b509a9f561584935c51671   26.64%    16.05MiB / 2GiB       76.8MB / 60.1MB   0B / 0B           9
17fd564de689   dev-peer1.org1.example.com-basic_1.0-5888a1b6a788a537cf2b46cb928c59bbb52e5df079b509a9f561584935c51671   16.97%    9.75MiB / 2GiB        300MB / 252MB     0B / 0B           10
bfbf1d127563   dev-peer0.org2.example.com-basic_1.0-5888a1b6a788a537cf2b46cb928c59bbb52e5df079b509a9f561584935c51671   0.00%     5.902MiB / 2GiB       661kB / 787kB     0B / 0B           7
d83f850aa6d0   dev-peer3.org1.example.com-basic_1.0-5888a1b6a788a537cf2b46cb928c59bbb52e5df079b509a9f561584935c51671   36.28%    9.438MiB / 2GiB       299MB / 251MB     0B / 0B           10
db2b896e9fa8   dev-peer2.org1.example.com-basic_1.0-5888a1b6a788a537cf2b46cb928c59bbb52e5df079b509a9f561584935c51671   20.55%    9.383MiB / 2GiB       300MB / 252MB     0B / 0B           9
79b3959af5a9   peer3.org1.example.com                                                                                  14.75%    115.9MiB / 11.57GiB   267MB / 790MB     28.7kB / 3.58MB   11
173957f1efd7   peer2.org1.example.com                                                                                  9.52%     125MiB / 11.57GiB     265MB / 791MB     0B / 3.57MB       12
6b52a2feedf3   peer1.org1.example.com                                                                                  6.88%     109.5MiB / 11.57GiB   266MB / 792MB     0B / 3.57MB       11
b9227a1b2c76   cli                                                                                                     0.00%     1.09MiB / 11.57GiB    109kB / 17.4kB    389kB / 336kB     1
6ca81a83e58f   peer0.org2.example.com                                                                                  0.77%     101.5MiB / 11.57GiB   6.64MB / 3.68MB   0B / 3.43MB       10
6e86fd93aec3   peer0.org1.example.com                                                                                  46.72%    197.6MiB / 11.57GiB   630MB / 217MB     0B / 3.43MB       12
a837ede80b9a   couchdb1                                                                                                0.76%     58.28MiB / 11.57GiB   565kB / 565kB     0B / 1.55MB       42
81e37aa368a6   orderer.example.com                                                                                     0.04%     24.09MiB / 11.57GiB   535kB / 1.56MB    0B / 618kB        10
11d434a1ec2f   couchdb0                                                                                                158.57%   138.7MiB / 11.57GiB   25.9MB / 559MB    0B / 1.55MB       42
0c2259c3986b   ca_org2                                                                                                 0.00%     7.137MiB / 11.57GiB   27.4kB / 35.5kB   0B / 737kB        7
3c078f73c206   ca_orderer                                                                                              0.00%     7.188MiB / 11.57GiB   22.7kB / 27.2kB   0B / 659kB        7
57600c10fef7   ca_org1                                                                                                 0.00%     7.203MiB / 11.57GiB   46.1kB / 77.6kB   0B / 1.13MB       8
CONTAINER      NAME                                                                                                    CPU %     MEM USAGE / LIMIT     NET I/O           BLOCK I/O         PIDS
24bb6ee4d692   dev-peer0.org1.example.com-basic_1.0-5888a1b6a788a537cf2b46cb928c59bbb52e5df079b509a9f561584935c51671   26.14%    16.32MiB / 2GiB       82.4MB / 64.9MB   0B / 0B           9
17fd564de689   dev-peer1.org1.example.com-basic_1.0-5888a1b6a788a537cf2b46cb928c59bbb52e5df079b509a9f561584935c51671   10.21%    9.582MiB / 2GiB       305MB / 256MB     0B / 0B           10
bfbf1d127563   dev-peer0.org2.example.com-basic_1.0-5888a1b6a788a537cf2b46cb928c59bbb52e5df079b509a9f561584935c51671   0.00%     5.902MiB / 2GiB       661kB / 787kB     0B / 0B           7
d83f850aa6d0   dev-peer3.org1.example.com-basic_1.0-5888a1b6a788a537cf2b46cb928c59bbb52e5df079b509a9f561584935c51671   33.88%    9.73MiB / 2GiB        304MB / 255MB     0B / 0B           10
db2b896e9fa8   dev-peer2.org1.example.com-basic_1.0-5888a1b6a788a537cf2b46cb928c59bbb52e5df079b509a9f561584935c51671   21.83%    9.738MiB / 2GiB       305MB / 256MB     0B / 0B           9
79b3959af5a9   peer3.org1.example.com                                                                                  14.07%    116.5MiB / 11.57GiB   271MB / 802MB     28.7kB / 3.58MB   11
173957f1efd7   peer2.org1.example.com                                                                                  9.49%     116.1MiB / 11.57GiB   269MB / 804MB     0B / 3.57MB       12
6b52a2feedf3   peer1.org1.example.com                                                                                  5.22%     109.5MiB / 11.57GiB   270MB / 805MB     0B / 3.57MB       11
b9227a1b2c76   cli                                                                                                     0.00%     1.09MiB / 11.57GiB    109kB / 17.4kB    389kB / 336kB     1
6ca81a83e58f   peer0.org2.example.com                                                                                  1.19%     101.5MiB / 11.57GiB   6.67MB / 3.71MB   0B / 3.43MB       10
6e86fd93aec3   peer0.org1.example.com                                                                                  49.80%    198.3MiB / 11.57GiB   645MB / 232MB     0B / 3.43MB       12
a837ede80b9a   couchdb1                                                                                                1.02%     58.28MiB / 11.57GiB   565kB / 565kB     0B / 1.55MB       42
81e37aa368a6   orderer.example.com                                                                                     0.06%     24.09MiB / 11.57GiB   536kB / 1.56MB    0B / 618kB        10
11d434a1ec2f   couchdb0                                                                                                172.38%   138.5MiB / 11.57GiB   26.3MB / 569MB    0B / 1.55MB       42
0c2259c3986b   ca_org2                                                                                                 0.27%     7.105MiB / 11.57GiB   27.4kB / 35.5kB   0B / 737kB        7
3c078f73c206   ca_orderer                                                                                              0.24%     7.156MiB / 11.57GiB   22.7kB / 27.2kB   0B / 659kB        7
57600c10fef7   ca_org1                                                                                                 0.00%     7.203MiB / 11.57GiB   46.1kB / 77.6kB   0B / 1.13MB       8
CONTAINER      NAME                                                                                                    CPU %     MEM USAGE / LIMIT     NET I/O           BLOCK I/O         PIDS
24bb6ee4d692   dev-peer0.org1.example.com-basic_1.0-5888a1b6a788a537cf2b46cb928c59bbb52e5df079b509a9f561584935c51671   24.18%    18.3MiB / 2GiB        86.9MB / 68.6MB   0B / 0B           9
17fd564de689   dev-peer1.org1.example.com-basic_1.0-5888a1b6a788a537cf2b46cb928c59bbb52e5df079b509a9f561584935c51671   22.37%    13.02MiB / 2GiB       310MB / 261MB     0B / 0B           10
bfbf1d127563   dev-peer0.org2.example.com-basic_1.0-5888a1b6a788a537cf2b46cb928c59bbb52e5df079b509a9f561584935c51671   0.00%     5.902MiB / 2GiB       661kB / 787kB     0B / 0B           7
d83f850aa6d0   dev-peer3.org1.example.com-basic_1.0-5888a1b6a788a537cf2b46cb928c59bbb52e5df079b509a9f561584935c51671   24.55%    9.492MiB / 2GiB       308MB / 259MB     0B / 0B           10
db2b896e9fa8   dev-peer2.org1.example.com-basic_1.0-5888a1b6a788a537cf2b46cb928c59bbb52e5df079b509a9f561584935c51671   24.38%    11.96MiB / 2GiB       310MB / 260MB     0B / 0B           9
79b3959af5a9   peer3.org1.example.com                                                                                  9.61%     117.1MiB / 11.57GiB   275MB / 814MB     28.7kB / 3.58MB   11
173957f1efd7   peer2.org1.example.com                                                                                  11.60%    124.8MiB / 11.57GiB   274MB / 817MB     0B / 3.57MB       12
6b52a2feedf3   peer1.org1.example.com                                                                                  9.72%     109.5MiB / 11.57GiB   274MB / 818MB     0B / 3.57MB       11
b9227a1b2c76   cli                                                                                                     0.00%     1.09MiB / 11.57GiB    109kB / 17.4kB    389kB / 336kB     1
6ca81a83e58f   peer0.org2.example.com                                                                                  1.59%     101.5MiB / 11.57GiB   6.69MB / 3.73MB   0B / 3.43MB       10
6e86fd93aec3   peer0.org1.example.com                                                                                  61.07%    187.8MiB / 11.57GiB   664MB / 249MB     0B / 3.43MB       12
a837ede80b9a   couchdb1                                                                                                1.06%     58.28MiB / 11.57GiB   565kB / 565kB     0B / 1.55MB       42
81e37aa368a6   orderer.example.com                                                                                     0.04%     24.09MiB / 11.57GiB   536kB / 1.56MB    0B / 618kB        10
11d434a1ec2f   couchdb0                                                                                                158.28%   138.7MiB / 11.57GiB   26.8MB / 583MB    0B / 1.55MB       42
0c2259c3986b   ca_org2                                                                                                 0.00%     7.105MiB / 11.57GiB   27.4kB / 35.5kB   0B / 737kB        7
3c078f73c206   ca_orderer                                                                                              0.00%     7.156MiB / 11.57GiB   22.7kB / 27.2kB   0B / 659kB        7
57600c10fef7   ca_org1                                                                                                 0.00%     7.203MiB / 11.57GiB   46.1kB / 77.6kB   0B / 1.13MB       8
CONTAINER      NAME                                                                                                    CPU %     MEM USAGE / LIMIT     NET I/O           BLOCK I/O         PIDS
24bb6ee4d692   dev-peer0.org1.example.com-basic_1.0-5888a1b6a788a537cf2b46cb928c59bbb52e5df079b509a9f561584935c51671   46.64%    14.7MiB / 2GiB        95.6MB / 75.9MB   0B / 0B           9
17fd564de689   dev-peer1.org1.example.com-basic_1.0-5888a1b6a788a537cf2b46cb928c59bbb52e5df079b509a9f561584935c51671   34.06%    9.555MiB / 2GiB       315MB / 265MB     0B / 0B           10
bfbf1d127563   dev-peer0.org2.example.com-basic_1.0-5888a1b6a788a537cf2b46cb928c59bbb52e5df079b509a9f561584935c51671   0.00%     5.902MiB / 2GiB       661kB / 787kB     0B / 0B           7
d83f850aa6d0   dev-peer3.org1.example.com-basic_1.0-5888a1b6a788a537cf2b46cb928c59bbb52e5df079b509a9f561584935c51671   19.29%    9.688MiB / 2GiB       313MB / 263MB     0B / 0B           10
db2b896e9fa8   dev-peer2.org1.example.com-basic_1.0-5888a1b6a788a537cf2b46cb928c59bbb52e5df079b509a9f561584935c51671   15.70%    9.258MiB / 2GiB       314MB / 264MB     0B / 0B           9
79b3959af5a9   peer3.org1.example.com                                                                                  8.50%     117.1MiB / 11.57GiB   279MB / 827MB     28.7kB / 3.58MB   11
173957f1efd7   peer2.org1.example.com                                                                                  6.74%     126MiB / 11.57GiB     277MB / 829MB     0B / 3.57MB       12
6b52a2feedf3   peer1.org1.example.com                                                                                  14.16%    109.6MiB / 11.57GiB   278MB / 831MB     0B / 3.57MB       11
b9227a1b2c76   cli                                                                                                     0.00%     1.09MiB / 11.57GiB    109kB / 17.4kB    389kB / 336kB     1
6ca81a83e58f   peer0.org2.example.com                                                                                  1.15%     101.5MiB / 11.57GiB   6.71MB / 3.75MB   0B / 3.43MB       10
6e86fd93aec3   peer0.org1.example.com                                                                                  72.31%    187.4MiB / 11.57GiB   684MB / 268MB     0B / 3.43MB       12
a837ede80b9a   couchdb1                                                                                                0.78%     58.29MiB / 11.57GiB   565kB / 565kB     0B / 1.55MB       42
81e37aa368a6   orderer.example.com                                                                                     0.06%     24.09MiB / 11.57GiB   537kB / 1.56MB    0B / 618kB        10
11d434a1ec2f   couchdb0                                                                                                136.23%   138.4MiB / 11.57GiB   27.3MB / 596MB    0B / 1.55MB       42
0c2259c3986b   ca_org2                                                                                                 0.00%     7.105MiB / 11.57GiB   27.4kB / 35.5kB   0B / 737kB        7
3c078f73c206   ca_orderer                                                                                              0.00%     7.156MiB / 11.57GiB   22.7kB / 27.2kB   0B / 659kB        7
57600c10fef7   ca_org1                                                                                                 0.00%     7.203MiB / 11.57GiB   46.1kB / 77.6kB   0B / 1.13MB       8
CONTAINER      NAME                                                                                                    CPU %     MEM USAGE / LIMIT     NET I/O           BLOCK I/O         PIDS
24bb6ee4d692   dev-peer0.org1.example.com-basic_1.0-5888a1b6a788a537cf2b46cb928c59bbb52e5df079b509a9f561584935c51671   28.97%    16.17MiB / 2GiB       101MB / 80.7MB    0B / 0B           9
17fd564de689   dev-peer1.org1.example.com-basic_1.0-5888a1b6a788a537cf2b46cb928c59bbb52e5df079b509a9f561584935c51671   22.82%    10.31MiB / 2GiB       320MB / 269MB     0B / 0B           10
bfbf1d127563   dev-peer0.org2.example.com-basic_1.0-5888a1b6a788a537cf2b46cb928c59bbb52e5df079b509a9f561584935c51671   0.00%     5.902MiB / 2GiB       661kB / 788kB     0B / 0B           7
d83f850aa6d0   dev-peer3.org1.example.com-basic_1.0-5888a1b6a788a537cf2b46cb928c59bbb52e5df079b509a9f561584935c51671   44.89%    10.52MiB / 2GiB       317MB / 267MB     0B / 0B           10
db2b896e9fa8   dev-peer2.org1.example.com-basic_1.0-5888a1b6a788a537cf2b46cb928c59bbb52e5df079b509a9f561584935c51671   17.94%    9.258MiB / 2GiB       319MB / 268MB     0B / 0B           9
79b3959af5a9   peer3.org1.example.com                                                                                  6.96%     111.6MiB / 11.57GiB   284MB / 841MB     28.7kB / 3.58MB   11
173957f1efd7   peer2.org1.example.com                                                                                  7.48%     126.1MiB / 11.57GiB   282MB / 843MB     0B / 3.57MB       12
6b52a2feedf3   peer1.org1.example.com                                                                                  11.91%    102.9MiB / 11.57GiB   283MB / 844MB     0B / 3.57MB       11
b9227a1b2c76   cli                                                                                                     0.00%     1.09MiB / 11.57GiB    109kB / 17.4kB    389kB / 336kB     1
6ca81a83e58f   peer0.org2.example.com                                                                                  1.47%     101.5MiB / 11.57GiB   6.73MB / 3.77MB   0B / 3.43MB       10
6e86fd93aec3   peer0.org1.example.com                                                                                  51.14%    179.6MiB / 11.57GiB   700MB / 283MB     0B / 3.43MB       12
a837ede80b9a   couchdb1                                                                                                1.14%     58.28MiB / 11.57GiB   565kB / 565kB     0B / 1.55MB       42
81e37aa368a6   orderer.example.com                                                                                     0.05%     24.09MiB / 11.57GiB   538kB / 1.56MB    0B / 618kB        10
11d434a1ec2f   couchdb0                                                                                                185.63%   134.4MiB / 11.57GiB   27.7MB / 607MB    0B / 1.55MB       42
0c2259c3986b   ca_org2                                                                                                 0.00%     7.105MiB / 11.57GiB   27.4kB / 35.5kB   0B / 737kB        7
3c078f73c206   ca_orderer                                                                                              0.00%     7.156MiB / 11.57GiB   22.7kB / 27.2kB   0B / 659kB        7
57600c10fef7   ca_org1                                                                                                 0.00%     7.203MiB / 11.57GiB   46.1kB / 77.6kB   0B / 1.13MB       8
CONTAINER      NAME                                                                                                    CPU %     MEM USAGE / LIMIT     NET I/O           BLOCK I/O         PIDS
24bb6ee4d692   dev-peer0.org1.example.com-basic_1.0-5888a1b6a788a537cf2b46cb928c59bbb52e5df079b509a9f561584935c51671   29.16%    16.92MiB / 2GiB       106MB / 84.6MB    0B / 0B           9
17fd564de689   dev-peer1.org1.example.com-basic_1.0-5888a1b6a788a537cf2b46cb928c59bbb52e5df079b509a9f561584935c51671   29.13%    9.613MiB / 2GiB       326MB / 274MB     0B / 0B           10
bfbf1d127563   dev-peer0.org2.example.com-basic_1.0-5888a1b6a788a537cf2b46cb928c59bbb52e5df079b509a9f561584935c51671   0.00%     5.902MiB / 2GiB       661kB / 788kB     0B / 0B           7
d83f850aa6d0   dev-peer3.org1.example.com-basic_1.0-5888a1b6a788a537cf2b46cb928c59bbb52e5df079b509a9f561584935c51671   18.13%    11.1MiB / 2GiB        323MB / 272MB     0B / 0B           10
db2b896e9fa8   dev-peer2.org1.example.com-basic_1.0-5888a1b6a788a537cf2b46cb928c59bbb52e5df079b509a9f561584935c51671   29.18%    10.31MiB / 2GiB       325MB / 273MB     0B / 0B           9
79b3959af5a9   peer3.org1.example.com                                                                                  7.71%     116.4MiB / 11.57GiB   288MB / 854MB     28.7kB / 3.58MB   11
173957f1efd7   peer2.org1.example.com                                                                                  11.84%    126.2MiB / 11.57GiB   287MB / 857MB     0B / 3.57MB       12
6b52a2feedf3   peer1.org1.example.com                                                                                  12.29%    104.2MiB / 11.57GiB   287MB / 859MB     0B / 3.57MB       11
b9227a1b2c76   cli                                                                                                     0.00%     1.09MiB / 11.57GiB    109kB / 17.4kB    389kB / 336kB     1
6ca81a83e58f   peer0.org2.example.com                                                                                  1.36%     101.5MiB / 11.57GiB   6.75MB / 3.8MB    0B / 3.43MB       10
6e86fd93aec3   peer0.org1.example.com                                                                                  45.63%    183.3MiB / 11.57GiB   715MB / 296MB     0B / 3.43MB       12
a837ede80b9a   couchdb1                                                                                                1.78%     58.28MiB / 11.57GiB   565kB / 565kB     0B / 1.55MB       42
81e37aa368a6   orderer.example.com                                                                                     0.04%     24.09MiB / 11.57GiB   538kB / 1.56MB    0B / 618kB        10
11d434a1ec2f   couchdb0                                                                                                163.29%   134.3MiB / 11.57GiB   28.1MB / 618MB    0B / 1.55MB       42
0c2259c3986b   ca_org2                                                                                                 0.00%     7.105MiB / 11.57GiB   27.4kB / 35.5kB   0B / 737kB        7
3c078f73c206   ca_orderer                                                                                              0.00%     7.156MiB / 11.57GiB   22.7kB / 27.2kB   0B / 659kB        7
57600c10fef7   ca_org1                                                                                                 0.00%     7.203MiB / 11.57GiB   46.1kB / 77.6kB   0B / 1.13MB       8
CONTAINER      NAME                                                                                                    CPU %     MEM USAGE / LIMIT     NET I/O           BLOCK I/O         PIDS
24bb6ee4d692   dev-peer0.org1.example.com-basic_1.0-5888a1b6a788a537cf2b46cb928c59bbb52e5df079b509a9f561584935c51671   26.67%    15.43MiB / 2GiB       111MB / 89.2MB    0B / 0B           9
17fd564de689   dev-peer1.org1.example.com-basic_1.0-5888a1b6a788a537cf2b46cb928c59bbb52e5df079b509a9f561584935c51671   22.68%    9.262MiB / 2GiB       330MB / 278MB     0B / 0B           10
bfbf1d127563   dev-peer0.org2.example.com-basic_1.0-5888a1b6a788a537cf2b46cb928c59bbb52e5df079b509a9f561584935c51671   0.00%     5.902MiB / 2GiB       661kB / 788kB     0B / 0B           7
d83f850aa6d0   dev-peer3.org1.example.com-basic_1.0-5888a1b6a788a537cf2b46cb928c59bbb52e5df079b509a9f561584935c51671   23.25%    10.18MiB / 2GiB       329MB / 276MB     0B / 0B           10
db2b896e9fa8   dev-peer2.org1.example.com-basic_1.0-5888a1b6a788a537cf2b46cb928c59bbb52e5df079b509a9f561584935c51671   25.31%    9.562MiB / 2GiB       330MB / 277MB     0B / 0B           9
79b3959af5a9   peer3.org1.example.com                                                                                  12.43%    116.2MiB / 11.57GiB   293MB / 868MB     28.7kB / 3.58MB   11
173957f1efd7   peer2.org1.example.com                                                                                  11.76%    126.3MiB / 11.57GiB   291MB / 871MB     0B / 3.57MB       12
6b52a2feedf3   peer1.org1.example.com                                                                                  10.96%    102MiB / 11.57GiB     292MB / 872MB     0B / 3.57MB       11
b9227a1b2c76   cli                                                                                                     0.00%     1.09MiB / 11.57GiB    109kB / 17.4kB    389kB / 336kB     1
6ca81a83e58f   peer0.org2.example.com                                                                                  1.72%     101.5MiB / 11.57GiB   6.78MB / 3.82MB   0B / 3.43MB       10
6e86fd93aec3   peer0.org1.example.com                                                                                  44.06%    186.7MiB / 11.57GiB   733MB / 310MB     0B / 3.43MB       12
a837ede80b9a   couchdb1                                                                                                1.22%     58.28MiB / 11.57GiB   565kB / 565kB     0B / 1.55MB       42
81e37aa368a6   orderer.example.com                                                                                     0.05%     24.09MiB / 11.57GiB   539kB / 1.56MB    0B / 618kB        10
11d434a1ec2f   couchdb0                                                                                                139.65%   134.4MiB / 11.57GiB   28.6MB / 632MB    0B / 1.55MB       42
0c2259c3986b   ca_org2                                                                                                 0.00%     7.105MiB / 11.57GiB   27.4kB / 35.5kB   0B / 737kB        7
3c078f73c206   ca_orderer                                                                                              0.00%     7.156MiB / 11.57GiB   22.7kB / 27.2kB   0B / 659kB        7
57600c10fef7   ca_org1                                                                                                 0.00%     7.203MiB / 11.57GiB   46.1kB / 77.6kB   0B / 1.13MB       8
CONTAINER      NAME                                                                                                    CPU %     MEM USAGE / LIMIT     NET I/O           BLOCK I/O         PIDS
24bb6ee4d692   dev-peer0.org1.example.com-basic_1.0-5888a1b6a788a537cf2b46cb928c59bbb52e5df079b509a9f561584935c51671   21.55%    14.67MiB / 2GiB       115MB / 92.7MB    0B / 0B           9
17fd564de689   dev-peer1.org1.example.com-basic_1.0-5888a1b6a788a537cf2b46cb928c59bbb52e5df079b509a9f561584935c51671   35.35%    9.125MiB / 2GiB       336MB / 283MB     0B / 0B           10
bfbf1d127563   dev-peer0.org2.example.com-basic_1.0-5888a1b6a788a537cf2b46cb928c59bbb52e5df079b509a9f561584935c51671   0.00%     5.902MiB / 2GiB       661kB / 788kB     0B / 0B           7
d83f850aa6d0   dev-peer3.org1.example.com-basic_1.0-5888a1b6a788a537cf2b46cb928c59bbb52e5df079b509a9f561584935c51671   20.80%    9.812MiB / 2GiB       334MB / 281MB     0B / 0B           10
db2b896e9fa8   dev-peer2.org1.example.com-basic_1.0-5888a1b6a788a537cf2b46cb928c59bbb52e5df079b509a9f561584935c51671   12.93%    9.211MiB / 2GiB       335MB / 282MB     0B / 0B           9
79b3959af5a9   peer3.org1.example.com                                                                                  9.29%     116.4MiB / 11.57GiB   298MB / 882MB     28.7kB / 3.58MB   11
173957f1efd7   peer2.org1.example.com                                                                                  7.42%     126.2MiB / 11.57GiB   296MB / 884MB     0B / 3.57MB       12
6b52a2feedf3   peer1.org1.example.com                                                                                  14.59%    103.9MiB / 11.57GiB   297MB / 887MB     0B / 3.57MB       11
b9227a1b2c76   cli                                                                                                     0.00%     1.09MiB / 11.57GiB    109kB / 17.4kB    389kB / 336kB     1
6ca81a83e58f   peer0.org2.example.com                                                                                  1.33%     101.5MiB / 11.57GiB   6.8MB / 3.84MB    0B / 3.43MB       10
6e86fd93aec3   peer0.org1.example.com                                                                                  67.07%    189.1MiB / 11.57GiB   751MB / 327MB     0B / 3.43MB       12
a837ede80b9a   couchdb1                                                                                                1.32%     58.28MiB / 11.57GiB   565kB / 565kB     0B / 1.55MB       42
81e37aa368a6   orderer.example.com                                                                                     0.04%     24.09MiB / 11.57GiB   540kB / 1.56MB    0B / 618kB        10
11d434a1ec2f   couchdb0                                                                                                146.89%   134.5MiB / 11.57GiB   29MB / 644MB      0B / 1.55MB       42
0c2259c3986b   ca_org2                                                                                                 0.00%     7.105MiB / 11.57GiB   27.4kB / 35.5kB   0B / 737kB        7
3c078f73c206   ca_orderer                                                                                              0.00%     7.156MiB / 11.57GiB   22.7kB / 27.2kB   0B / 659kB        7
57600c10fef7   ca_org1                                                                                                 0.00%     7.078MiB / 11.57GiB   46.1kB / 77.6kB   0B / 1.13MB       8
CONTAINER      NAME                                                                                                    CPU %     MEM USAGE / LIMIT     NET I/O           BLOCK I/O         PIDS
24bb6ee4d692   dev-peer0.org1.example.com-basic_1.0-5888a1b6a788a537cf2b46cb928c59bbb52e5df079b509a9f561584935c51671   29.99%    16.71MiB / 2GiB       123MB / 99MB      0B / 0B           9
17fd564de689   dev-peer1.org1.example.com-basic_1.0-5888a1b6a788a537cf2b46cb928c59bbb52e5df079b509a9f561584935c51671   33.07%    11.88MiB / 2GiB       342MB / 287MB     0B / 0B           10
bfbf1d127563   dev-peer0.org2.example.com-basic_1.0-5888a1b6a788a537cf2b46cb928c59bbb52e5df079b509a9f561584935c51671   0.00%     5.902MiB / 2GiB       661kB / 788kB     0B / 0B           7
d83f850aa6d0   dev-peer3.org1.example.com-basic_1.0-5888a1b6a788a537cf2b46cb928c59bbb52e5df079b509a9f561584935c51671   12.99%    9.973MiB / 2GiB       339MB / 285MB     0B / 0B           10
db2b896e9fa8   dev-peer2.org1.example.com-basic_1.0-5888a1b6a788a537cf2b46cb928c59bbb52e5df079b509a9f561584935c51671   21.82%    10.56MiB / 2GiB       341MB / 286MB     0B / 0B           9
79b3959af5a9   peer3.org1.example.com                                                                                  7.84%     110.3MiB / 11.57GiB   302MB / 896MB     28.7kB / 3.58MB   11
173957f1efd7   peer2.org1.example.com                                                                                  10.06%    126.3MiB / 11.57GiB   300MB / 899MB     0B / 3.57MB       12
6b52a2feedf3   peer1.org1.example.com                                                                                  13.14%    106.7MiB / 11.57GiB   302MB / 901MB     0B / 3.57MB       11
b9227a1b2c76   cli                                                                                                     0.00%     1.09MiB / 11.57GiB    109kB / 17.4kB    389kB / 336kB     1
6ca81a83e58f   peer0.org2.example.com                                                                                  0.94%     101.5MiB / 11.57GiB   6.82MB / 3.86MB   0B / 3.43MB       10
6e86fd93aec3   peer0.org1.example.com                                                                                  53.53%    186.5MiB / 11.57GiB   769MB / 342MB     0B / 3.43MB       12
a837ede80b9a   couchdb1                                                                                                1.23%     58.28MiB / 11.57GiB   565kB / 565kB     0B / 1.55MB       42
81e37aa368a6   orderer.example.com                                                                                     0.05%     24.09MiB / 11.57GiB   541kB / 1.56MB    0B / 618kB        10
11d434a1ec2f   couchdb0                                                                                                160.33%   134.3MiB / 11.57GiB   29.5MB / 657MB    0B / 1.55MB       42
0c2259c3986b   ca_org2                                                                                                 0.00%     7.105MiB / 11.57GiB   27.4kB / 35.5kB   0B / 737kB        7
3c078f73c206   ca_orderer                                                                                              0.00%     7.156MiB / 11.57GiB   22.7kB / 27.2kB   0B / 659kB        7
57600c10fef7   ca_org1                                                                                                 0.00%     7.078MiB / 11.57GiB   46.1kB / 77.6kB   0B / 1.13MB       8
CONTAINER      NAME                                                                                                    CPU %     MEM USAGE / LIMIT     NET I/O           BLOCK I/O         PIDS
24bb6ee4d692   dev-peer0.org1.example.com-basic_1.0-5888a1b6a788a537cf2b46cb928c59bbb52e5df079b509a9f561584935c51671   36.69%    14.62MiB / 2GiB       129MB / 104MB     0B / 0B           9
17fd564de689   dev-peer1.org1.example.com-basic_1.0-5888a1b6a788a537cf2b46cb928c59bbb52e5df079b509a9f561584935c51671   25.70%    9.312MiB / 2GiB       347MB / 291MB     0B / 0B           10
bfbf1d127563   dev-peer0.org2.example.com-basic_1.0-5888a1b6a788a537cf2b46cb928c59bbb52e5df079b509a9f561584935c51671   0.00%     5.902MiB / 2GiB       661kB / 788kB     0B / 0B           7
d83f850aa6d0   dev-peer3.org1.example.com-basic_1.0-5888a1b6a788a537cf2b46cb928c59bbb52e5df079b509a9f561584935c51671   24.78%    9.254MiB / 2GiB       345MB / 290MB     0B / 0B           10
db2b896e9fa8   dev-peer2.org1.example.com-basic_1.0-5888a1b6a788a537cf2b46cb928c59bbb52e5df079b509a9f561584935c51671   34.75%    10.11MiB / 2GiB       347MB / 291MB     0B / 0B           9
79b3959af5a9   peer3.org1.example.com                                                                                  9.74%     117.5MiB / 11.57GiB   307MB / 911MB     28.7kB / 3.58MB   11
173957f1efd7   peer2.org1.example.com                                                                                  13.90%    126.3MiB / 11.57GiB   306MB / 914MB     0B / 3.57MB       12
6b52a2feedf3   peer1.org1.example.com                                                                                  9.70%     106.9MiB / 11.57GiB   306MB / 915MB     0B / 3.57MB       11
b9227a1b2c76   cli                                                                                                     0.00%     1.09MiB / 11.57GiB    109kB / 17.4kB    389kB / 336kB     1
6ca81a83e58f   peer0.org2.example.com                                                                                  1.32%     101.5MiB / 11.57GiB   6.84MB / 3.88MB   0B / 3.43MB       10
6e86fd93aec3   peer0.org1.example.com                                                                                  52.56%    186.6MiB / 11.57GiB   786MB / 358MB     0B / 3.43MB       12
a837ede80b9a   couchdb1                                                                                                0.62%     58.28MiB / 11.57GiB   565kB / 565kB     0B / 1.55MB       42
81e37aa368a6   orderer.example.com                                                                                     0.05%     24.09MiB / 11.57GiB   541kB / 1.56MB    0B / 618kB        10
11d434a1ec2f   couchdb0                                                                                                136.29%   134.4MiB / 11.57GiB   29.9MB / 669MB    0B / 1.55MB       42
0c2259c3986b   ca_org2                                                                                                 0.00%     7.105MiB / 11.57GiB   27.4kB / 35.5kB   0B / 737kB        7
3c078f73c206   ca_orderer                                                                                              0.00%     7.156MiB / 11.57GiB   22.7kB / 27.2kB   0B / 659kB        7
57600c10fef7   ca_org1                                                                                                 0.00%     7.078MiB / 11.57GiB   46.1kB / 77.6kB   0B / 1.13MB       8
CONTAINER      NAME                                                                                                    CPU %     MEM USAGE / LIMIT     NET I/O           BLOCK I/O         PIDS
24bb6ee4d692   dev-peer0.org1.example.com-basic_1.0-5888a1b6a788a537cf2b46cb928c59bbb52e5df079b509a9f561584935c51671   31.09%    15.04MiB / 2GiB       134MB / 109MB     0B / 0B           9
17fd564de689   dev-peer1.org1.example.com-basic_1.0-5888a1b6a788a537cf2b46cb928c59bbb52e5df079b509a9f561584935c51671   40.69%    9.574MiB / 2GiB       351MB / 295MB     0B / 0B           10
bfbf1d127563   dev-peer0.org2.example.com-basic_1.0-5888a1b6a788a537cf2b46cb928c59bbb52e5df079b509a9f561584935c51671   0.00%     5.902MiB / 2GiB       661kB / 788kB     0B / 0B           7
d83f850aa6d0   dev-peer3.org1.example.com-basic_1.0-5888a1b6a788a537cf2b46cb928c59bbb52e5df079b509a9f561584935c51671   36.80%    10.61MiB / 2GiB       351MB / 295MB     0B / 0B           10
db2b896e9fa8   dev-peer2.org1.example.com-basic_1.0-5888a1b6a788a537cf2b46cb928c59bbb52e5df079b509a9f561584935c51671   25.64%    10.23MiB / 2GiB       352MB / 296MB     0B / 0B           9
79b3959af5a9   peer3.org1.example.com                                                                                  13.75%    117.8MiB / 11.57GiB   312MB / 926MB     28.7kB / 3.58MB   11
173957f1efd7   peer2.org1.example.com                                                                                  10.20%    126.4MiB / 11.57GiB   310MB / 928MB     0B / 3.57MB       12
6b52a2feedf3   peer1.org1.example.com                                                                                  6.20%     99.86MiB / 11.57GiB   310MB / 928MB     0B / 3.57MB       11
b9227a1b2c76   cli                                                                                                     0.00%     1.09MiB / 11.57GiB    109kB / 17.4kB    389kB / 336kB     1
6ca81a83e58f   peer0.org2.example.com                                                                                  0.81%     101.5MiB / 11.57GiB   6.86MB / 3.91MB   0B / 3.43MB       10
6e86fd93aec3   peer0.org1.example.com                                                                                  48.41%    186.6MiB / 11.57GiB   804MB / 373MB     0B / 3.43MB       12
a837ede80b9a   couchdb1                                                                                                0.14%     58.28MiB / 11.57GiB   565kB / 565kB     0B / 1.55MB       42
81e37aa368a6   orderer.example.com                                                                                     0.04%     24.09MiB / 11.57GiB   542kB / 1.56MB    0B / 618kB        10
11d434a1ec2f   couchdb0                                                                                                157.03%   134.3MiB / 11.57GiB   30.3MB / 682MB    0B / 1.55MB       42
0c2259c3986b   ca_org2                                                                                                 0.00%     7.105MiB / 11.57GiB   27.4kB / 35.5kB   0B / 737kB        7
3c078f73c206   ca_orderer                                                                                              0.00%     7.156MiB / 11.57GiB   22.7kB / 27.2kB   0B / 659kB        7
57600c10fef7   ca_org1                                                                                                 0.00%     7.078MiB / 11.57GiB   46.1kB / 77.6kB   0B / 1.13MB       8
CONTAINER      NAME                                                                                                    CPU %     MEM USAGE / LIMIT     NET I/O           BLOCK I/O         PIDS
24bb6ee4d692   dev-peer0.org1.example.com-basic_1.0-5888a1b6a788a537cf2b46cb928c59bbb52e5df079b509a9f561584935c51671   22.69%    14.36MiB / 2GiB       139MB / 113MB     0B / 0B           9
17fd564de689   dev-peer1.org1.example.com-basic_1.0-5888a1b6a788a537cf2b46cb928c59bbb52e5df079b509a9f561584935c51671   24.88%    11.14MiB / 2GiB       358MB / 301MB     0B / 0B           10
bfbf1d127563   dev-peer0.org2.example.com-basic_1.0-5888a1b6a788a537cf2b46cb928c59bbb52e5df079b509a9f561584935c51671   0.00%     5.902MiB / 2GiB       661kB / 788kB     0B / 0B           7
d83f850aa6d0   dev-peer3.org1.example.com-basic_1.0-5888a1b6a788a537cf2b46cb928c59bbb52e5df079b509a9f561584935c51671   34.91%    10.03MiB / 2GiB       356MB / 299MB     0B / 0B           10
db2b896e9fa8   dev-peer2.org1.example.com-basic_1.0-5888a1b6a788a537cf2b46cb928c59bbb52e5df079b509a9f561584935c51671   31.08%    9.457MiB / 2GiB       357MB / 300MB     0B / 0B           9
79b3959af5a9   peer3.org1.example.com                                                                                  14.57%    117.8MiB / 11.57GiB   317MB / 940MB     28.7kB / 3.58MB   11
173957f1efd7   peer2.org1.example.com                                                                                  10.58%    126.2MiB / 11.57GiB   315MB / 942MB     0B / 3.57MB       12
6b52a2feedf3   peer1.org1.example.com                                                                                  9.69%     103.3MiB / 11.57GiB   315MB / 943MB     0B / 3.57MB       11
b9227a1b2c76   cli                                                                                                     0.00%     1.09MiB / 11.57GiB    109kB / 17.4kB    389kB / 336kB     1
6ca81a83e58f   peer0.org2.example.com                                                                                  1.40%     101.5MiB / 11.57GiB   6.89MB / 3.93MB   0B / 3.43MB       10
6e86fd93aec3   peer0.org1.example.com                                                                                  45.42%    186.7MiB / 11.57GiB   818MB / 386MB     0B / 3.43MB       12
a837ede80b9a   couchdb1                                                                                                1.23%     58.28MiB / 11.57GiB   565kB / 565kB     0B / 1.55MB       42
81e37aa368a6   orderer.example.com                                                                                     0.05%     24.09MiB / 11.57GiB   543kB / 1.56MB    0B / 618kB        10
11d434a1ec2f   couchdb0                                                                                                160.14%   134.1MiB / 11.57GiB   30.7MB / 693MB    0B / 1.55MB       42
0c2259c3986b   ca_org2                                                                                                 0.00%     7.105MiB / 11.57GiB   27.4kB / 35.5kB   0B / 737kB        7
3c078f73c206   ca_orderer                                                                                              0.00%     7.156MiB / 11.57GiB   22.7kB / 27.2kB   0B / 659kB        7
57600c10fef7   ca_org1                                                                                                 0.00%     7.078MiB / 11.57GiB   46.1kB / 77.6kB   0B / 1.13MB       8
CONTAINER      NAME                                                                                                    CPU %     MEM USAGE / LIMIT     NET I/O           BLOCK I/O         PIDS
24bb6ee4d692   dev-peer0.org1.example.com-basic_1.0-5888a1b6a788a537cf2b46cb928c59bbb52e5df079b509a9f561584935c51671   27.18%    14.95MiB / 2GiB       143MB / 116MB     0B / 0B           9
17fd564de689   dev-peer1.org1.example.com-basic_1.0-5888a1b6a788a537cf2b46cb928c59bbb52e5df079b509a9f561584935c51671   32.73%    9.727MiB / 2GiB       363MB / 306MB     0B / 0B           10
bfbf1d127563   dev-peer0.org2.example.com-basic_1.0-5888a1b6a788a537cf2b46cb928c59bbb52e5df079b509a9f561584935c51671   0.00%     5.98MiB / 2GiB        661kB / 788kB     0B / 0B           7
d83f850aa6d0   dev-peer3.org1.example.com-basic_1.0-5888a1b6a788a537cf2b46cb928c59bbb52e5df079b509a9f561584935c51671   21.17%    12.28MiB / 2GiB       361MB / 304MB     0B / 0B           10
db2b896e9fa8   dev-peer2.org1.example.com-basic_1.0-5888a1b6a788a537cf2b46cb928c59bbb52e5df079b509a9f561584935c51671   23.56%    9.367MiB / 2GiB       363MB / 305MB     0B / 0B           9
79b3959af5a9   peer3.org1.example.com                                                                                  9.69%     117.7MiB / 11.57GiB   321MB / 954MB     28.7kB / 3.58MB   11
173957f1efd7   peer2.org1.example.com                                                                                  10.06%    112.2MiB / 11.57GiB   320MB / 957MB     0B / 3.57MB       12
6b52a2feedf3   peer1.org1.example.com                                                                                  13.34%    98.48MiB / 11.57GiB   320MB / 959MB     0B / 3.57MB       11
b9227a1b2c76   cli                                                                                                     0.00%     1.09MiB / 11.57GiB    109kB / 17.4kB    389kB / 336kB     1
6ca81a83e58f   peer0.org2.example.com                                                                                  1.24%     101.6MiB / 11.57GiB   6.91MB / 3.95MB   0B / 3.43MB       10
6e86fd93aec3   peer0.org1.example.com                                                                                  38.38%    184.7MiB / 11.57GiB   835MB / 399MB     0B / 3.43MB       12
a837ede80b9a   couchdb1                                                                                                0.84%     58.28MiB / 11.57GiB   565kB / 565kB     0B / 1.55MB       42
81e37aa368a6   orderer.example.com                                                                                     0.10%     24.11MiB / 11.57GiB   544kB / 1.56MB    0B / 618kB        10
11d434a1ec2f   couchdb0                                                                                                172.78%   134.4MiB / 11.57GiB   31.1MB / 705MB    0B / 1.55MB       42
0c2259c3986b   ca_org2                                                                                                 0.00%     7.105MiB / 11.57GiB   27.4kB / 35.5kB   0B / 737kB        7
3c078f73c206   ca_orderer                                                                                              0.00%     7.156MiB / 11.57GiB   22.7kB / 27.2kB   0B / 659kB        7
57600c10fef7   ca_org1                                                                                                 0.00%     7.078MiB / 11.57GiB   46.1kB / 77.6kB   0B / 1.13MB       8
CONTAINER      NAME                                                                                                    CPU %     MEM USAGE / LIMIT     NET I/O           BLOCK I/O         PIDS
24bb6ee4d692   dev-peer0.org1.example.com-basic_1.0-5888a1b6a788a537cf2b46cb928c59bbb52e5df079b509a9f561584935c51671   27.83%    14.61MiB / 2GiB       149MB / 121MB     0B / 0B           9
17fd564de689   dev-peer1.org1.example.com-basic_1.0-5888a1b6a788a537cf2b46cb928c59bbb52e5df079b509a9f561584935c51671   34.36%    9.598MiB / 2GiB       369MB / 310MB     0B / 0B           10
bfbf1d127563   dev-peer0.org2.example.com-basic_1.0-5888a1b6a788a537cf2b46cb928c59bbb52e5df079b509a9f561584935c51671   0.00%     5.98MiB / 2GiB        661kB / 788kB     0B / 0B           7
d83f850aa6d0   dev-peer3.org1.example.com-basic_1.0-5888a1b6a788a537cf2b46cb928c59bbb52e5df079b509a9f561584935c51671   21.14%    9.301MiB / 2GiB       367MB / 309MB     0B / 0B           10
db2b896e9fa8   dev-peer2.org1.example.com-basic_1.0-5888a1b6a788a537cf2b46cb928c59bbb52e5df079b509a9f561584935c51671   20.96%    9.445MiB / 2GiB       369MB / 310MB     0B / 0B           9
79b3959af5a9   peer3.org1.example.com                                                                                  10.03%    117.7MiB / 11.57GiB   326MB / 969MB     28.7kB / 3.58MB   11
173957f1efd7   peer2.org1.example.com                                                                                  9.33%     122.6MiB / 11.57GiB   325MB / 972MB     0B / 3.57MB       12
6b52a2feedf3   peer1.org1.example.com                                                                                  12.43%    101.8MiB / 11.57GiB   325MB / 974MB     0B / 3.57MB       11
b9227a1b2c76   cli                                                                                                     0.00%     1.09MiB / 11.57GiB    109kB / 17.4kB    389kB / 336kB     1
6ca81a83e58f   peer0.org2.example.com                                                                                  0.63%     101.7MiB / 11.57GiB   6.93MB / 3.97MB   0B / 3.43MB       10
6e86fd93aec3   peer0.org1.example.com                                                                                  59.00%    182.9MiB / 11.57GiB   853MB / 413MB     0B / 3.43MB       12
a837ede80b9a   couchdb1                                                                                                0.60%     58.28MiB / 11.57GiB   565kB / 565kB     0B / 1.55MB       42
81e37aa368a6   orderer.example.com                                                                                     0.05%     24.09MiB / 11.57GiB   544kB / 1.56MB    0B / 618kB        10
11d434a1ec2f   couchdb0                                                                                                149.85%   133.8MiB / 11.57GiB   31.6MB / 718MB    0B / 1.55MB       42
0c2259c3986b   ca_org2                                                                                                 0.00%     7.105MiB / 11.57GiB   27.4kB / 35.5kB   0B / 737kB        7
3c078f73c206   ca_orderer                                                                                              0.00%     7.156MiB / 11.57GiB   22.7kB / 27.2kB   0B / 659kB        7
57600c10fef7   ca_org1                                                                                                 0.00%     7.078MiB / 11.57GiB   46.1kB / 77.6kB   0B / 1.13MB       8
CONTAINER      NAME                                                                                                    CPU %     MEM USAGE / LIMIT     NET I/O           BLOCK I/O         PIDS
24bb6ee4d692   dev-peer0.org1.example.com-basic_1.0-5888a1b6a788a537cf2b46cb928c59bbb52e5df079b509a9f561584935c51671   21.94%    14.18MiB / 2GiB       154MB / 125MB     0B / 0B           9
17fd564de689   dev-peer1.org1.example.com-basic_1.0-5888a1b6a788a537cf2b46cb928c59bbb52e5df079b509a9f561584935c51671   42.22%    9.289MiB / 2GiB       375MB / 315MB     0B / 0B           10
bfbf1d127563   dev-peer0.org2.example.com-basic_1.0-5888a1b6a788a537cf2b46cb928c59bbb52e5df079b509a9f561584935c51671   0.00%     5.98MiB / 2GiB        661kB / 788kB     0B / 0B           7
d83f850aa6d0   dev-peer3.org1.example.com-basic_1.0-5888a1b6a788a537cf2b46cb928c59bbb52e5df079b509a9f561584935c51671   39.96%    11.95MiB / 2GiB       373MB / 314MB     0B / 0B           10
db2b896e9fa8   dev-peer2.org1.example.com-basic_1.0-5888a1b6a788a537cf2b46cb928c59bbb52e5df079b509a9f561584935c51671   44.02%    9.82MiB / 2GiB        375MB / 315MB     0B / 0B           9
79b3959af5a9   peer3.org1.example.com                                                                                  15.47%    117.8MiB / 11.57GiB   332MB / 987MB     28.7kB / 3.58MB   11
173957f1efd7   peer2.org1.example.com                                                                                  17.77%    124.1MiB / 11.57GiB   330MB / 989MB     0B / 3.57MB       12
6b52a2feedf3   peer1.org1.example.com                                                                                  15.90%    105.5MiB / 11.57GiB   331MB / 990MB     0B / 3.57MB       11
b9227a1b2c76   cli                                                                                                     0.00%     1.09MiB / 11.57GiB    109kB / 17.4kB    389kB / 336kB     1
6ca81a83e58f   peer0.org2.example.com                                                                                  1.21%     101.7MiB / 11.57GiB   6.95MB / 4MB      0B / 3.43MB       10
6e86fd93aec3   peer0.org1.example.com                                                                                  32.85%    189.8MiB / 11.57GiB   866MB / 426MB     0B / 3.43MB       12
a837ede80b9a   couchdb1                                                                                                1.28%     58.28MiB / 11.57GiB   565kB / 565kB     0B / 1.55MB       42
81e37aa368a6   orderer.example.com                                                                                     0.09%     21.63MiB / 11.57GiB   545kB / 1.57MB    0B / 618kB        10
11d434a1ec2f   couchdb0                                                                                                98.66%    133.7MiB / 11.57GiB   31.9MB / 728MB    0B / 1.55MB       42
0c2259c3986b   ca_org2                                                                                                 0.00%     7.137MiB / 11.57GiB   27.4kB / 35.5kB   0B / 737kB        7
3c078f73c206   ca_orderer                                                                                              0.00%     7.156MiB / 11.57GiB   22.7kB / 27.2kB   0B / 659kB        7
57600c10fef7   ca_org1                                                                                                 0.00%     7.078MiB / 11.57GiB   46.1kB / 77.6kB   0B / 1.13MB       8
CONTAINER      NAME                                                                                                    CPU %     MEM USAGE / LIMIT     NET I/O           BLOCK I/O         PIDS
24bb6ee4d692   dev-peer0.org1.example.com-basic_1.0-5888a1b6a788a537cf2b46cb928c59bbb52e5df079b509a9f561584935c51671   21.75%    18.04MiB / 2GiB       158MB / 129MB     0B / 0B           9
17fd564de689   dev-peer1.org1.example.com-basic_1.0-5888a1b6a788a537cf2b46cb928c59bbb52e5df079b509a9f561584935c51671   25.65%    9.809MiB / 2GiB       381MB / 320MB     0B / 0B           10
bfbf1d127563   dev-peer0.org2.example.com-basic_1.0-5888a1b6a788a537cf2b46cb928c59bbb52e5df079b509a9f561584935c51671   0.00%     5.98MiB / 2GiB        662kB / 788kB     0B / 0B           7
d83f850aa6d0   dev-peer3.org1.example.com-basic_1.0-5888a1b6a788a537cf2b46cb928c59bbb52e5df079b509a9f561584935c51671   25.97%    11.05MiB / 2GiB       379MB / 319MB     0B / 0B           10
db2b896e9fa8   dev-peer2.org1.example.com-basic_1.0-5888a1b6a788a537cf2b46cb928c59bbb52e5df079b509a9f561584935c51671   22.39%    9.246MiB / 2GiB       380MB / 320MB     0B / 0B           9
79b3959af5a9   peer3.org1.example.com                                                                                  12.49%    113.5MiB / 11.57GiB   337MB / 1GB       28.7kB / 3.58MB   11
173957f1efd7   peer2.org1.example.com                                                                                  9.84%     124.5MiB / 11.57GiB   335MB / 1GB       0B / 3.57MB       12
6b52a2feedf3   peer1.org1.example.com                                                                                  11.41%    105.2MiB / 11.57GiB   336MB / 1GB       0B / 3.57MB       11
b9227a1b2c76   cli                                                                                                     0.00%     1.09MiB / 11.57GiB    109kB / 17.4kB    389kB / 336kB     1
6ca81a83e58f   peer0.org2.example.com                                                                                  0.74%     101.7MiB / 11.57GiB   6.97MB / 4.02MB   0B / 3.43MB       10
6e86fd93aec3   peer0.org1.example.com                                                                                  42.92%    192MiB / 11.57GiB     885MB / 439MB     0B / 3.43MB       12
a837ede80b9a   couchdb1                                                                                                5.34%     58.28MiB / 11.57GiB   565kB / 565kB     0B / 1.55MB       42
81e37aa368a6   orderer.example.com                                                                                     0.07%     21.64MiB / 11.57GiB   545kB / 1.57MB    0B / 618kB        10
11d434a1ec2f   couchdb0                                                                                                176.25%   134.2MiB / 11.57GiB   32.5MB / 742MB    0B / 1.55MB       42
0c2259c3986b   ca_org2                                                                                                 0.00%     7.137MiB / 11.57GiB   27.4kB / 35.5kB   0B / 737kB        7
3c078f73c206   ca_orderer                                                                                              0.00%     7.156MiB / 11.57GiB   22.7kB / 27.2kB   0B / 659kB        7
57600c10fef7   ca_org1                                                                                                 0.00%     7.078MiB / 11.57GiB   46.1kB / 77.6kB   0B / 1.13MB       8
CONTAINER      NAME                                                                                                    CPU %     MEM USAGE / LIMIT     NET I/O           BLOCK I/O         PIDS
24bb6ee4d692   dev-peer0.org1.example.com-basic_1.0-5888a1b6a788a537cf2b46cb928c59bbb52e5df079b509a9f561584935c51671   26.77%    17.83MiB / 2GiB       162MB / 132MB     0B / 0B           9
17fd564de689   dev-peer1.org1.example.com-basic_1.0-5888a1b6a788a537cf2b46cb928c59bbb52e5df079b509a9f561584935c51671   16.18%    9.496MiB / 2GiB       386MB / 324MB     0B / 0B           10
bfbf1d127563   dev-peer0.org2.example.com-basic_1.0-5888a1b6a788a537cf2b46cb928c59bbb52e5df079b509a9f561584935c51671   0.00%     5.832MiB / 2GiB       662kB / 788kB     0B / 0B           7
d83f850aa6d0   dev-peer3.org1.example.com-basic_1.0-5888a1b6a788a537cf2b46cb928c59bbb52e5df079b509a9f561584935c51671   18.36%    9.609MiB / 2GiB       384MB / 323MB     0B / 0B           10
db2b896e9fa8   dev-peer2.org1.example.com-basic_1.0-5888a1b6a788a537cf2b46cb928c59bbb52e5df079b509a9f561584935c51671   20.25%    9.391MiB / 2GiB       386MB / 324MB     0B / 0B           9
79b3959af5a9   peer3.org1.example.com                                                                                  10.69%    114.8MiB / 11.57GiB   341MB / 1.01GB    28.7kB / 3.58MB   11
173957f1efd7   peer2.org1.example.com                                                                                  9.70%     127.2MiB / 11.57GiB   339MB / 1.02GB    0B / 3.57MB       12
6b52a2feedf3   peer1.org1.example.com                                                                                  6.54%     105.3MiB / 11.57GiB   340MB / 1.02GB    0B / 3.57MB       11
b9227a1b2c76   cli                                                                                                     0.00%     1.09MiB / 11.57GiB    109kB / 17.4kB    389kB / 336kB     1
6ca81a83e58f   peer0.org2.example.com                                                                                  1.26%     101.7MiB / 11.57GiB   7MB / 4.04MB      0B / 3.43MB       10
6e86fd93aec3   peer0.org1.example.com                                                                                  50.86%    186.6MiB / 11.57GiB   904MB / 453MB     0B / 3.43MB       12
a837ede80b9a   couchdb1                                                                                                1.03%     58.28MiB / 11.57GiB   565kB / 565kB     0B / 1.55MB       42
81e37aa368a6   orderer.example.com                                                                                     0.06%     21.64MiB / 11.57GiB   546kB / 1.57MB    0B / 618kB        10
11d434a1ec2f   couchdb0                                                                                                189.86%   134.1MiB / 11.57GiB   33MB / 756MB      0B / 1.55MB       42
0c2259c3986b   ca_org2                                                                                                 0.00%     7.137MiB / 11.57GiB   27.4kB / 35.5kB   0B / 737kB        7
3c078f73c206   ca_orderer                                                                                              0.00%     7.156MiB / 11.57GiB   22.7kB / 27.2kB   0B / 659kB        7
57600c10fef7   ca_org1                                                                                                 0.00%     7.078MiB / 11.57GiB   46.1kB / 77.6kB   0B / 1.13MB       8
