CONTAINER      NAME                                                                                                    CPU %     MEM USAGE / LIMIT     NET I/O           BLOCK I/O     PIDS
e3f81fe3dd34   dev-peer0.org1.example.com-basic_1.0-5888a1b6a788a537cf2b46cb928c59bbb52e5df079b509a9f561584935c51671   1.06%     7.938MiB / 2GiB       800kB / 835kB     0B / 0B       7
ec17c381aecc   dev-peer0.org2.example.com-basic_1.0-5888a1b6a788a537cf2b46cb928c59bbb52e5df079b509a9f561584935c51671   8.52%     15.53MiB / 2GiB       1.77MB / 1.06MB   0B / 0B       8
c936f8ce58ce   dev-peer7.org1.example.com-basic_1.0-5888a1b6a788a537cf2b46cb928c59bbb52e5df079b509a9f561584935c51671   1.57%     7.543MiB / 2GiB       177kB / 78.5kB    0B / 0B       7
1b91ff1a660c   dev-peer5.org1.example.com-basic_1.0-5888a1b6a788a537cf2b46cb928c59bbb52e5df079b509a9f561584935c51671   2.21%     7.441MiB / 2GiB       187kB / 81.8kB    0B / 0B       7
5e219326626a   dev-peer3.org1.example.com-basic_1.0-5888a1b6a788a537cf2b46cb928c59bbb52e5df079b509a9f561584935c51671   1.57%     7.84MiB / 2GiB        228kB / 100kB     0B / 0B       7
4c75378b1eb8   dev-peer4.org1.example.com-basic_1.0-5888a1b6a788a537cf2b46cb928c59bbb52e5df079b509a9f561584935c51671   2.03%     7.652MiB / 2GiB       200kB / 90.3kB    0B / 0B       7
78ab195fe9be   dev-peer2.org1.example.com-basic_1.0-5888a1b6a788a537cf2b46cb928c59bbb52e5df079b509a9f561584935c51671   1.37%     7.621MiB / 2GiB       196kB / 85.9kB    0B / 0B       7
66a116cb08e9   dev-peer6.org1.example.com-basic_1.0-5888a1b6a788a537cf2b46cb928c59bbb52e5df079b509a9f561584935c51671   1.81%     7.75MiB / 2GiB        190kB / 82.3kB    0B / 0B       7
1ba5731ce288   dev-peer1.org1.example.com-basic_1.0-5888a1b6a788a537cf2b46cb928c59bbb52e5df079b509a9f561584935c51671   1.81%     7.695MiB / 2GiB       219kB / 95.4kB    0B / 0B       7
dd757f69cdc4   peer7.org1.example.com                                                                                  18.81%    104.8MiB / 11.57GiB   14.6MB / 9.65MB   0B / 5.57MB   12
82087b71a034   peer6.org1.example.com                                                                                  16.65%    105.3MiB / 11.57GiB   13.5MB / 10.1MB   0B / 5.19MB   13
38688619acff   peer5.org1.example.com                                                                                  17.37%    114.7MiB / 11.57GiB   15.4MB / 9.99MB   0B / 5.48MB   12
b2f17e13c4a1   peer4.org1.example.com                                                                                  20.33%    121.9MiB / 11.57GiB   15MB / 10.1MB     0B / 5.55MB   14
0f521c16e549   peer3.org1.example.com                                                                                  22.05%    105.7MiB / 11.57GiB   13.9MB / 10.5MB   0B / 5.48MB   11
64a3df403f7f   peer2.org1.example.com                                                                                  19.93%    123.1MiB / 11.57GiB   14.6MB / 9.97MB   0B / 5.71MB   14
1d33a0774627   peer1.org1.example.com                                                                                  15.93%    119.9MiB / 11.57GiB   15.8MB / 9.99MB   0B / 5.2MB    14
34134e6bbb4d   cli                                                                                                     0.00%     1.062MiB / 11.57GiB   110kB / 17.5kB    0B / 336kB    1
77ffa431300a   peer0.org2.example.com                                                                                  22.78%    107MiB / 11.57GiB     9.49MB / 5.41MB   0B / 3.57MB   14
2ed2e2c83f1c   peer0.org1.example.com                                                                                  10.23%    112MiB / 11.57GiB     14.4MB / 15.1MB   0B / 3.98MB   12
f9a14036ab3e   couchdb0                                                                                                12.32%    60.93MiB / 11.57GiB   625kB / 625kB     0B / 1.86MB   42
a66bfbf9253e   couchdb1                                                                                                13.89%    73.68MiB / 11.57GiB   801kB / 765kB     0B / 1.62MB   42
50cf47e07905   orderer.example.com                                                                                     6.69%     51.14MiB / 11.57GiB   2.21MB / 16.8MB   0B / 4.24MB   13
06dec05ee085   ca_orderer                                                                                              0.00%     8.098MiB / 11.57GiB   24.3kB / 27.2kB   0B / 659kB    8
c4257beb273a   ca_org2                                                                                                 0.00%     8.371MiB / 11.57GiB   28.7kB / 35.5kB   0B / 737kB    8
d79a4f613ecf   ca_org1                                                                                                 0.00%     8.898MiB / 11.57GiB   72.5kB / 134kB    0B / 1.65MB   8
CONTAINER      NAME                                                                                                    CPU %     MEM USAGE / LIMIT     NET I/O           BLOCK I/O     PIDS
e3f81fe3dd34   dev-peer0.org1.example.com-basic_1.0-5888a1b6a788a537cf2b46cb928c59bbb52e5df079b509a9f561584935c51671   0.97%     8.242MiB / 2GiB       1e+03kB / 915kB   0B / 0B       7
ec17c381aecc   dev-peer0.org2.example.com-basic_1.0-5888a1b6a788a537cf2b46cb928c59bbb52e5df079b509a9f561584935c51671   1.49%     19.82MiB / 2GiB       2.26MB / 1.31MB   0B / 0B       8
c936f8ce58ce   dev-peer7.org1.example.com-basic_1.0-5888a1b6a788a537cf2b46cb928c59bbb52e5df079b509a9f561584935c51671   1.00%     8.137MiB / 2GiB       325kB / 142kB     0B / 0B       7
1b91ff1a660c   dev-peer5.org1.example.com-basic_1.0-5888a1b6a788a537cf2b46cb928c59bbb52e5df079b509a9f561584935c51671   1.15%     7.77MiB / 2GiB        379kB / 160kB     0B / 0B       7
5e219326626a   dev-peer3.org1.example.com-basic_1.0-5888a1b6a788a537cf2b46cb928c59bbb52e5df079b509a9f561584935c51671   0.99%     7.926MiB / 2GiB       381kB / 163kB     0B / 0B       7
4c75378b1eb8   dev-peer4.org1.example.com-basic_1.0-5888a1b6a788a537cf2b46cb928c59bbb52e5df079b509a9f561584935c51671   1.47%     8.195MiB / 2GiB       420kB / 176kB     0B / 0B       7
78ab195fe9be   dev-peer2.org1.example.com-basic_1.0-5888a1b6a788a537cf2b46cb928c59bbb52e5df079b509a9f561584935c51671   1.32%     8.023MiB / 2GiB       383kB / 160kB     0B / 0B       7
66a116cb08e9   dev-peer6.org1.example.com-basic_1.0-5888a1b6a788a537cf2b46cb928c59bbb52e5df079b509a9f561584935c51671   1.49%     7.934MiB / 2GiB       393kB / 159kB     0B / 0B       7
1ba5731ce288   dev-peer1.org1.example.com-basic_1.0-5888a1b6a788a537cf2b46cb928c59bbb52e5df079b509a9f561584935c51671   1.82%     7.875MiB / 2GiB       437kB / 186kB     0B / 0B       7
dd757f69cdc4   peer7.org1.example.com                                                                                  18.07%    121.3MiB / 11.57GiB   25.7MB / 17.5MB   0B / 8MB      14
82087b71a034   peer6.org1.example.com                                                                                  12.74%    117.1MiB / 11.57GiB   24.1MB / 19.8MB   0B / 6.59MB   14
38688619acff   peer5.org1.example.com                                                                                  20.85%    125.1MiB / 11.57GiB   25.3MB / 20.5MB   0B / 7.97MB   13
b2f17e13c4a1   peer4.org1.example.com                                                                                  17.18%    124.7MiB / 11.57GiB   25.2MB / 19MB     0B / 7.98MB   14
0f521c16e549   peer3.org1.example.com                                                                                  13.97%    122.8MiB / 11.57GiB   25MB / 19.8MB     0B / 7.84MB   12
64a3df403f7f   peer2.org1.example.com                                                                                  20.41%    129.7MiB / 11.57GiB   26.2MB / 20.1MB   0B / 7.91MB   14
1d33a0774627   peer1.org1.example.com                                                                                  22.74%    122.3MiB / 11.57GiB   25.4MB / 19.3MB   0B / 7.69MB   14
34134e6bbb4d   cli                                                                                                     0.00%     1.062MiB / 11.57GiB   110kB / 17.5kB    0B / 336kB    1
77ffa431300a   peer0.org2.example.com                                                                                  15.01%    136.1MiB / 11.57GiB   11.7MB / 6.82MB   0B / 3.63MB   14
2ed2e2c83f1c   peer0.org1.example.com                                                                                  9.81%     123.7MiB / 11.57GiB   25.7MB / 23.5MB   0B / 4.38MB   12
f9a14036ab3e   couchdb0                                                                                                12.51%    61.04MiB / 11.57GiB   675kB / 684kB     0B / 2.1MB    42
a66bfbf9253e   couchdb1                                                                                                12.91%    99.57MiB / 11.57GiB   970kB / 1.01MB    0B / 1.62MB   42
50cf47e07905   orderer.example.com                                                                                     14.02%    47.68MiB / 11.57GiB   4.49MB / 33.2MB   0B / 8.72MB   13
06dec05ee085   ca_orderer                                                                                              0.00%     8.098MiB / 11.57GiB   24.3kB / 27.2kB   0B / 659kB    8
c4257beb273a   ca_org2                                                                                                 0.00%     8.371MiB / 11.57GiB   28.7kB / 35.5kB   0B / 737kB    8
d79a4f613ecf   ca_org1                                                                                                 0.00%     8.898MiB / 11.57GiB   72.5kB / 134kB    0B / 1.65MB   8
CONTAINER      NAME                                                                                                    CPU %     MEM USAGE / LIMIT     NET I/O           BLOCK I/O     PIDS
e3f81fe3dd34   dev-peer0.org1.example.com-basic_1.0-5888a1b6a788a537cf2b46cb928c59bbb52e5df079b509a9f561584935c51671   0.72%     8.434MiB / 2GiB       1.18MB / 991kB    0B / 0B       8
ec17c381aecc   dev-peer0.org2.example.com-basic_1.0-5888a1b6a788a537cf2b46cb928c59bbb52e5df079b509a9f561584935c51671   1.60%     31.12MiB / 2GiB       3.76MB / 1.76MB   0B / 0B       8
c936f8ce58ce   dev-peer7.org1.example.com-basic_1.0-5888a1b6a788a537cf2b46cb928c59bbb52e5df079b509a9f561584935c51671   0.88%     8.016MiB / 2GiB       519kB / 221kB     0B / 0B       7
1b91ff1a660c   dev-peer5.org1.example.com-basic_1.0-5888a1b6a788a537cf2b46cb928c59bbb52e5df079b509a9f561584935c51671   0.79%     8.027MiB / 2GiB       547kB / 232kB     0B / 0B       8
5e219326626a   dev-peer3.org1.example.com-basic_1.0-5888a1b6a788a537cf2b46cb928c59bbb52e5df079b509a9f561584935c51671   0.68%     8.043MiB / 2GiB       577kB / 245kB     0B / 0B       7
4c75378b1eb8   dev-peer4.org1.example.com-basic_1.0-5888a1b6a788a537cf2b46cb928c59bbb52e5df079b509a9f561584935c51671   0.75%     8.074MiB / 2GiB       603kB / 253kB     0B / 0B       8
78ab195fe9be   dev-peer2.org1.example.com-basic_1.0-5888a1b6a788a537cf2b46cb928c59bbb52e5df079b509a9f561584935c51671   0.42%     7.957MiB / 2GiB       542kB / 226kB     0B / 0B       7
66a116cb08e9   dev-peer6.org1.example.com-basic_1.0-5888a1b6a788a537cf2b46cb928c59bbb52e5df079b509a9f561584935c51671   0.65%     8.344MiB / 2GiB       598kB / 240kB     0B / 0B       7
1ba5731ce288   dev-peer1.org1.example.com-basic_1.0-5888a1b6a788a537cf2b46cb928c59bbb52e5df079b509a9f561584935c51671   0.64%     8.051MiB / 2GiB       632kB / 269kB     0B / 0B       7
dd757f69cdc4   peer7.org1.example.com                                                                                  18.36%    128.9MiB / 11.57GiB   31MB / 22.8MB     0B / 10.5MB   14
82087b71a034   peer6.org1.example.com                                                                                  16.19%    131.4MiB / 11.57GiB   31.1MB / 27.3MB   0B / 8.87MB   15
38688619acff   peer5.org1.example.com                                                                                  15.04%    126.1MiB / 11.57GiB   29.1MB / 24.1MB   0B / 9.39MB   13
b2f17e13c4a1   peer4.org1.example.com                                                                                  11.23%    128.3MiB / 11.57GiB   31.9MB / 24.9MB   0B / 10.5MB   14
0f521c16e549   peer3.org1.example.com                                                                                  13.34%    133.6MiB / 11.57GiB   31.7MB / 25MB     0B / 10.5MB   12
64a3df403f7f   peer2.org1.example.com                                                                                  17.70%    131.3MiB / 11.57GiB   31.9MB / 25.3MB   0B / 9.97MB   14
1d33a0774627   peer1.org1.example.com                                                                                  21.57%    123.9MiB / 11.57GiB   30.8MB / 24.4MB   0B / 10.4MB   14
34134e6bbb4d   cli                                                                                                     0.00%     1.062MiB / 11.57GiB   110kB / 17.5kB    0B / 336kB    1
77ffa431300a   peer0.org2.example.com                                                                                  13.48%    177.8MiB / 11.57GiB   14.2MB / 9.63MB   0B / 3.7MB    14
2ed2e2c83f1c   peer0.org1.example.com                                                                                  9.55%     125.7MiB / 11.57GiB   30.7MB / 27.5MB   0B / 4.78MB   12
f9a14036ab3e   couchdb0                                                                                                12.06%    61.1MiB / 11.57GiB    724kB / 737kB     0B / 2.34MB   42
a66bfbf9253e   couchdb1                                                                                                12.92%    102.5MiB / 11.57GiB   1.28MB / 1.39MB   0B / 1.65MB   42
50cf47e07905   orderer.example.com                                                                                     27.86%    58.27MiB / 11.57GiB   7.02MB / 41.1MB   0B / 11.4MB   14
06dec05ee085   ca_orderer                                                                                              0.00%     7.148MiB / 11.57GiB   24.3kB / 27.2kB   0B / 659kB    8
c4257beb273a   ca_org2                                                                                                 0.00%     8.371MiB / 11.57GiB   28.7kB / 35.5kB   0B / 737kB    8
d79a4f613ecf   ca_org1                                                                                                 0.00%     8.898MiB / 11.57GiB   72.5kB / 134kB    0B / 1.65MB   8
CONTAINER      NAME                                                                                                    CPU %     MEM USAGE / LIMIT     NET I/O           BLOCK I/O     PIDS
e3f81fe3dd34   dev-peer0.org1.example.com-basic_1.0-5888a1b6a788a537cf2b46cb928c59bbb52e5df079b509a9f561584935c51671   1.08%     8.445MiB / 2GiB       1.35MB / 1.06MB   0B / 0B       8
ec17c381aecc   dev-peer0.org2.example.com-basic_1.0-5888a1b6a788a537cf2b46cb928c59bbb52e5df079b509a9f561584935c51671   1.11%     27MiB / 2GiB          5.05MB / 2.05MB   0B / 0B       8
c936f8ce58ce   dev-peer7.org1.example.com-basic_1.0-5888a1b6a788a537cf2b46cb928c59bbb52e5df079b509a9f561584935c51671   1.25%     8.141MiB / 2GiB       678kB / 288kB     0B / 0B       7
1b91ff1a660c   dev-peer5.org1.example.com-basic_1.0-5888a1b6a788a537cf2b46cb928c59bbb52e5df079b509a9f561584935c51671   1.08%     7.961MiB / 2GiB       701kB / 296kB     0B / 0B       8
5e219326626a   dev-peer3.org1.example.com-basic_1.0-5888a1b6a788a537cf2b46cb928c59bbb52e5df079b509a9f561584935c51671   1.11%     8.281MiB / 2GiB       731kB / 308kB     0B / 0B       8
4c75378b1eb8   dev-peer4.org1.example.com-basic_1.0-5888a1b6a788a537cf2b46cb928c59bbb52e5df079b509a9f561584935c51671   0.75%     8.305MiB / 2GiB       739kB / 305kB     0B / 0B       8
78ab195fe9be   dev-peer2.org1.example.com-basic_1.0-5888a1b6a788a537cf2b46cb928c59bbb52e5df079b509a9f561584935c51671   1.25%     8.156MiB / 2GiB       720kB / 300kB     0B / 0B       7
66a116cb08e9   dev-peer6.org1.example.com-basic_1.0-5888a1b6a788a537cf2b46cb928c59bbb52e5df079b509a9f561584935c51671   1.06%     8.23MiB / 2GiB        741kB / 297kB     0B / 0B       7
1ba5731ce288   dev-peer1.org1.example.com-basic_1.0-5888a1b6a788a537cf2b46cb928c59bbb52e5df079b509a9f561584935c51671   1.10%     7.844MiB / 2GiB       784kB / 330kB     0B / 0B       7
dd757f69cdc4   peer7.org1.example.com                                                                                  16.83%    144.1MiB / 11.57GiB   51.2MB / 36.5MB   0B / 12.7MB   14
82087b71a034   peer6.org1.example.com                                                                                  17.26%    143.3MiB / 11.57GiB   50.8MB / 42.7MB   0B / 10.9MB   15
38688619acff   peer5.org1.example.com                                                                                  19.89%    144.2MiB / 11.57GiB   49.2MB / 44.7MB   0B / 12.6MB   13
b2f17e13c4a1   peer4.org1.example.com                                                                                  14.76%    145.3MiB / 11.57GiB   48.7MB / 43MB     0B / 12.7MB   14
0f521c16e549   peer3.org1.example.com                                                                                  17.24%    140.9MiB / 11.57GiB   49.6MB / 42.6MB   0B / 12.7MB   13
64a3df403f7f   peer2.org1.example.com                                                                                  19.76%    149.3MiB / 11.57GiB   50.2MB / 42.3MB   0B / 12.3MB   14
1d33a0774627   peer1.org1.example.com                                                                                  16.01%    132.2MiB / 11.57GiB   50.8MB / 41.7MB   0B / 12.9MB   14
34134e6bbb4d   cli                                                                                                     0.00%     1.062MiB / 11.57GiB   110kB / 17.5kB    0B / 336kB    1
77ffa431300a   peer0.org2.example.com                                                                                  18.87%    207.3MiB / 11.57GiB   15.8MB / 12.6MB   0B / 3.77MB   14
2ed2e2c83f1c   peer0.org1.example.com                                                                                  11.18%    132.4MiB / 11.57GiB   48.2MB / 37.9MB   0B / 5.12MB   12
f9a14036ab3e   couchdb0                                                                                                13.42%    61.37MiB / 11.57GiB   767kB / 786kB     0B / 2.51MB   42
a66bfbf9253e   couchdb1                                                                                                16.44%    129.9MiB / 11.57GiB   1.57MB / 1.59MB   0B / 1.69MB   42
50cf47e07905   orderer.example.com                                                                                     15.85%    79.75MiB / 11.57GiB   11.2MB / 65.7MB   0B / 21.7MB   14
06dec05ee085   ca_orderer                                                                                              0.00%     7.148MiB / 11.57GiB   24.4kB / 27.2kB   0B / 659kB    8
c4257beb273a   ca_org2                                                                                                 0.00%     8.371MiB / 11.57GiB   28.8kB / 35.5kB   0B / 737kB    8
d79a4f613ecf   ca_org1                                                                                                 0.00%     8.898MiB / 11.57GiB   72.5kB / 134kB    0B / 1.65MB   8
CONTAINER      NAME                                                                                                    CPU %     MEM USAGE / LIMIT     NET I/O           BLOCK I/O     PIDS
e3f81fe3dd34   dev-peer0.org1.example.com-basic_1.0-5888a1b6a788a537cf2b46cb928c59bbb52e5df079b509a9f561584935c51671   1.72%     8.32MiB / 2GiB        1.49MB / 1.12MB   0B / 0B       8
ec17c381aecc   dev-peer0.org2.example.com-basic_1.0-5888a1b6a788a537cf2b46cb928c59bbb52e5df079b509a9f561584935c51671   11.33%    26.6MiB / 2GiB        6.23MB / 2.35MB   0B / 0B       8
c936f8ce58ce   dev-peer7.org1.example.com-basic_1.0-5888a1b6a788a537cf2b46cb928c59bbb52e5df079b509a9f561584935c51671   1.07%     8.23MiB / 2GiB        791kB / 334kB     0B / 0B       7
1b91ff1a660c   dev-peer5.org1.example.com-basic_1.0-5888a1b6a788a537cf2b46cb928c59bbb52e5df079b509a9f561584935c51671   1.53%     8.094MiB / 2GiB       831kB / 354kB     0B / 0B       8
5e219326626a   dev-peer3.org1.example.com-basic_1.0-5888a1b6a788a537cf2b46cb928c59bbb52e5df079b509a9f561584935c51671   1.74%     8.184MiB / 2GiB       843kB / 355kB     0B / 0B       8
4c75378b1eb8   dev-peer4.org1.example.com-basic_1.0-5888a1b6a788a537cf2b46cb928c59bbb52e5df079b509a9f561584935c51671   0.94%     8.641MiB / 2GiB       831kB / 345kB     0B / 0B       8
78ab195fe9be   dev-peer2.org1.example.com-basic_1.0-5888a1b6a788a537cf2b46cb928c59bbb52e5df079b509a9f561584935c51671   1.24%     8.234MiB / 2GiB       825kB / 347kB     0B / 0B       7
66a116cb08e9   dev-peer6.org1.example.com-basic_1.0-5888a1b6a788a537cf2b46cb928c59bbb52e5df079b509a9f561584935c51671   1.70%     8.059MiB / 2GiB       880kB / 359kB     0B / 0B       7
1ba5731ce288   dev-peer1.org1.example.com-basic_1.0-5888a1b6a788a537cf2b46cb928c59bbb52e5df079b509a9f561584935c51671   1.28%     7.996MiB / 2GiB       886kB / 373kB     0B / 0B       7
dd757f69cdc4   peer7.org1.example.com                                                                                  13.53%    138.7MiB / 11.57GiB   62.5MB / 47.2MB   0B / 15.1MB   14
82087b71a034   peer6.org1.example.com                                                                                  16.30%    139.1MiB / 11.57GiB   61.6MB / 53MB     0B / 13.2MB   15
38688619acff   peer5.org1.example.com                                                                                  17.61%    138.9MiB / 11.57GiB   61.3MB / 56.2MB   0B / 15.2MB   13
b2f17e13c4a1   peer4.org1.example.com                                                                                  17.62%    154.8MiB / 11.57GiB   60.2MB / 53.5MB   0B / 15.5MB   14
0f521c16e549   peer3.org1.example.com                                                                                  16.32%    148.8MiB / 11.57GiB   61.5MB / 54.8MB   0B / 15.4MB   14
64a3df403f7f   peer2.org1.example.com                                                                                  22.29%    146.1MiB / 11.57GiB   62.7MB / 56MB     0B / 15.6MB   14
1d33a0774627   peer1.org1.example.com                                                                                  19.34%    123.6MiB / 11.57GiB   61.5MB / 50.2MB   0B / 15.8MB   14
34134e6bbb4d   cli                                                                                                     0.00%     1.062MiB / 11.57GiB   110kB / 17.5kB    0B / 336kB    1
77ffa431300a   peer0.org2.example.com                                                                                  18.99%    194.6MiB / 11.57GiB   17.2MB / 14.9MB   0B / 3.78MB   14
2ed2e2c83f1c   peer0.org1.example.com                                                                                  9.83%     127.3MiB / 11.57GiB   59.5MB / 44.7MB   0B / 5.53MB   13
f9a14036ab3e   couchdb0                                                                                                10.62%    62.04MiB / 11.57GiB   815kB / 836kB     0B / 2.77MB   42
a66bfbf9253e   couchdb1                                                                                                13.39%    126MiB / 11.57GiB     1.79MB / 1.79MB   0B / 1.73MB   42
50cf47e07905   orderer.example.com                                                                                     9.43%     82.81MiB / 11.57GiB   14MB / 80.6MB     0B / 28.3MB   14
06dec05ee085   ca_orderer                                                                                              0.00%     7.148MiB / 11.57GiB   24.6kB / 27.2kB   0B / 659kB    8
c4257beb273a   ca_org2                                                                                                 0.00%     8.371MiB / 11.57GiB   29.1kB / 35.5kB   0B / 737kB    8
d79a4f613ecf   ca_org1                                                                                                 0.00%     8.898MiB / 11.57GiB   72.9kB / 134kB    0B / 1.65MB   8
CONTAINER      NAME                                                                                                    CPU %     MEM USAGE / LIMIT     NET I/O           BLOCK I/O     PIDS
e3f81fe3dd34   dev-peer0.org1.example.com-basic_1.0-5888a1b6a788a537cf2b46cb928c59bbb52e5df079b509a9f561584935c51671   0.20%     8.641MiB / 2GiB       1.58MB / 1.16MB   0B / 0B       8
ec17c381aecc   dev-peer0.org2.example.com-basic_1.0-5888a1b6a788a537cf2b46cb928c59bbb52e5df079b509a9f561584935c51671   1.16%     29.7MiB / 2GiB        6.71MB / 2.67MB   0B / 0B       8
c936f8ce58ce   dev-peer7.org1.example.com-basic_1.0-5888a1b6a788a537cf2b46cb928c59bbb52e5df079b509a9f561584935c51671   0.87%     7.949MiB / 2GiB       915kB / 387kB     0B / 0B       7
1b91ff1a660c   dev-peer5.org1.example.com-basic_1.0-5888a1b6a788a537cf2b46cb928c59bbb52e5df079b509a9f561584935c51671   0.74%     7.918MiB / 2GiB       966kB / 408kB     0B / 0B       8
5e219326626a   dev-peer3.org1.example.com-basic_1.0-5888a1b6a788a537cf2b46cb928c59bbb52e5df079b509a9f561584935c51671   0.61%     8.113MiB / 2GiB       1MB / 425kB       0B / 0B       8
4c75378b1eb8   dev-peer4.org1.example.com-basic_1.0-5888a1b6a788a537cf2b46cb928c59bbb52e5df079b509a9f561584935c51671   0.72%     8.051MiB / 2GiB       979kB / 410kB     0B / 0B       8
78ab195fe9be   dev-peer2.org1.example.com-basic_1.0-5888a1b6a788a537cf2b46cb928c59bbb52e5df079b509a9f561584935c51671   0.62%     8.266MiB / 2GiB       964kB / 405kB     0B / 0B       7
66a116cb08e9   dev-peer6.org1.example.com-basic_1.0-5888a1b6a788a537cf2b46cb928c59bbb52e5df079b509a9f561584935c51671   0.78%     8.203MiB / 2GiB       1.02MB / 418kB    0B / 0B       7
1ba5731ce288   dev-peer1.org1.example.com-basic_1.0-5888a1b6a788a537cf2b46cb928c59bbb52e5df079b509a9f561584935c51671   0.67%     8.062MiB / 2GiB       1.02MB / 431kB    0B / 0B       7
dd757f69cdc4   peer7.org1.example.com                                                                                  19.60%    147.8MiB / 11.57GiB   74.1MB / 58MB     0B / 17.5MB   14
82087b71a034   peer6.org1.example.com                                                                                  19.38%    142.8MiB / 11.57GiB   74.4MB / 65.9MB   0B / 16.3MB   15
38688619acff   peer5.org1.example.com                                                                                  23.09%    153.1MiB / 11.57GiB   73.6MB / 68.3MB   0B / 18.2MB   14
b2f17e13c4a1   peer4.org1.example.com                                                                                  20.10%    142.2MiB / 11.57GiB   71.1MB / 64.9MB   0B / 18.6MB   14
0f521c16e549   peer3.org1.example.com                                                                                  12.95%    155.4MiB / 11.57GiB   72.1MB / 65.1MB   0B / 17.7MB   14
64a3df403f7f   peer2.org1.example.com                                                                                  18.26%    151.1MiB / 11.57GiB   73MB / 65.9MB     0B / 17.9MB   14
1d33a0774627   peer1.org1.example.com                                                                                  23.44%    131.6MiB / 11.57GiB   72.9MB / 57.9MB   0B / 18.9MB   14
34134e6bbb4d   cli                                                                                                     0.00%     1.062MiB / 11.57GiB   110kB / 17.5kB    0B / 336kB    1
77ffa431300a   peer0.org2.example.com                                                                                  10.43%    197.4MiB / 11.57GiB   18.7MB / 16.4MB   0B / 3.84MB   14
2ed2e2c83f1c   peer0.org1.example.com                                                                                  8.81%     128.7MiB / 11.57GiB   69.8MB / 51MB     0B / 6.01MB   13
f9a14036ab3e   couchdb0                                                                                                10.99%    62.29MiB / 11.57GiB   859kB / 885kB     0B / 3.16MB   42
a66bfbf9253e   couchdb1                                                                                                13.69%    129.8MiB / 11.57GiB   1.95MB / 2.11MB   0B / 1.73MB   42
50cf47e07905   orderer.example.com                                                                                     20.19%    91.64MiB / 11.57GiB   16.5MB / 92.8MB   0B / 33.4MB   14
06dec05ee085   ca_orderer                                                                                              0.00%     7.148MiB / 11.57GiB   24.6kB / 27.2kB   0B / 659kB    8
c4257beb273a   ca_org2                                                                                                 0.00%     8.371MiB / 11.57GiB   29.1kB / 35.5kB   0B / 737kB    8
d79a4f613ecf   ca_org1                                                                                                 0.00%     8.898MiB / 11.57GiB   72.9kB / 134kB    0B / 1.65MB   8
CONTAINER      NAME                                                                                                    CPU %     MEM USAGE / LIMIT     NET I/O           BLOCK I/O     PIDS
e3f81fe3dd34   dev-peer0.org1.example.com-basic_1.0-5888a1b6a788a537cf2b46cb928c59bbb52e5df079b509a9f561584935c51671   0.86%     8.156MiB / 2GiB       1.66MB / 1.19MB   0B / 0B       8
ec17c381aecc   dev-peer0.org2.example.com-basic_1.0-5888a1b6a788a537cf2b46cb928c59bbb52e5df079b509a9f561584935c51671   4.87%     25.07MiB / 2GiB       7.78MB / 2.9MB    0B / 0B       8
c936f8ce58ce   dev-peer7.org1.example.com-basic_1.0-5888a1b6a788a537cf2b46cb928c59bbb52e5df079b509a9f561584935c51671   1.14%     7.953MiB / 2GiB       1.01MB / 426kB    0B / 0B       7
1b91ff1a660c   dev-peer5.org1.example.com-basic_1.0-5888a1b6a788a537cf2b46cb928c59bbb52e5df079b509a9f561584935c51671   1.37%     7.965MiB / 2GiB       1.07MB / 452kB    0B / 0B       8
5e219326626a   dev-peer3.org1.example.com-basic_1.0-5888a1b6a788a537cf2b46cb928c59bbb52e5df079b509a9f561584935c51671   1.56%     8.176MiB / 2GiB       1.11MB / 471kB    0B / 0B       8
4c75378b1eb8   dev-peer4.org1.example.com-basic_1.0-5888a1b6a788a537cf2b46cb928c59bbb52e5df079b509a9f561584935c51671   1.40%     8.453MiB / 2GiB       1.08MB / 457kB    0B / 0B       8
78ab195fe9be   dev-peer2.org1.example.com-basic_1.0-5888a1b6a788a537cf2b46cb928c59bbb52e5df079b509a9f561584935c51671   1.49%     8.027MiB / 2GiB       1.07MB / 450kB    0B / 0B       7
66a116cb08e9   dev-peer6.org1.example.com-basic_1.0-5888a1b6a788a537cf2b46cb928c59bbb52e5df079b509a9f561584935c51671   1.05%     8.375MiB / 2GiB       1.1MB / 452kB     0B / 0B       7
1ba5731ce288   dev-peer1.org1.example.com-basic_1.0-5888a1b6a788a537cf2b46cb928c59bbb52e5df079b509a9f561584935c51671   1.38%     8.191MiB / 2GiB       1.12MB / 476kB    0B / 0B       7
dd757f69cdc4   peer7.org1.example.com                                                                                  19.85%    139.7MiB / 11.57GiB   87.7MB / 72.2MB   0B / 20.8MB   14
82087b71a034   peer6.org1.example.com                                                                                  17.02%    134.6MiB / 11.57GiB   86.9MB / 77.8MB   0B / 18.8MB   15
38688619acff   peer5.org1.example.com                                                                                  19.84%    160MiB / 11.57GiB     86.4MB / 81.3MB   0B / 21.1MB   14
b2f17e13c4a1   peer4.org1.example.com                                                                                  15.51%    153.4MiB / 11.57GiB   85.1MB / 77.1MB   0B / 21.2MB   14
0f521c16e549   peer3.org1.example.com                                                                                  19.11%    152.3MiB / 11.57GiB   86.3MB / 78.6MB   0B / 20.6MB   14
64a3df403f7f   peer2.org1.example.com                                                                                  17.46%    162.2MiB / 11.57GiB   86.2MB / 79.8MB   0B / 21.2MB   14
1d33a0774627   peer1.org1.example.com                                                                                  19.17%    128.5MiB / 11.57GiB   84.1MB / 65.6MB   0B / 22.2MB   14
34134e6bbb4d   cli                                                                                                     0.00%     1.062MiB / 11.57GiB   110kB / 17.5kB    0B / 336kB    1
77ffa431300a   peer0.org2.example.com                                                                                  17.15%    208.3MiB / 11.57GiB   19.9MB / 18.7MB   0B / 3.85MB   15
2ed2e2c83f1c   peer0.org1.example.com                                                                                  9.15%     126.7MiB / 11.57GiB   82.9MB / 59.2MB   0B / 6.69MB   13
f9a14036ab3e   couchdb0                                                                                                10.64%    61.65MiB / 11.57GiB   901kB / 927kB     0B / 3.54MB   42
a66bfbf9253e   couchdb1                                                                                                20.60%    133.6MiB / 11.57GiB   2.16MB / 2.25MB   0B / 1.77MB   42
50cf47e07905   orderer.example.com                                                                                     9.54%     97.76MiB / 11.57GiB   19.1MB / 109MB    0B / 38.9MB   14
06dec05ee085   ca_orderer                                                                                              0.00%     7.148MiB / 11.57GiB   24.6kB / 27.2kB   0B / 659kB    8
c4257beb273a   ca_org2                                                                                                 0.00%     8.371MiB / 11.57GiB   29.1kB / 35.5kB   0B / 737kB    8
d79a4f613ecf   ca_org1                                                                                                 0.00%     8.898MiB / 11.57GiB   72.9kB / 134kB    0B / 1.65MB   8
CONTAINER      NAME                                                                                                    CPU %     MEM USAGE / LIMIT     NET I/O           BLOCK I/O     PIDS
e3f81fe3dd34   dev-peer0.org1.example.com-basic_1.0-5888a1b6a788a537cf2b46cb928c59bbb52e5df079b509a9f561584935c51671   0.38%     8.426MiB / 2GiB       1.8MB / 1.25MB    0B / 0B       8
ec17c381aecc   dev-peer0.org2.example.com-basic_1.0-5888a1b6a788a537cf2b46cb928c59bbb52e5df079b509a9f561584935c51671   1.00%     25.29MiB / 2GiB       8.12MB / 3.17MB   0B / 0B       8
c936f8ce58ce   dev-peer7.org1.example.com-basic_1.0-5888a1b6a788a537cf2b46cb928c59bbb52e5df079b509a9f561584935c51671   0.65%     8.082MiB / 2GiB       1.12MB / 474kB    0B / 0B       7
1b91ff1a660c   dev-peer5.org1.example.com-basic_1.0-5888a1b6a788a537cf2b46cb928c59bbb52e5df079b509a9f561584935c51671   0.45%     8.129MiB / 2GiB       1.17MB / 498kB    0B / 0B       8
5e219326626a   dev-peer3.org1.example.com-basic_1.0-5888a1b6a788a537cf2b46cb928c59bbb52e5df079b509a9f561584935c51671   0.36%     7.977MiB / 2GiB       1.25MB / 529kB    0B / 0B       8
4c75378b1eb8   dev-peer4.org1.example.com-basic_1.0-5888a1b6a788a537cf2b46cb928c59bbb52e5df079b509a9f561584935c51671   0.27%     8.176MiB / 2GiB       1.2MB / 506kB     0B / 0B       8
78ab195fe9be   dev-peer2.org1.example.com-basic_1.0-5888a1b6a788a537cf2b46cb928c59bbb52e5df079b509a9f561584935c51671   0.41%     8.266MiB / 2GiB       1.2MB / 506kB     0B / 0B       7
66a116cb08e9   dev-peer6.org1.example.com-basic_1.0-5888a1b6a788a537cf2b46cb928c59bbb52e5df079b509a9f561584935c51671   0.39%     8.047MiB / 2GiB       1.23MB / 508kB    0B / 0B       7
1ba5731ce288   dev-peer1.org1.example.com-basic_1.0-5888a1b6a788a537cf2b46cb928c59bbb52e5df079b509a9f561584935c51671   0.13%     8.07MiB / 2GiB        1.21MB / 517kB    0B / 0B       7
dd757f69cdc4   peer7.org1.example.com                                                                                  21.22%    139.1MiB / 11.57GiB   96.5MB / 80.9MB   0B / 23.7MB   14
82087b71a034   peer6.org1.example.com                                                                                  18.00%    146.1MiB / 11.57GiB   95.3MB / 86.6MB   0B / 21.3MB   15
38688619acff   peer5.org1.example.com                                                                                  16.96%    148.4MiB / 11.57GiB   94.9MB / 91MB     0B / 23.7MB   14
b2f17e13c4a1   peer4.org1.example.com                                                                                  17.67%    155.9MiB / 11.57GiB   93.4MB / 85.6MB   0B / 23.3MB   14
0f521c16e549   peer3.org1.example.com                                                                                  18.70%    166.3MiB / 11.57GiB   94.6MB / 87MB     0B / 23MB     14
64a3df403f7f   peer2.org1.example.com                                                                                  16.51%    152.7MiB / 11.57GiB   95.7MB / 89.3MB   0B / 23.6MB   14
1d33a0774627   peer1.org1.example.com                                                                                  19.52%    134.8MiB / 11.57GiB   92.7MB / 71MB     0B / 25MB     14
34134e6bbb4d   cli                                                                                                     0.00%     1.062MiB / 11.57GiB   110kB / 17.5kB    0B / 336kB    1
77ffa431300a   peer0.org2.example.com                                                                                  13.68%    220.5MiB / 11.57GiB   21.2MB / 20.1MB   0B / 3.91MB   15
2ed2e2c83f1c   peer0.org1.example.com                                                                                  7.98%     127MiB / 11.57GiB     90.3MB / 64.2MB   0B / 7.09MB   13
f9a14036ab3e   couchdb0                                                                                                14.40%    61.69MiB / 11.57GiB   953kB / 983kB     0B / 3.82MB   42
a66bfbf9253e   couchdb1                                                                                                13.39%    128.1MiB / 11.57GiB   2.27MB / 2.53MB   0B / 1.81MB   42
50cf47e07905   orderer.example.com                                                                                     14.59%    81.21MiB / 11.57GiB   22MB / 117MB      0B / 40.8MB   14
06dec05ee085   ca_orderer                                                                                              0.00%     7.148MiB / 11.57GiB   24.6kB / 27.2kB   0B / 659kB    8
c4257beb273a   ca_org2                                                                                                 0.00%     8.371MiB / 11.57GiB   29.1kB / 35.5kB   0B / 737kB    8
d79a4f613ecf   ca_org1                                                                                                 0.00%     8.898MiB / 11.57GiB   72.9kB / 134kB    0B / 1.65MB   8
CONTAINER      NAME                                                                                                    CPU %     MEM USAGE / LIMIT     NET I/O           BLOCK I/O     PIDS
e3f81fe3dd34   dev-peer0.org1.example.com-basic_1.0-5888a1b6a788a537cf2b46cb928c59bbb52e5df079b509a9f561584935c51671   0.89%     8.523MiB / 2GiB       1.91MB / 1.3MB    0B / 0B       8
ec17c381aecc   dev-peer0.org2.example.com-basic_1.0-5888a1b6a788a537cf2b46cb928c59bbb52e5df079b509a9f561584935c51671   1.47%     21.46MiB / 2GiB       8.75MB / 3.37MB   0B / 0B       9
c936f8ce58ce   dev-peer7.org1.example.com-basic_1.0-5888a1b6a788a537cf2b46cb928c59bbb52e5df079b509a9f561584935c51671   0.68%     8.086MiB / 2GiB       1.27MB / 537kB    0B / 0B       7
1b91ff1a660c   dev-peer5.org1.example.com-basic_1.0-5888a1b6a788a537cf2b46cb928c59bbb52e5df079b509a9f561584935c51671   0.24%     8.211MiB / 2GiB       1.28MB / 544kB    0B / 0B       8
5e219326626a   dev-peer3.org1.example.com-basic_1.0-5888a1b6a788a537cf2b46cb928c59bbb52e5df079b509a9f561584935c51671   0.79%     8.117MiB / 2GiB       1.38MB / 583kB    0B / 0B       8
4c75378b1eb8   dev-peer4.org1.example.com-basic_1.0-5888a1b6a788a537cf2b46cb928c59bbb52e5df079b509a9f561584935c51671   0.46%     8.238MiB / 2GiB       1.32MB / 554kB    0B / 0B       8
78ab195fe9be   dev-peer2.org1.example.com-basic_1.0-5888a1b6a788a537cf2b46cb928c59bbb52e5df079b509a9f561584935c51671   0.21%     7.914MiB / 2GiB       1.32MB / 558kB    0B / 0B       7
66a116cb08e9   dev-peer6.org1.example.com-basic_1.0-5888a1b6a788a537cf2b46cb928c59bbb52e5df079b509a9f561584935c51671   0.86%     8.188MiB / 2GiB       1.35MB / 559kB    0B / 0B       7
1ba5731ce288   dev-peer1.org1.example.com-basic_1.0-5888a1b6a788a537cf2b46cb928c59bbb52e5df079b509a9f561584935c51671   0.35%     8.09MiB / 2GiB        1.32MB / 561kB    0B / 0B       7
dd757f69cdc4   peer7.org1.example.com                                                                                  19.07%    153.6MiB / 11.57GiB   111MB / 94.8MB    0B / 26MB     14
82087b71a034   peer6.org1.example.com                                                                                  19.93%    131.6MiB / 11.57GiB   108MB / 99.8MB    0B / 23.7MB   15
38688619acff   peer5.org1.example.com                                                                                  15.17%    160.1MiB / 11.57GiB   109MB / 104MB     0B / 26MB     14
b2f17e13c4a1   peer4.org1.example.com                                                                                  17.91%    152.1MiB / 11.57GiB   105MB / 97.4MB    0B / 25.4MB   14
0f521c16e549   peer3.org1.example.com                                                                                  17.70%    148.8MiB / 11.57GiB   108MB / 100MB     0B / 25.1MB   14
64a3df403f7f   peer2.org1.example.com                                                                                  16.86%    152.9MiB / 11.57GiB   110MB / 102MB     0B / 25.8MB   14
1d33a0774627   peer1.org1.example.com                                                                                  20.39%    163.1MiB / 11.57GiB   106MB / 80.6MB    0B / 28.6MB   14
34134e6bbb4d   cli                                                                                                     0.00%     1.062MiB / 11.57GiB   110kB / 17.5kB    0B / 336kB    1
77ffa431300a   peer0.org2.example.com                                                                                  16.63%    205.8MiB / 11.57GiB   22.5MB / 21.6MB   0B / 3.98MB   15
2ed2e2c83f1c   peer0.org1.example.com                                                                                  8.12%     137.8MiB / 11.57GiB   103MB / 72.8MB    0B / 7.57MB   13
f9a14036ab3e   couchdb0                                                                                                11.09%    61.85MiB / 11.57GiB   995kB / 1.03MB    0B / 4.11MB   42
a66bfbf9253e   couchdb1                                                                                                21.24%    128.3MiB / 11.57GiB   2.42MB / 2.73MB   0B / 1.81MB   42
50cf47e07905   orderer.example.com                                                                                     14.90%    80.01MiB / 11.57GiB   23.8MB / 132MB    0B / 47.8MB   14
06dec05ee085   ca_orderer                                                                                              0.00%     7.148MiB / 11.57GiB   24.6kB / 27.2kB   0B / 659kB    8
c4257beb273a   ca_org2                                                                                                 0.00%     8.371MiB / 11.57GiB   29.1kB / 35.5kB   0B / 737kB    8
d79a4f613ecf   ca_org1                                                                                                 0.00%     8.898MiB / 11.57GiB   72.9kB / 134kB    0B / 1.65MB   8
CONTAINER      NAME                                                                                                    CPU %     MEM USAGE / LIMIT     NET I/O           BLOCK I/O     PIDS
e3f81fe3dd34   dev-peer0.org1.example.com-basic_1.0-5888a1b6a788a537cf2b46cb928c59bbb52e5df079b509a9f561584935c51671   0.00%     8.195MiB / 2GiB       1.93MB / 1.31MB   0B / 0B       8
ec17c381aecc   dev-peer0.org2.example.com-basic_1.0-5888a1b6a788a537cf2b46cb928c59bbb52e5df079b509a9f561584935c51671   0.00%     21.79MiB / 2GiB       9.59MB / 3.64MB   0B / 0B       9
c936f8ce58ce   dev-peer7.org1.example.com-basic_1.0-5888a1b6a788a537cf2b46cb928c59bbb52e5df079b509a9f561584935c51671   0.00%     8.086MiB / 2GiB       1.27MB / 537kB    0B / 0B       7
1b91ff1a660c   dev-peer5.org1.example.com-basic_1.0-5888a1b6a788a537cf2b46cb928c59bbb52e5df079b509a9f561584935c51671   0.00%     8.211MiB / 2GiB       1.29MB / 545kB    0B / 0B       8
5e219326626a   dev-peer3.org1.example.com-basic_1.0-5888a1b6a788a537cf2b46cb928c59bbb52e5df079b509a9f561584935c51671   0.00%     8.117MiB / 2GiB       1.38MB / 583kB    0B / 0B       8
4c75378b1eb8   dev-peer4.org1.example.com-basic_1.0-5888a1b6a788a537cf2b46cb928c59bbb52e5df079b509a9f561584935c51671   0.00%     8.238MiB / 2GiB       1.32MB / 555kB    0B / 0B       8
78ab195fe9be   dev-peer2.org1.example.com-basic_1.0-5888a1b6a788a537cf2b46cb928c59bbb52e5df079b509a9f561584935c51671   0.00%     7.91MiB / 2GiB        1.32MB / 560kB    0B / 0B       7
66a116cb08e9   dev-peer6.org1.example.com-basic_1.0-5888a1b6a788a537cf2b46cb928c59bbb52e5df079b509a9f561584935c51671   0.00%     8.188MiB / 2GiB       1.36MB / 564kB    0B / 0B       7
1ba5731ce288   dev-peer1.org1.example.com-basic_1.0-5888a1b6a788a537cf2b46cb928c59bbb52e5df079b509a9f561584935c51671   0.00%     8.09MiB / 2GiB        1.32MB / 563kB    0B / 0B       7
dd757f69cdc4   peer7.org1.example.com                                                                                  23.93%    139.3MiB / 11.57GiB   123MB / 106MB     0B / 28.4MB   14
82087b71a034   peer6.org1.example.com                                                                                  22.88%    139.9MiB / 11.57GiB   120MB / 113MB     0B / 26.9MB   15
38688619acff   peer5.org1.example.com                                                                                  24.35%    163MiB / 11.57GiB     121MB / 116MB     0B / 29.2MB   14
b2f17e13c4a1   peer4.org1.example.com                                                                                  23.66%    165.3MiB / 11.57GiB   120MB / 110MB     0B / 28.4MB   14
0f521c16e549   peer3.org1.example.com                                                                                  25.14%    155.6MiB / 11.57GiB   122MB / 114MB     0B / 28.4MB   14
64a3df403f7f   peer2.org1.example.com                                                                                  24.69%    151.7MiB / 11.57GiB   122MB / 114MB     0B / 28.8MB   14
1d33a0774627   peer1.org1.example.com                                                                                  26.90%    142.8MiB / 11.57GiB   119MB / 87.8MB    0B / 31.7MB   14
34134e6bbb4d   cli                                                                                                     0.00%     1.062MiB / 11.57GiB   110kB / 17.5kB    0B / 336kB    1
77ffa431300a   peer0.org2.example.com                                                                                  7.57%     205MiB / 11.57GiB     23.5MB / 23.5MB   0B / 4.38MB   15
2ed2e2c83f1c   peer0.org1.example.com                                                                                  10.53%    138.2MiB / 11.57GiB   113MB / 79.4MB    0B / 8.24MB   13
f9a14036ab3e   couchdb0                                                                                                16.50%    62.08MiB / 11.57GiB   1.03MB / 1.06MB   0B / 4.58MB   42
a66bfbf9253e   couchdb1                                                                                                24.24%    126.5MiB / 11.57GiB   2.61MB / 2.96MB   0B / 2.1MB    42
50cf47e07905   orderer.example.com                                                                                     18.33%    104.4MiB / 11.57GiB   27.1MB / 149MB    0B / 55.1MB   14
06dec05ee085   ca_orderer                                                                                              0.00%     7.148MiB / 11.57GiB   24.6kB / 27.2kB   0B / 659kB    8
c4257beb273a   ca_org2                                                                                                 0.00%     8.371MiB / 11.57GiB   29.1kB / 35.5kB   0B / 737kB    8
d79a4f613ecf   ca_org1                                                                                                 0.00%     7.543MiB / 11.57GiB   72.9kB / 134kB    0B / 1.65MB   8
CONTAINER      NAME                                                                                                    CPU %     MEM USAGE / LIMIT     NET I/O           BLOCK I/O     PIDS
e3f81fe3dd34   dev-peer0.org1.example.com-basic_1.0-5888a1b6a788a537cf2b46cb928c59bbb52e5df079b509a9f561584935c51671   0.00%     8.195MiB / 2GiB       1.93MB / 1.31MB   0B / 0B       8
ec17c381aecc   dev-peer0.org2.example.com-basic_1.0-5888a1b6a788a537cf2b46cb928c59bbb52e5df079b509a9f561584935c51671   0.00%     21.79MiB / 2GiB       9.59MB / 3.64MB   0B / 0B       9
c936f8ce58ce   dev-peer7.org1.example.com-basic_1.0-5888a1b6a788a537cf2b46cb928c59bbb52e5df079b509a9f561584935c51671   0.00%     8.086MiB / 2GiB       1.27MB / 537kB    0B / 0B       7
1b91ff1a660c   dev-peer5.org1.example.com-basic_1.0-5888a1b6a788a537cf2b46cb928c59bbb52e5df079b509a9f561584935c51671   0.00%     8.211MiB / 2GiB       1.29MB / 545kB    0B / 0B       8
5e219326626a   dev-peer3.org1.example.com-basic_1.0-5888a1b6a788a537cf2b46cb928c59bbb52e5df079b509a9f561584935c51671   0.00%     8.117MiB / 2GiB       1.38MB / 583kB    0B / 0B       8
4c75378b1eb8   dev-peer4.org1.example.com-basic_1.0-5888a1b6a788a537cf2b46cb928c59bbb52e5df079b509a9f561584935c51671   0.00%     8.238MiB / 2GiB       1.32MB / 555kB    0B / 0B       8
78ab195fe9be   dev-peer2.org1.example.com-basic_1.0-5888a1b6a788a537cf2b46cb928c59bbb52e5df079b509a9f561584935c51671   0.00%     7.91MiB / 2GiB        1.32MB / 560kB    0B / 0B       7
66a116cb08e9   dev-peer6.org1.example.com-basic_1.0-5888a1b6a788a537cf2b46cb928c59bbb52e5df079b509a9f561584935c51671   0.00%     8.188MiB / 2GiB       1.36MB / 564kB    0B / 0B       7
1ba5731ce288   dev-peer1.org1.example.com-basic_1.0-5888a1b6a788a537cf2b46cb928c59bbb52e5df079b509a9f561584935c51671   0.00%     8.09MiB / 2GiB        1.32MB / 563kB    0B / 0B       7
dd757f69cdc4   peer7.org1.example.com                                                                                  25.53%    150.2MiB / 11.57GiB   137MB / 120MB     0B / 32MB     14
82087b71a034   peer6.org1.example.com                                                                                  30.76%    144.7MiB / 11.57GiB   134MB / 126MB     0B / 30.1MB   15
38688619acff   peer5.org1.example.com                                                                                  22.44%    168.3MiB / 11.57GiB   134MB / 129MB     0B / 32.4MB   16
b2f17e13c4a1   peer4.org1.example.com                                                                                  30.62%    159.1MiB / 11.57GiB   134MB / 123MB     0B / 31.7MB   14
0f521c16e549   peer3.org1.example.com                                                                                  31.36%    148.5MiB / 11.57GiB   134MB / 127MB     0B / 31.7MB   14
64a3df403f7f   peer2.org1.example.com                                                                                  29.81%    151.9MiB / 11.57GiB   137MB / 128MB     0B / 32.2MB   14
1d33a0774627   peer1.org1.example.com                                                                                  28.46%    145.2MiB / 11.57GiB   131MB / 95.5MB    0B / 35MB     14
34134e6bbb4d   cli                                                                                                     0.00%     1.062MiB / 11.57GiB   110kB / 17.5kB    0B / 336kB    1
77ffa431300a   peer0.org2.example.com                                                                                  8.83%     159.1MiB / 11.57GiB   24.3MB / 23.7MB   0B / 5.26MB   15
2ed2e2c83f1c   peer0.org1.example.com                                                                                  13.09%    137.6MiB / 11.57GiB   126MB / 87.9MB    0B / 9.19MB   13
f9a14036ab3e   couchdb0                                                                                                28.09%    62.41MiB / 11.57GiB   1.08MB / 1.11MB   0B / 5.2MB    42
a66bfbf9253e   couchdb1                                                                                                23.45%    126.9MiB / 11.57GiB   2.66MB / 3.01MB   0B / 2.63MB   42
50cf47e07905   orderer.example.com                                                                                     4.72%     83.21MiB / 11.57GiB   27.2MB / 165MB    0B / 55.1MB   14
06dec05ee085   ca_orderer                                                                                              0.00%     7.148MiB / 11.57GiB   24.6kB / 27.2kB   0B / 659kB    8
c4257beb273a   ca_org2                                                                                                 0.00%     8.371MiB / 11.57GiB   29.1kB / 35.5kB   0B / 737kB    8
d79a4f613ecf   ca_org1                                                                                                 0.00%     7.543MiB / 11.57GiB   72.9kB / 134kB    0B / 1.65MB   8
