CONTAINER      NAME                                                                                                    CPU %     MEM USAGE / LIMIT     NET I/O           BLOCK I/O     PIDS
d759e481e4ac   dev-peer0.org1.example.com-basic_1.0-fed8a62a32b9bc8ca8542427cb2b6a4d823755ad1cff77456586aafeca504428   4.35%     9.969MiB / 2GiB       146MB / 122MB     0B / 0B       9
564cb404308c   dev-peer0.org2.example.com-basic_1.0-fed8a62a32b9bc8ca8542427cb2b6a4d823755ad1cff77456586aafeca504428   0.00%     5.633MiB / 2GiB       323kB / 381kB     0B / 0B       7
6fbaa2281f37   dev-peer1.org1.example.com-basic_1.0-fed8a62a32b9bc8ca8542427cb2b6a4d823755ad1cff77456586aafeca504428   37.38%    8.254MiB / 2GiB       148MB / 123MB     0B / 0B       9
bb85d2ea2e20   dev-peer2.org1.example.com-basic_1.0-fed8a62a32b9bc8ca8542427cb2b6a4d823755ad1cff77456586aafeca504428   34.98%    8.684MiB / 2GiB       148MB / 123MB     0B / 0B       9
003602e37b49   dev-peer3.org1.example.com-basic_1.0-fed8a62a32b9bc8ca8542427cb2b6a4d823755ad1cff77456586aafeca504428   40.07%    8.375MiB / 2GiB       147MB / 123MB     0B / 0B       9
6640668c08c7   peer3.org1.example.com                                                                                  18.47%    103.9MiB / 11.57GiB   136MB / 388MB     0B / 3.43MB   10
3300305257ae   peer2.org1.example.com                                                                                  16.66%    111.8MiB / 11.57GiB   134MB / 388MB     0B / 3.44MB   11
d682d9a12dd8   peer1.org1.example.com                                                                                  18.55%    89.36MiB / 11.57GiB   134MB / 388MB     0B / 3.43MB   11
e2e6ace26dad   cli                                                                                                     0.00%     1.059MiB / 11.57GiB   109kB / 17.7kB    0B / 336kB    1
1f89ad65cd4c   peer0.org1.example.com                                                                                  11.46%    123.4MiB / 11.57GiB   462MB / 389MB     0B / 3.35MB   13
b67642bca6e1   peer0.org2.example.com                                                                                  2.63%     66.37MiB / 11.57GiB   5.36MB / 2.45MB   0B / 3.37MB   10
f44dcc617cde   couchdb1                                                                                                0.33%     55.62MiB / 11.57GiB   359kB / 335kB     0B / 1.42MB   42
a72317bb1012   orderer.example.com                                                                                     0.09%     19.51MiB / 11.57GiB   251kB / 970kB     0B / 500kB    12
06570e84cacd   couchdb0                                                                                                89.36%    84.89MiB / 11.57GiB   9.84MB / 329MB    0B / 1.42MB   42
64b3d7dc3419   ca_org1                                                                                                 0.00%     8.348MiB / 11.57GiB   46.4kB / 77.8kB   0B / 1.13MB   7
8098c80205e5   ca_org2                                                                                                 0.00%     7.117MiB / 11.57GiB   27.2kB / 35.4kB   0B / 737kB    7
f4bf6573cc65   ca_orderer                                                                                              0.00%     7.109MiB / 11.57GiB   23kB / 27.2kB     0B / 659kB    8
CONTAINER      NAME                                                                                                    CPU %     MEM USAGE / LIMIT     NET I/O           BLOCK I/O     PIDS
d759e481e4ac   dev-peer0.org1.example.com-basic_1.0-fed8a62a32b9bc8ca8542427cb2b6a4d823755ad1cff77456586aafeca504428   20.51%    10.17MiB / 2GiB       150MB / 125MB     0B / 0B       9
564cb404308c   dev-peer0.org2.example.com-basic_1.0-fed8a62a32b9bc8ca8542427cb2b6a4d823755ad1cff77456586aafeca504428   0.00%     5.633MiB / 2GiB       323kB / 381kB     0B / 0B       7
6fbaa2281f37   dev-peer1.org1.example.com-basic_1.0-fed8a62a32b9bc8ca8542427cb2b6a4d823755ad1cff77456586aafeca504428   23.42%    8.84MiB / 2GiB        153MB / 128MB     0B / 0B       9
bb85d2ea2e20   dev-peer2.org1.example.com-basic_1.0-fed8a62a32b9bc8ca8542427cb2b6a4d823755ad1cff77456586aafeca504428   24.84%    9.25MiB / 2GiB        153MB / 128MB     0B / 0B       9
003602e37b49   dev-peer3.org1.example.com-basic_1.0-fed8a62a32b9bc8ca8542427cb2b6a4d823755ad1cff77456586aafeca504428   25.03%    7.945MiB / 2GiB       153MB / 127MB     0B / 0B       9
6640668c08c7   peer3.org1.example.com                                                                                  12.29%    103.9MiB / 11.57GiB   141MB / 402MB     0B / 3.43MB   10
3300305257ae   peer2.org1.example.com                                                                                  12.27%    111.9MiB / 11.57GiB   138MB / 402MB     0B / 3.44MB   11
d682d9a12dd8   peer1.org1.example.com                                                                                  12.42%    89.46MiB / 11.57GiB   138MB / 403MB     0B / 3.43MB   11
e2e6ace26dad   cli                                                                                                     0.00%     1.059MiB / 11.57GiB   109kB / 17.7kB    0B / 336kB    1
1f89ad65cd4c   peer0.org1.example.com                                                                                  37.80%    134.8MiB / 11.57GiB   478MB / 400MB     0B / 3.35MB   13
b67642bca6e1   peer0.org2.example.com                                                                                  1.96%     66.38MiB / 11.57GiB   5.39MB / 2.48MB   0B / 3.37MB   10
f44dcc617cde   couchdb1                                                                                                0.27%     55.62MiB / 11.57GiB   359kB / 335kB     0B / 1.42MB   42
a72317bb1012   orderer.example.com                                                                                     0.28%     19.55MiB / 11.57GiB   256kB / 977kB     0B / 500kB    12
06570e84cacd   couchdb0                                                                                                158.86%   85.02MiB / 11.57GiB   10.2MB / 341MB    0B / 1.42MB   42
64b3d7dc3419   ca_org1                                                                                                 0.00%     7.41MiB / 11.57GiB    46.4kB / 77.8kB   0B / 1.13MB   7
8098c80205e5   ca_org2                                                                                                 0.00%     7.117MiB / 11.57GiB   27.2kB / 35.4kB   0B / 737kB    7
f4bf6573cc65   ca_orderer                                                                                              0.00%     7.109MiB / 11.57GiB   23kB / 27.2kB     0B / 659kB    8
CONTAINER      NAME                                                                                                    CPU %     MEM USAGE / LIMIT     NET I/O           BLOCK I/O     PIDS
d759e481e4ac   dev-peer0.org1.example.com-basic_1.0-fed8a62a32b9bc8ca8542427cb2b6a4d823755ad1cff77456586aafeca504428   6.95%     11.97MiB / 2GiB       153MB / 128MB     0B / 0B       9
564cb404308c   dev-peer0.org2.example.com-basic_1.0-fed8a62a32b9bc8ca8542427cb2b6a4d823755ad1cff77456586aafeca504428   0.00%     5.633MiB / 2GiB       323kB / 381kB     0B / 0B       7
6fbaa2281f37   dev-peer1.org1.example.com-basic_1.0-fed8a62a32b9bc8ca8542427cb2b6a4d823755ad1cff77456586aafeca504428   21.59%    8.688MiB / 2GiB       158MB / 132MB     0B / 0B       9
bb85d2ea2e20   dev-peer2.org1.example.com-basic_1.0-fed8a62a32b9bc8ca8542427cb2b6a4d823755ad1cff77456586aafeca504428   22.91%    9.156MiB / 2GiB       158MB / 132MB     0B / 0B       9
003602e37b49   dev-peer3.org1.example.com-basic_1.0-fed8a62a32b9bc8ca8542427cb2b6a4d823755ad1cff77456586aafeca504428   21.39%    8.711MiB / 2GiB       158MB / 132MB     0B / 0B       9
6640668c08c7   peer3.org1.example.com                                                                                  11.54%    103.8MiB / 11.57GiB   145MB / 416MB     0B / 3.43MB   10
3300305257ae   peer2.org1.example.com                                                                                  11.71%    111.9MiB / 11.57GiB   143MB / 416MB     0B / 3.44MB   11
d682d9a12dd8   peer1.org1.example.com                                                                                  11.70%    91.36MiB / 11.57GiB   143MB / 416MB     0B / 3.43MB   11
e2e6ace26dad   cli                                                                                                     0.00%     1.059MiB / 11.57GiB   109kB / 17.7kB    0B / 336kB    1
1f89ad65cd4c   peer0.org1.example.com                                                                                  33.06%    132.2MiB / 11.57GiB   491MB / 410MB     0B / 3.35MB   13
b67642bca6e1   peer0.org2.example.com                                                                                  0.81%     66.38MiB / 11.57GiB   5.41MB / 2.5MB    0B / 3.37MB   10
f44dcc617cde   couchdb1                                                                                                0.16%     55.62MiB / 11.57GiB   359kB / 335kB     0B / 1.42MB   42
a72317bb1012   orderer.example.com                                                                                     0.04%     19.57MiB / 11.57GiB   258kB / 979kB     0B / 500kB    12
06570e84cacd   couchdb0                                                                                                177.98%   87.71MiB / 11.57GiB   10.5MB / 351MB    0B / 1.42MB   42
64b3d7dc3419   ca_org1                                                                                                 0.00%     7.41MiB / 11.57GiB    46.4kB / 77.8kB   0B / 1.13MB   7
8098c80205e5   ca_org2                                                                                                 0.00%     7.117MiB / 11.57GiB   27.2kB / 35.4kB   0B / 737kB    7
f4bf6573cc65   ca_orderer                                                                                              0.00%     7.109MiB / 11.57GiB   23kB / 27.2kB     0B / 659kB    8
CONTAINER      NAME                                                                                                    CPU %     MEM USAGE / LIMIT     NET I/O           BLOCK I/O     PIDS
d759e481e4ac   dev-peer0.org1.example.com-basic_1.0-fed8a62a32b9bc8ca8542427cb2b6a4d823755ad1cff77456586aafeca504428   26.07%    12.1MiB / 2GiB        159MB / 133MB     0B / 0B       9
564cb404308c   dev-peer0.org2.example.com-basic_1.0-fed8a62a32b9bc8ca8542427cb2b6a4d823755ad1cff77456586aafeca504428   0.00%     5.633MiB / 2GiB       324kB / 382kB     0B / 0B       7
6fbaa2281f37   dev-peer1.org1.example.com-basic_1.0-fed8a62a32b9bc8ca8542427cb2b6a4d823755ad1cff77456586aafeca504428   20.95%    8.773MiB / 2GiB       163MB / 136MB     0B / 0B       9
bb85d2ea2e20   dev-peer2.org1.example.com-basic_1.0-fed8a62a32b9bc8ca8542427cb2b6a4d823755ad1cff77456586aafeca504428   20.20%    8.816MiB / 2GiB       163MB / 136MB     0B / 0B       9
003602e37b49   dev-peer3.org1.example.com-basic_1.0-fed8a62a32b9bc8ca8542427cb2b6a4d823755ad1cff77456586aafeca504428   22.07%    9.148MiB / 2GiB       162MB / 135MB     0B / 0B       9
6640668c08c7   peer3.org1.example.com                                                                                  10.88%    96.33MiB / 11.57GiB   150MB / 428MB     0B / 3.43MB   10
3300305257ae   peer2.org1.example.com                                                                                  10.09%    111.8MiB / 11.57GiB   147MB / 428MB     0B / 3.44MB   11
d682d9a12dd8   peer1.org1.example.com                                                                                  10.12%    91.38MiB / 11.57GiB   147MB / 429MB     0B / 3.43MB   11
e2e6ace26dad   cli                                                                                                     0.00%     1.059MiB / 11.57GiB   109kB / 17.7kB    0B / 336kB    1
1f89ad65cd4c   peer0.org1.example.com                                                                                  45.01%    143.2MiB / 11.57GiB   508MB / 426MB     0B / 3.35MB   13
b67642bca6e1   peer0.org2.example.com                                                                                  0.67%     66.38MiB / 11.57GiB   5.43MB / 2.52MB   0B / 3.37MB   10
f44dcc617cde   couchdb1                                                                                                0.30%     55.62MiB / 11.57GiB   359kB / 335kB     0B / 1.42MB   42
a72317bb1012   orderer.example.com                                                                                     0.05%     19.57MiB / 11.57GiB   259kB / 980kB     0B / 500kB    12
06570e84cacd   couchdb0                                                                                                172.76%   93.32MiB / 11.57GiB   10.9MB / 363MB    0B / 1.42MB   42
64b3d7dc3419   ca_org1                                                                                                 0.00%     7.41MiB / 11.57GiB    46.4kB / 77.8kB   0B / 1.13MB   7
8098c80205e5   ca_org2                                                                                                 0.00%     7.117MiB / 11.57GiB   27.2kB / 35.4kB   0B / 737kB    7
f4bf6573cc65   ca_orderer                                                                                              0.00%     7.109MiB / 11.57GiB   23kB / 27.2kB     0B / 659kB    8
CONTAINER      NAME                                                                                                    CPU %     MEM USAGE / LIMIT     NET I/O           BLOCK I/O     PIDS
d759e481e4ac   dev-peer0.org1.example.com-basic_1.0-fed8a62a32b9bc8ca8542427cb2b6a4d823755ad1cff77456586aafeca504428   7.34%     10.58MiB / 2GiB       164MB / 137MB     0B / 0B       9
564cb404308c   dev-peer0.org2.example.com-basic_1.0-fed8a62a32b9bc8ca8542427cb2b6a4d823755ad1cff77456586aafeca504428   0.00%     5.633MiB / 2GiB       324kB / 382kB     0B / 0B       7
6fbaa2281f37   dev-peer1.org1.example.com-basic_1.0-fed8a62a32b9bc8ca8542427cb2b6a4d823755ad1cff77456586aafeca504428   43.32%    11.33MiB / 2GiB       167MB / 140MB     0B / 0B       9
bb85d2ea2e20   dev-peer2.org1.example.com-basic_1.0-fed8a62a32b9bc8ca8542427cb2b6a4d823755ad1cff77456586aafeca504428   49.93%    8.824MiB / 2GiB       167MB / 140MB     0B / 0B       9
003602e37b49   dev-peer3.org1.example.com-basic_1.0-fed8a62a32b9bc8ca8542427cb2b6a4d823755ad1cff77456586aafeca504428   44.34%    9.691MiB / 2GiB       167MB / 139MB     0B / 0B       9
6640668c08c7   peer3.org1.example.com                                                                                  22.08%    103.6MiB / 11.57GiB   154MB / 441MB     0B / 3.43MB   10
3300305257ae   peer2.org1.example.com                                                                                  21.79%    111.9MiB / 11.57GiB   151MB / 441MB     0B / 3.44MB   11
d682d9a12dd8   peer1.org1.example.com                                                                                  21.05%    91.41MiB / 11.57GiB   151MB / 441MB     0B / 3.43MB   11
e2e6ace26dad   cli                                                                                                     0.00%     1.059MiB / 11.57GiB   109kB / 17.7kB    0B / 336kB    1
1f89ad65cd4c   peer0.org1.example.com                                                                                  29.41%    133.7MiB / 11.57GiB   521MB / 438MB     0B / 3.35MB   13
b67642bca6e1   peer0.org2.example.com                                                                                  3.18%     66.38MiB / 11.57GiB   5.46MB / 2.55MB   0B / 3.37MB   10
f44dcc617cde   couchdb1                                                                                                0.38%     55.62MiB / 11.57GiB   359kB / 335kB     0B / 1.42MB   42
a72317bb1012   orderer.example.com                                                                                     0.12%     19.57MiB / 11.57GiB   259kB / 980kB     0B / 500kB    12
06570e84cacd   couchdb0                                                                                                64.42%    89.16MiB / 11.57GiB   11.2MB / 373MB    0B / 1.42MB   42
64b3d7dc3419   ca_org1                                                                                                 0.00%     7.41MiB / 11.57GiB    46.4kB / 77.8kB   0B / 1.13MB   7
8098c80205e5   ca_org2                                                                                                 0.00%     7.117MiB / 11.57GiB   27.2kB / 35.4kB   0B / 737kB    7
f4bf6573cc65   ca_orderer                                                                                              0.00%     7.109MiB / 11.57GiB   23kB / 27.2kB     0B / 659kB    8
CONTAINER      NAME                                                                                                    CPU %     MEM USAGE / LIMIT     NET I/O           BLOCK I/O     PIDS
d759e481e4ac   dev-peer0.org1.example.com-basic_1.0-fed8a62a32b9bc8ca8542427cb2b6a4d823755ad1cff77456586aafeca504428   33.73%    12.86MiB / 2GiB       168MB / 141MB     0B / 0B       9
564cb404308c   dev-peer0.org2.example.com-basic_1.0-fed8a62a32b9bc8ca8542427cb2b6a4d823755ad1cff77456586aafeca504428   0.00%     5.633MiB / 2GiB       324kB / 382kB     0B / 0B       7
6fbaa2281f37   dev-peer1.org1.example.com-basic_1.0-fed8a62a32b9bc8ca8542427cb2b6a4d823755ad1cff77456586aafeca504428   33.60%    11.88MiB / 2GiB       172MB / 143MB     0B / 0B       9
bb85d2ea2e20   dev-peer2.org1.example.com-basic_1.0-fed8a62a32b9bc8ca8542427cb2b6a4d823755ad1cff77456586aafeca504428   36.75%    13.41MiB / 2GiB       172MB / 144MB     0B / 0B       9
003602e37b49   dev-peer3.org1.example.com-basic_1.0-fed8a62a32b9bc8ca8542427cb2b6a4d823755ad1cff77456586aafeca504428   36.83%    12.5MiB / 2GiB        172MB / 143MB     0B / 0B       9
6640668c08c7   peer3.org1.example.com                                                                                  19.86%    104.1MiB / 11.57GiB   158MB / 452MB     0B / 3.43MB   10
3300305257ae   peer2.org1.example.com                                                                                  21.28%    112MiB / 11.57GiB     155MB / 453MB     0B / 3.44MB   11
d682d9a12dd8   peer1.org1.example.com                                                                                  17.43%    84.3MiB / 11.57GiB    155MB / 453MB     0B / 3.43MB   11
e2e6ace26dad   cli                                                                                                     0.00%     1.059MiB / 11.57GiB   109kB / 17.7kB    0B / 336kB    1
1f89ad65cd4c   peer0.org1.example.com                                                                                  45.60%    135.9MiB / 11.57GiB   535MB / 449MB     0B / 3.35MB   13
b67642bca6e1   peer0.org2.example.com                                                                                  1.71%     66.38MiB / 11.57GiB   5.48MB / 2.57MB   0B / 3.37MB   10
f44dcc617cde   couchdb1                                                                                                0.28%     55.62MiB / 11.57GiB   359kB / 335kB     0B / 1.42MB   42
a72317bb1012   orderer.example.com                                                                                     0.13%     19.57MiB / 11.57GiB   260kB / 981kB     0B / 500kB    12
06570e84cacd   couchdb0                                                                                                45.79%    93.02MiB / 11.57GiB   11.5MB / 382MB    0B / 1.42MB   42
64b3d7dc3419   ca_org1                                                                                                 0.00%     7.41MiB / 11.57GiB    46.4kB / 77.8kB   0B / 1.13MB   7
8098c80205e5   ca_org2                                                                                                 0.00%     7.117MiB / 11.57GiB   27.2kB / 35.4kB   0B / 737kB    7
f4bf6573cc65   ca_orderer                                                                                              0.00%     7.109MiB / 11.57GiB   23kB / 27.2kB     0B / 659kB    8
CONTAINER      NAME                                                                                                    CPU %     MEM USAGE / LIMIT     NET I/O           BLOCK I/O     PIDS
d759e481e4ac   dev-peer0.org1.example.com-basic_1.0-fed8a62a32b9bc8ca8542427cb2b6a4d823755ad1cff77456586aafeca504428   18.07%    12.39MiB / 2GiB       171MB / 143MB     0B / 0B       9
564cb404308c   dev-peer0.org2.example.com-basic_1.0-fed8a62a32b9bc8ca8542427cb2b6a4d823755ad1cff77456586aafeca504428   0.00%     5.703MiB / 2GiB       324kB / 382kB     0B / 0B       7
6fbaa2281f37   dev-peer1.org1.example.com-basic_1.0-fed8a62a32b9bc8ca8542427cb2b6a4d823755ad1cff77456586aafeca504428   43.15%    13.14MiB / 2GiB       177MB / 148MB     0B / 0B       9
bb85d2ea2e20   dev-peer2.org1.example.com-basic_1.0-fed8a62a32b9bc8ca8542427cb2b6a4d823755ad1cff77456586aafeca504428   39.54%    12.65MiB / 2GiB       177MB / 147MB     0B / 0B       9
003602e37b49   dev-peer3.org1.example.com-basic_1.0-fed8a62a32b9bc8ca8542427cb2b6a4d823755ad1cff77456586aafeca504428   35.13%    9.746MiB / 2GiB       177MB / 147MB     0B / 0B       9
6640668c08c7   peer3.org1.example.com                                                                                  21.60%    104MiB / 11.57GiB     162MB / 465MB     0B / 3.43MB   10
3300305257ae   peer2.org1.example.com                                                                                  22.33%    105.4MiB / 11.57GiB   159MB / 465MB     0B / 3.44MB   11
d682d9a12dd8   peer1.org1.example.com                                                                                  20.56%    82.37MiB / 11.57GiB   160MB / 466MB     0B / 3.43MB   11
e2e6ace26dad   cli                                                                                                     0.00%     1.059MiB / 11.57GiB   109kB / 17.7kB    0B / 336kB    1
1f89ad65cd4c   peer0.org1.example.com                                                                                  15.91%    135.3MiB / 11.57GiB   548MB / 458MB     0B / 3.35MB   13
b67642bca6e1   peer0.org2.example.com                                                                                  3.21%     66.39MiB / 11.57GiB   5.51MB / 2.6MB    0B / 3.37MB   10
f44dcc617cde   couchdb1                                                                                                0.66%     55.62MiB / 11.57GiB   359kB / 335kB     0B / 1.42MB   42
a72317bb1012   orderer.example.com                                                                                     0.36%     19.57MiB / 11.57GiB   260kB / 981kB     0B / 500kB    12
06570e84cacd   couchdb0                                                                                                72.35%    101MiB / 11.57GiB     11.9MB / 392MB    0B / 1.42MB   42
64b3d7dc3419   ca_org1                                                                                                 0.00%     7.41MiB / 11.57GiB    46.4kB / 77.8kB   0B / 1.13MB   7
8098c80205e5   ca_org2                                                                                                 0.00%     7.117MiB / 11.57GiB   27.2kB / 35.4kB   0B / 737kB    7
f4bf6573cc65   ca_orderer                                                                                              0.00%     7.109MiB / 11.57GiB   23kB / 27.2kB     0B / 659kB    8
CONTAINER      NAME                                                                                                    CPU %     MEM USAGE / LIMIT     NET I/O           BLOCK I/O     PIDS
d759e481e4ac   dev-peer0.org1.example.com-basic_1.0-fed8a62a32b9bc8ca8542427cb2b6a4d823755ad1cff77456586aafeca504428   17.65%    13.37MiB / 2GiB       176MB / 147MB     0B / 0B       9
564cb404308c   dev-peer0.org2.example.com-basic_1.0-fed8a62a32b9bc8ca8542427cb2b6a4d823755ad1cff77456586aafeca504428   0.00%     5.703MiB / 2GiB       324kB / 382kB     0B / 0B       7
6fbaa2281f37   dev-peer1.org1.example.com-basic_1.0-fed8a62a32b9bc8ca8542427cb2b6a4d823755ad1cff77456586aafeca504428   19.38%    8.641MiB / 2GiB       182MB / 152MB     0B / 0B       9
bb85d2ea2e20   dev-peer2.org1.example.com-basic_1.0-fed8a62a32b9bc8ca8542427cb2b6a4d823755ad1cff77456586aafeca504428   23.13%    9.035MiB / 2GiB       182MB / 152MB     0B / 0B       9
003602e37b49   dev-peer3.org1.example.com-basic_1.0-fed8a62a32b9bc8ca8542427cb2b6a4d823755ad1cff77456586aafeca504428   22.08%    8.766MiB / 2GiB       182MB / 152MB     0B / 0B       9
6640668c08c7   peer3.org1.example.com                                                                                  11.72%    104MiB / 11.57GiB     166MB / 479MB     0B / 3.43MB   10
3300305257ae   peer2.org1.example.com                                                                                  11.13%    103.7MiB / 11.57GiB   164MB / 479MB     0B / 3.44MB   11
d682d9a12dd8   peer1.org1.example.com                                                                                  11.66%    85.3MiB / 11.57GiB    163MB / 476MB     0B / 3.43MB   11
e2e6ace26dad   cli                                                                                                     0.00%     1.059MiB / 11.57GiB   109kB / 17.7kB    0B / 336kB    1
1f89ad65cd4c   peer0.org1.example.com                                                                                  31.97%    149.3MiB / 11.57GiB   564MB / 471MB     0B / 3.35MB   13
b67642bca6e1   peer0.org2.example.com                                                                                  0.60%     66.4MiB / 11.57GiB    5.53MB / 2.62MB   0B / 3.37MB   10
f44dcc617cde   couchdb1                                                                                                0.26%     55.62MiB / 11.57GiB   359kB / 335kB     0B / 1.42MB   42
a72317bb1012   orderer.example.com                                                                                     0.06%     19.57MiB / 11.57GiB   261kB / 981kB     0B / 500kB    12
06570e84cacd   couchdb0                                                                                                183.21%   112.8MiB / 11.57GiB   12.4MB / 404MB    0B / 1.42MB   42
64b3d7dc3419   ca_org1                                                                                                 0.00%     7.41MiB / 11.57GiB    46.4kB / 77.8kB   0B / 1.13MB   7
8098c80205e5   ca_org2                                                                                                 0.00%     7.117MiB / 11.57GiB   27.2kB / 35.4kB   0B / 737kB    7
f4bf6573cc65   ca_orderer                                                                                              0.00%     7.109MiB / 11.57GiB   23kB / 27.2kB     0B / 659kB    8
CONTAINER      NAME                                                                                                    CPU %     MEM USAGE / LIMIT     NET I/O           BLOCK I/O     PIDS
d759e481e4ac   dev-peer0.org1.example.com-basic_1.0-fed8a62a32b9bc8ca8542427cb2b6a4d823755ad1cff77456586aafeca504428   17.69%    14.92MiB / 2GiB       181MB / 151MB     0B / 0B       9
564cb404308c   dev-peer0.org2.example.com-basic_1.0-fed8a62a32b9bc8ca8542427cb2b6a4d823755ad1cff77456586aafeca504428   0.00%     5.703MiB / 2GiB       324kB / 382kB     0B / 0B       7
6fbaa2281f37   dev-peer1.org1.example.com-basic_1.0-fed8a62a32b9bc8ca8542427cb2b6a4d823755ad1cff77456586aafeca504428   30.21%    8.625MiB / 2GiB       187MB / 156MB     0B / 0B       9
bb85d2ea2e20   dev-peer2.org1.example.com-basic_1.0-fed8a62a32b9bc8ca8542427cb2b6a4d823755ad1cff77456586aafeca504428   32.17%    8.676MiB / 2GiB       187MB / 156MB     0B / 0B       9
003602e37b49   dev-peer3.org1.example.com-basic_1.0-fed8a62a32b9bc8ca8542427cb2b6a4d823755ad1cff77456586aafeca504428   34.00%    8.633MiB / 2GiB       187MB / 156MB     0B / 0B       9
6640668c08c7   peer3.org1.example.com                                                                                  17.41%    101.3MiB / 11.57GiB   171MB / 492MB     0B / 3.43MB   10
3300305257ae   peer2.org1.example.com                                                                                  14.05%    111.8MiB / 11.57GiB   168MB / 492MB     0B / 3.44MB   11
d682d9a12dd8   peer1.org1.example.com                                                                                  15.00%    90.37MiB / 11.57GiB   168MB / 492MB     0B / 3.43MB   11
e2e6ace26dad   cli                                                                                                     0.00%     1.059MiB / 11.57GiB   109kB / 17.7kB    0B / 336kB    1
1f89ad65cd4c   peer0.org1.example.com                                                                                  27.72%    153.3MiB / 11.57GiB   577MB / 484MB     0B / 3.35MB   13
b67642bca6e1   peer0.org2.example.com                                                                                  1.32%     66.41MiB / 11.57GiB   5.55MB / 2.65MB   0B / 3.37MB   10
f44dcc617cde   couchdb1                                                                                                0.33%     55.62MiB / 11.57GiB   359kB / 335kB     0B / 1.42MB   42
a72317bb1012   orderer.example.com                                                                                     0.09%     19.57MiB / 11.57GiB   261kB / 982kB     0B / 500kB    12
06570e84cacd   couchdb0                                                                                                125.12%   113.6MiB / 11.57GiB   12.7MB / 413MB    0B / 1.42MB   42
64b3d7dc3419   ca_org1                                                                                                 0.00%     7.41MiB / 11.57GiB    46.4kB / 77.8kB   0B / 1.13MB   7
8098c80205e5   ca_org2                                                                                                 0.00%     7.117MiB / 11.57GiB   27.2kB / 35.4kB   0B / 737kB    7
f4bf6573cc65   ca_orderer                                                                                              0.00%     7.109MiB / 11.57GiB   23kB / 27.2kB     0B / 659kB    8
CONTAINER      NAME                                                                                                    CPU %     MEM USAGE / LIMIT     NET I/O           BLOCK I/O     PIDS
d759e481e4ac   dev-peer0.org1.example.com-basic_1.0-fed8a62a32b9bc8ca8542427cb2b6a4d823755ad1cff77456586aafeca504428   30.26%    12.34MiB / 2GiB       186MB / 156MB     0B / 0B       9
564cb404308c   dev-peer0.org2.example.com-basic_1.0-fed8a62a32b9bc8ca8542427cb2b6a4d823755ad1cff77456586aafeca504428   0.00%     5.703MiB / 2GiB       324kB / 382kB     0B / 0B       7
6fbaa2281f37   dev-peer1.org1.example.com-basic_1.0-fed8a62a32b9bc8ca8542427cb2b6a4d823755ad1cff77456586aafeca504428   23.69%    8.945MiB / 2GiB       192MB / 160MB     0B / 0B       9
bb85d2ea2e20   dev-peer2.org1.example.com-basic_1.0-fed8a62a32b9bc8ca8542427cb2b6a4d823755ad1cff77456586aafeca504428   22.85%    8.773MiB / 2GiB       192MB / 160MB     0B / 0B       9
003602e37b49   dev-peer3.org1.example.com-basic_1.0-fed8a62a32b9bc8ca8542427cb2b6a4d823755ad1cff77456586aafeca504428   23.08%    8.98MiB / 2GiB        192MB / 160MB     0B / 0B       9
6640668c08c7   peer3.org1.example.com                                                                                  11.69%    103MiB / 11.57GiB     175MB / 504MB     0B / 3.43MB   10
3300305257ae   peer2.org1.example.com                                                                                  10.07%    103.6MiB / 11.57GiB   172MB / 505MB     0B / 3.44MB   11
d682d9a12dd8   peer1.org1.example.com                                                                                  12.63%    89.41MiB / 11.57GiB   172MB / 505MB     0B / 3.43MB   11
e2e6ace26dad   cli                                                                                                     0.00%     1.059MiB / 11.57GiB   109kB / 17.7kB    0B / 336kB    1
1f89ad65cd4c   peer0.org1.example.com                                                                                  51.41%    153.2MiB / 11.57GiB   595MB / 499MB     0B / 3.35MB   13
b67642bca6e1   peer0.org2.example.com                                                                                  1.29%     66.41MiB / 11.57GiB   5.57MB / 2.67MB   0B / 3.37MB   10
f44dcc617cde   couchdb1                                                                                                0.23%     55.62MiB / 11.57GiB   359kB / 335kB     0B / 1.42MB   42
a72317bb1012   orderer.example.com                                                                                     0.06%     19.57MiB / 11.57GiB   261kB / 982kB     0B / 500kB    12
06570e84cacd   couchdb0                                                                                                145.04%   109.7MiB / 11.57GiB   13.2MB / 426MB    0B / 1.42MB   42
64b3d7dc3419   ca_org1                                                                                                 0.00%     7.41MiB / 11.57GiB    46.4kB / 77.8kB   0B / 1.13MB   7
8098c80205e5   ca_org2                                                                                                 0.00%     7.117MiB / 11.57GiB   27.2kB / 35.4kB   0B / 737kB    7
f4bf6573cc65   ca_orderer                                                                                              0.00%     7.109MiB / 11.57GiB   23kB / 27.2kB     0B / 659kB    8
CONTAINER      NAME                                                                                                    CPU %     MEM USAGE / LIMIT     NET I/O           BLOCK I/O     PIDS
d759e481e4ac   dev-peer0.org1.example.com-basic_1.0-fed8a62a32b9bc8ca8542427cb2b6a4d823755ad1cff77456586aafeca504428   22.43%    13.09MiB / 2GiB       190MB / 159MB     0B / 0B       9
564cb404308c   dev-peer0.org2.example.com-basic_1.0-fed8a62a32b9bc8ca8542427cb2b6a4d823755ad1cff77456586aafeca504428   0.00%     5.473MiB / 2GiB       324kB / 382kB     0B / 0B       7
6fbaa2281f37   dev-peer1.org1.example.com-basic_1.0-fed8a62a32b9bc8ca8542427cb2b6a4d823755ad1cff77456586aafeca504428   22.66%    8.949MiB / 2GiB       197MB / 164MB     0B / 0B       9
bb85d2ea2e20   dev-peer2.org1.example.com-basic_1.0-fed8a62a32b9bc8ca8542427cb2b6a4d823755ad1cff77456586aafeca504428   19.90%    9.242MiB / 2GiB       197MB / 164MB     0B / 0B       9
003602e37b49   dev-peer3.org1.example.com-basic_1.0-fed8a62a32b9bc8ca8542427cb2b6a4d823755ad1cff77456586aafeca504428   19.81%    8.699MiB / 2GiB       196MB / 164MB     0B / 0B       9
6640668c08c7   peer3.org1.example.com                                                                                  9.70%     103.1MiB / 11.57GiB   179MB / 517MB     0B / 3.43MB   10
3300305257ae   peer2.org1.example.com                                                                                  9.92%     110.6MiB / 11.57GiB   176MB / 517MB     0B / 3.44MB   11
d682d9a12dd8   peer1.org1.example.com                                                                                  11.43%    91.46MiB / 11.57GiB   177MB / 517MB     0B / 3.43MB   11
e2e6ace26dad   cli                                                                                                     0.00%     1.059MiB / 11.57GiB   109kB / 17.7kB    0B / 336kB    1
1f89ad65cd4c   peer0.org1.example.com                                                                                  40.38%    144.4MiB / 11.57GiB   608MB / 509MB     0B / 3.35MB   13
b67642bca6e1   peer0.org2.example.com                                                                                  1.26%     66.41MiB / 11.57GiB   5.6MB / 2.7MB     0B / 3.37MB   10
f44dcc617cde   couchdb1                                                                                                0.28%     55.62MiB / 11.57GiB   359kB / 335kB     0B / 1.42MB   42
a72317bb1012   orderer.example.com                                                                                     0.06%     19.59MiB / 11.57GiB   262kB / 983kB     0B / 500kB    12
06570e84cacd   couchdb0                                                                                                172.65%   113.8MiB / 11.57GiB   13.6MB / 436MB    0B / 1.42MB   42
64b3d7dc3419   ca_org1                                                                                                 0.00%     7.41MiB / 11.57GiB    46.4kB / 77.8kB   0B / 1.13MB   7
8098c80205e5   ca_org2                                                                                                 0.00%     7.117MiB / 11.57GiB   27.2kB / 35.4kB   0B / 737kB    7
f4bf6573cc65   ca_orderer                                                                                              0.00%     7.109MiB / 11.57GiB   23kB / 27.2kB     0B / 659kB    8
CONTAINER      NAME                                                                                                    CPU %     MEM USAGE / LIMIT     NET I/O           BLOCK I/O     PIDS
d759e481e4ac   dev-peer0.org1.example.com-basic_1.0-fed8a62a32b9bc8ca8542427cb2b6a4d823755ad1cff77456586aafeca504428   30.44%    12.98MiB / 2GiB       194MB / 163MB     0B / 0B       9
564cb404308c   dev-peer0.org2.example.com-basic_1.0-fed8a62a32b9bc8ca8542427cb2b6a4d823755ad1cff77456586aafeca504428   0.00%     5.473MiB / 2GiB       324kB / 382kB     0B / 0B       7
6fbaa2281f37   dev-peer1.org1.example.com-basic_1.0-fed8a62a32b9bc8ca8542427cb2b6a4d823755ad1cff77456586aafeca504428   20.83%    8.688MiB / 2GiB       201MB / 168MB     0B / 0B       9
bb85d2ea2e20   dev-peer2.org1.example.com-basic_1.0-fed8a62a32b9bc8ca8542427cb2b6a4d823755ad1cff77456586aafeca504428   20.51%    8.715MiB / 2GiB       201MB / 168MB     0B / 0B       9
003602e37b49   dev-peer3.org1.example.com-basic_1.0-fed8a62a32b9bc8ca8542427cb2b6a4d823755ad1cff77456586aafeca504428   21.04%    8.625MiB / 2GiB       201MB / 168MB     0B / 0B       9
6640668c08c7   peer3.org1.example.com                                                                                  11.36%    103.1MiB / 11.57GiB   183MB / 529MB     0B / 3.43MB   10
3300305257ae   peer2.org1.example.com                                                                                  10.82%    110.8MiB / 11.57GiB   181MB / 530MB     0B / 3.44MB   11
d682d9a12dd8   peer1.org1.example.com                                                                                  10.63%    91.46MiB / 11.57GiB   181MB / 529MB     0B / 3.43MB   11
e2e6ace26dad   cli                                                                                                     0.00%     1.059MiB / 11.57GiB   109kB / 17.7kB    0B / 336kB    1
1f89ad65cd4c   peer0.org1.example.com                                                                                  47.22%    158.1MiB / 11.57GiB   620MB / 521MB     0B / 3.35MB   13
b67642bca6e1   peer0.org2.example.com                                                                                  1.23%     66.48MiB / 11.57GiB   5.63MB / 2.73MB   0B / 3.37MB   10
f44dcc617cde   couchdb1                                                                                                0.27%     55.62MiB / 11.57GiB   359kB / 335kB     0B / 1.42MB   42
a72317bb1012   orderer.example.com                                                                                     0.05%     19.59MiB / 11.57GiB   262kB / 983kB     0B / 500kB    12
06570e84cacd   couchdb0                                                                                                135.56%   113.8MiB / 11.57GiB   14MB / 444MB      0B / 1.42MB   42
64b3d7dc3419   ca_org1                                                                                                 0.00%     7.41MiB / 11.57GiB    46.4kB / 77.8kB   0B / 1.13MB   7
8098c80205e5   ca_org2                                                                                                 0.00%     7.117MiB / 11.57GiB   27.2kB / 35.4kB   0B / 737kB    7
f4bf6573cc65   ca_orderer                                                                                              0.00%     7.109MiB / 11.57GiB   23kB / 27.2kB     0B / 659kB    8
CONTAINER      NAME                                                                                                    CPU %     MEM USAGE / LIMIT     NET I/O           BLOCK I/O     PIDS
d759e481e4ac   dev-peer0.org1.example.com-basic_1.0-fed8a62a32b9bc8ca8542427cb2b6a4d823755ad1cff77456586aafeca504428   36.19%    16.14MiB / 2GiB       200MB / 167MB     0B / 0B       9
564cb404308c   dev-peer0.org2.example.com-basic_1.0-fed8a62a32b9bc8ca8542427cb2b6a4d823755ad1cff77456586aafeca504428   0.00%     5.473MiB / 2GiB       324kB / 382kB     0B / 0B       7
6fbaa2281f37   dev-peer1.org1.example.com-basic_1.0-fed8a62a32b9bc8ca8542427cb2b6a4d823755ad1cff77456586aafeca504428   21.68%    8.855MiB / 2GiB       206MB / 172MB     0B / 0B       9
bb85d2ea2e20   dev-peer2.org1.example.com-basic_1.0-fed8a62a32b9bc8ca8542427cb2b6a4d823755ad1cff77456586aafeca504428   20.36%    8.883MiB / 2GiB       206MB / 172MB     0B / 0B       9
003602e37b49   dev-peer3.org1.example.com-basic_1.0-fed8a62a32b9bc8ca8542427cb2b6a4d823755ad1cff77456586aafeca504428   25.14%    9.055MiB / 2GiB       206MB / 172MB     0B / 0B       9
6640668c08c7   peer3.org1.example.com                                                                                  11.58%    103.2MiB / 11.57GiB   187MB / 542MB     0B / 3.43MB   10
3300305257ae   peer2.org1.example.com                                                                                  11.31%    111.7MiB / 11.57GiB   185MB / 542MB     0B / 3.44MB   11
d682d9a12dd8   peer1.org1.example.com                                                                                  10.35%    91.47MiB / 11.57GiB   185MB / 542MB     0B / 3.43MB   11
e2e6ace26dad   cli                                                                                                     0.00%     1.059MiB / 11.57GiB   109kB / 17.7kB    0B / 336kB    1
1f89ad65cd4c   peer0.org1.example.com                                                                                  58.81%    159.9MiB / 11.57GiB   638MB / 536MB     0B / 3.35MB   13
b67642bca6e1   peer0.org2.example.com                                                                                  0.64%     66.48MiB / 11.57GiB   5.65MB / 2.74MB   0B / 3.37MB   10
f44dcc617cde   couchdb1                                                                                                0.11%     55.62MiB / 11.57GiB   359kB / 335kB     0B / 1.42MB   42
a72317bb1012   orderer.example.com                                                                                     0.07%     19.59MiB / 11.57GiB   263kB / 983kB     0B / 500kB    12
06570e84cacd   couchdb0                                                                                                143.50%   114.1MiB / 11.57GiB   14.5MB / 458MB    0B / 1.42MB   42
64b3d7dc3419   ca_org1                                                                                                 0.00%     7.41MiB / 11.57GiB    46.4kB / 77.8kB   0B / 1.13MB   7
8098c80205e5   ca_org2                                                                                                 0.00%     7.117MiB / 11.57GiB   27.2kB / 35.4kB   0B / 737kB    7
f4bf6573cc65   ca_orderer                                                                                              0.00%     7.109MiB / 11.57GiB   23kB / 27.2kB     0B / 659kB    8
CONTAINER      NAME                                                                                                    CPU %     MEM USAGE / LIMIT     NET I/O           BLOCK I/O     PIDS
d759e481e4ac   dev-peer0.org1.example.com-basic_1.0-fed8a62a32b9bc8ca8542427cb2b6a4d823755ad1cff77456586aafeca504428   17.83%    13.26MiB / 2GiB       203MB / 170MB     0B / 0B       9
564cb404308c   dev-peer0.org2.example.com-basic_1.0-fed8a62a32b9bc8ca8542427cb2b6a4d823755ad1cff77456586aafeca504428   0.00%     5.473MiB / 2GiB       324kB / 382kB     0B / 0B       7
6fbaa2281f37   dev-peer1.org1.example.com-basic_1.0-fed8a62a32b9bc8ca8542427cb2b6a4d823755ad1cff77456586aafeca504428   21.54%    8.883MiB / 2GiB       211MB / 176MB     0B / 0B       9
bb85d2ea2e20   dev-peer2.org1.example.com-basic_1.0-fed8a62a32b9bc8ca8542427cb2b6a4d823755ad1cff77456586aafeca504428   19.78%    8.84MiB / 2GiB        211MB / 176MB     0B / 0B       9
003602e37b49   dev-peer3.org1.example.com-basic_1.0-fed8a62a32b9bc8ca8542427cb2b6a4d823755ad1cff77456586aafeca504428   21.72%    8.832MiB / 2GiB       210MB / 175MB     0B / 0B       9
6640668c08c7   peer3.org1.example.com                                                                                  10.66%    103.2MiB / 11.57GiB   191MB / 554MB     0B / 3.43MB   11
3300305257ae   peer2.org1.example.com                                                                                  10.62%    103.9MiB / 11.57GiB   189MB / 554MB     0B / 3.44MB   11
d682d9a12dd8   peer1.org1.example.com                                                                                  9.95%     91.57MiB / 11.57GiB   189MB / 554MB     0B / 3.43MB   11
e2e6ace26dad   cli                                                                                                     0.00%     1.059MiB / 11.57GiB   109kB / 17.7kB    0B / 336kB    1
1f89ad65cd4c   peer0.org1.example.com                                                                                  33.87%    159.6MiB / 11.57GiB   650MB / 546MB     0B / 3.35MB   13
b67642bca6e1   peer0.org2.example.com                                                                                  1.21%     66.48MiB / 11.57GiB   5.67MB / 2.77MB   0B / 3.37MB   10
f44dcc617cde   couchdb1                                                                                                0.24%     55.62MiB / 11.57GiB   359kB / 335kB     0B / 1.42MB   42
a72317bb1012   orderer.example.com                                                                                     0.07%     19.59MiB / 11.57GiB   263kB / 984kB     0B / 500kB    12
06570e84cacd   couchdb0                                                                                                172.45%   114.3MiB / 11.57GiB   14.9MB / 466MB    0B / 1.42MB   42
64b3d7dc3419   ca_org1                                                                                                 0.21%     7.41MiB / 11.57GiB    46.4kB / 77.8kB   0B / 1.13MB   7
8098c80205e5   ca_org2                                                                                                 0.00%     7.117MiB / 11.57GiB   27.2kB / 35.4kB   0B / 737kB    7
f4bf6573cc65   ca_orderer                                                                                              0.00%     7.109MiB / 11.57GiB   23kB / 27.2kB     0B / 659kB    8
CONTAINER      NAME                                                                                                    CPU %     MEM USAGE / LIMIT     NET I/O           BLOCK I/O     PIDS
d759e481e4ac   dev-peer0.org1.example.com-basic_1.0-fed8a62a32b9bc8ca8542427cb2b6a4d823755ad1cff77456586aafeca504428   38.99%    13.85MiB / 2GiB       208MB / 174MB     0B / 0B       9
564cb404308c   dev-peer0.org2.example.com-basic_1.0-fed8a62a32b9bc8ca8542427cb2b6a4d823755ad1cff77456586aafeca504428   0.00%     5.473MiB / 2GiB       324kB / 382kB     0B / 0B       7
6fbaa2281f37   dev-peer1.org1.example.com-basic_1.0-fed8a62a32b9bc8ca8542427cb2b6a4d823755ad1cff77456586aafeca504428   23.26%    8.648MiB / 2GiB       215MB / 180MB     0B / 0B       9
bb85d2ea2e20   dev-peer2.org1.example.com-basic_1.0-fed8a62a32b9bc8ca8542427cb2b6a4d823755ad1cff77456586aafeca504428   20.28%    8.891MiB / 2GiB       215MB / 180MB     0B / 0B       9
003602e37b49   dev-peer3.org1.example.com-basic_1.0-fed8a62a32b9bc8ca8542427cb2b6a4d823755ad1cff77456586aafeca504428   19.86%    8.664MiB / 2GiB       215MB / 179MB     0B / 0B       9
6640668c08c7   peer3.org1.example.com                                                                                  12.15%    103.3MiB / 11.57GiB   196MB / 566MB     0B / 3.43MB   11
3300305257ae   peer2.org1.example.com                                                                                  10.57%    104.1MiB / 11.57GiB   193MB / 567MB     0B / 3.44MB   11
d682d9a12dd8   peer1.org1.example.com                                                                                  11.36%    91.61MiB / 11.57GiB   193MB / 567MB     0B / 3.43MB   11
e2e6ace26dad   cli                                                                                                     0.00%     1.059MiB / 11.57GiB   109kB / 17.7kB    0B / 336kB    1
1f89ad65cd4c   peer0.org1.example.com                                                                                  63.50%    159.6MiB / 11.57GiB   665MB / 559MB     0B / 3.35MB   13
b67642bca6e1   peer0.org2.example.com                                                                                  0.76%     66.49MiB / 11.57GiB   5.69MB / 2.79MB   0B / 3.37MB   10
f44dcc617cde   couchdb1                                                                                                0.17%     55.62MiB / 11.57GiB   359kB / 335kB     0B / 1.42MB   42
a72317bb1012   orderer.example.com                                                                                     0.04%     19.59MiB / 11.57GiB   264kB / 984kB     0B / 500kB    12
06570e84cacd   couchdb0                                                                                                138.00%   114.2MiB / 11.57GiB   15.4MB / 477MB    0B / 1.42MB   42
64b3d7dc3419   ca_org1                                                                                                 0.00%     7.41MiB / 11.57GiB    46.4kB / 77.8kB   0B / 1.13MB   7
8098c80205e5   ca_org2                                                                                                 0.00%     7.117MiB / 11.57GiB   27.2kB / 35.4kB   0B / 737kB    7
f4bf6573cc65   ca_orderer                                                                                              0.00%     7.109MiB / 11.57GiB   23kB / 27.2kB     0B / 659kB    8
CONTAINER      NAME                                                                                                    CPU %     MEM USAGE / LIMIT     NET I/O           BLOCK I/O     PIDS
d759e481e4ac   dev-peer0.org1.example.com-basic_1.0-fed8a62a32b9bc8ca8542427cb2b6a4d823755ad1cff77456586aafeca504428   5.29%     14.15MiB / 2GiB       212MB / 178MB     0B / 0B       9
564cb404308c   dev-peer0.org2.example.com-basic_1.0-fed8a62a32b9bc8ca8542427cb2b6a4d823755ad1cff77456586aafeca504428   0.00%     5.473MiB / 2GiB       324kB / 382kB     0B / 0B       7
6fbaa2281f37   dev-peer1.org1.example.com-basic_1.0-fed8a62a32b9bc8ca8542427cb2b6a4d823755ad1cff77456586aafeca504428   41.44%    11.47MiB / 2GiB       220MB / 184MB     0B / 0B       9
bb85d2ea2e20   dev-peer2.org1.example.com-basic_1.0-fed8a62a32b9bc8ca8542427cb2b6a4d823755ad1cff77456586aafeca504428   35.26%    9.766MiB / 2GiB       220MB / 183MB     0B / 0B       9
003602e37b49   dev-peer3.org1.example.com-basic_1.0-fed8a62a32b9bc8ca8542427cb2b6a4d823755ad1cff77456586aafeca504428   34.61%    10.85MiB / 2GiB       220MB / 183MB     0B / 0B       9
6640668c08c7   peer3.org1.example.com                                                                                  21.77%    103.2MiB / 11.57GiB   200MB / 578MB     0B / 3.43MB   11
3300305257ae   peer2.org1.example.com                                                                                  19.63%    111.7MiB / 11.57GiB   197MB / 579MB     0B / 3.44MB   11
d682d9a12dd8   peer1.org1.example.com                                                                                  20.28%    91.57MiB / 11.57GiB   197MB / 579MB     0B / 3.43MB   11
e2e6ace26dad   cli                                                                                                     0.00%     1.059MiB / 11.57GiB   109kB / 17.7kB    0B / 336kB    1
1f89ad65cd4c   peer0.org1.example.com                                                                                  14.96%    159.5MiB / 11.57GiB   679MB / 569MB     0B / 3.35MB   13
b67642bca6e1   peer0.org2.example.com                                                                                  2.90%     66.5MiB / 11.57GiB    5.72MB / 2.82MB   0B / 3.37MB   10
f44dcc617cde   couchdb1                                                                                                0.44%     55.63MiB / 11.57GiB   359kB / 335kB     0B / 1.42MB   42
a72317bb1012   orderer.example.com                                                                                     0.12%     19.59MiB / 11.57GiB   264kB / 985kB     0B / 500kB    12
06570e84cacd   couchdb0                                                                                                105.68%   113.7MiB / 11.57GiB   15.8MB / 487MB    0B / 1.42MB   42
64b3d7dc3419   ca_org1                                                                                                 0.00%     7.41MiB / 11.57GiB    46.4kB / 77.8kB   0B / 1.13MB   7
8098c80205e5   ca_org2                                                                                                 0.00%     7.117MiB / 11.57GiB   27.2kB / 35.4kB   0B / 737kB    7
f4bf6573cc65   ca_orderer                                                                                              0.00%     7.109MiB / 11.57GiB   23kB / 27.2kB     0B / 659kB    8
CONTAINER      NAME                                                                                                    CPU %     MEM USAGE / LIMIT     NET I/O           BLOCK I/O     PIDS
d759e481e4ac   dev-peer0.org1.example.com-basic_1.0-fed8a62a32b9bc8ca8542427cb2b6a4d823755ad1cff77456586aafeca504428   0.12%     11.53MiB / 2GiB       221MB / 185MB     0B / 0B       9
564cb404308c   dev-peer0.org2.example.com-basic_1.0-fed8a62a32b9bc8ca8542427cb2b6a4d823755ad1cff77456586aafeca504428   0.00%     5.473MiB / 2GiB       324kB / 382kB     0B / 0B       7
6fbaa2281f37   dev-peer1.org1.example.com-basic_1.0-fed8a62a32b9bc8ca8542427cb2b6a4d823755ad1cff77456586aafeca504428   0.00%     8.734MiB / 2GiB       221MB / 184MB     0B / 0B       9
bb85d2ea2e20   dev-peer2.org1.example.com-basic_1.0-fed8a62a32b9bc8ca8542427cb2b6a4d823755ad1cff77456586aafeca504428   0.00%     8.898MiB / 2GiB       221MB / 184MB     0B / 0B       9
003602e37b49   dev-peer3.org1.example.com-basic_1.0-fed8a62a32b9bc8ca8542427cb2b6a4d823755ad1cff77456586aafeca504428   0.00%     8.473MiB / 2GiB       221MB / 184MB     0B / 0B       9
6640668c08c7   peer3.org1.example.com                                                                                  3.25%     103.2MiB / 11.57GiB   200MB / 581MB     0B / 3.43MB   11
3300305257ae   peer2.org1.example.com                                                                                  3.49%     111.7MiB / 11.57GiB   198MB / 581MB     0B / 3.44MB   11
d682d9a12dd8   peer1.org1.example.com                                                                                  3.34%     91.49MiB / 11.57GiB   198MB / 581MB     0B / 3.43MB   11
e2e6ace26dad   cli                                                                                                     0.00%     1.059MiB / 11.57GiB   109kB / 17.7kB    0B / 336kB    1
1f89ad65cd4c   peer0.org1.example.com                                                                                  3.60%     150.8MiB / 11.57GiB   697MB / 593MB     0B / 3.35MB   13
b67642bca6e1   peer0.org2.example.com                                                                                  2.22%     66.48MiB / 11.57GiB   5.75MB / 2.84MB   0B / 3.37MB   10
f44dcc617cde   couchdb1                                                                                                0.26%     55.63MiB / 11.57GiB   359kB / 335kB     0B / 1.42MB   42
a72317bb1012   orderer.example.com                                                                                     0.41%     19.58MiB / 11.57GiB   266kB / 987kB     0B / 500kB    12
06570e84cacd   couchdb0                                                                                                5.85%     113.6MiB / 11.57GiB   16.2MB / 498MB    0B / 1.42MB   42
64b3d7dc3419   ca_org1                                                                                                 0.00%     7.41MiB / 11.57GiB    46.4kB / 77.8kB   0B / 1.13MB   7
8098c80205e5   ca_org2                                                                                                 0.00%     7.117MiB / 11.57GiB   27.2kB / 35.4kB   0B / 737kB    7
f4bf6573cc65   ca_orderer                                                                                              0.00%     7.109MiB / 11.57GiB   23kB / 27.2kB     0B / 659kB    8
